

                                      E
       EUROPEAN HYDROLOGIC SYSTEM  S  H  E  SYSTEME HYDROLOGIQUE EUROPEEN
                                      S

                                     / \ 
                                     \ / 

                          M I K E   S H E   W M   -   a   DHI   Product
                          =============================================
 
       MIKE SHE version : 2013-Development





       Flow input file : C:\work\SOLProjects\11810549_HydroCast\TestModels\Karup\NoDA\Karup_Forecast.SHE
       -------------------------------------------------------------------------------------------------



 

SZ Model option :
- Distributed

SZ Solver option:
- PCG, transient simulation

UZ option:
- Full Richards solution (Multi-Layer UZ)
================================================================================




 SIMULATION PERIOD : 1975/12/25, 0: 0 - 1979/ 1/ 1, 0: 0 

 Initial conditions from hot file at  : 1975/12/25, 0: 0

   -  Title        : Karup
   -  Description  : Geology from DK model


 COMPONENTS INCLUDED :   ET  UZ(Full Richards)  OC  SZ

 Optional components included:
   SZ drainage
   MIKE 11 coupling


 MODEL SIZE :
 
   No. of points in x-dir                 :    32
   No. of points in y-dir                 :    36
   No. of computational points pr layer   :   522
   No. of internal points (excl.boundary) :   438
   No. of SZ layers                       :     1
   No. of computational points in SZ      :   522
   No. of river links                     :   150
   No. of computational columns in UZ     :    57
   Max. no. of nodes pr UZ column         :   122

   Grid size (m)                          :  1000.00000
   Model origin (lower left corner) (m)   :    493525.15500000        6220425.9620000    
   Map Projection                         : NON-UTM
   Rotation (Counterclockwise, deg.)      :     0.0000000000000    



 END OF FRAME INITIALIZATION

Reading hotstart data at 1975 12 25  0  0
- Basic time step length
- Sz time step length
- Canopy Storage
- Overland Water Depth
- Uz Pressure Head
- Epsilon in UZ
- uz/sz coupling sinks of last UZ time step
- uz/sz coupling sinks of last SZ time step
- SZ Head Elevation



 ENTER  E T  INITIALIZATION
 --------------------------

End of ET initialization


 INIT_M11COUP:
 idstart: 1975 12 25  0  0
 idend  : 1979  1  1  0  0

 Loading the MIKE 11 dll:

 MSHEM11_CREATEM11LINK...
 irc=   0

 Calling MIKE 11 for initialisation: MSHETOM11_INIT_SIMULATION...
 irc=   0, Interface version=  13

- The simulation will use a constant MIKE 11 time step =   120.0000     min.

 Calling MIKE 11 with definition of coupling H-points...
 Ok

 Calling MIKE 11 with definition of coupling Q-points...
 Ok

 Calling MIKE 11 to get initial conditions...
 Ok

 INFO   : MIKE 11 coupling has been initialised
          Name of sim file : C:\work\SOLProjects\11810549_HydroCast\TestModels\Karup\NoDA\MIKE11\karup.sim11
          Name of nwk file : karup.nwk11
          No. of MIKE SHE river links    :   150
          No. of MIKE 11 coupling H-points:    98
  Exit INIT_M11COUP, lok: T

 INFO   : Using gradual drain activation in SZ solver

 INFO   : Using average SZ conductance option.

INFO   : The specific yield of the top SZ layer has been taken from the initial hotstart input
         to maintain a consistent UZ-SZ coupling.



ENTER  U Z  INITIALISATION
--------------------------


End of UZ initialization

Initializing hotstart output...

The following data type(s) will be stored on the hotstart file:
- Basic time step length
- Sz time step length
- Canopy Storage
- Overland Water Depth
- Uz Pressure Head
- Epsilon in UZ
- uz/sz coupling sinks of last UZ time step
- uz/sz coupling sinks of last SZ time step
- SZ Head Elevation



Parallelization info
--------------------
Number of processors  : 4
Max. number of threads: 4
Number of threads allowed by actual license: Unlimited
Setting number of threads for actual application to 4
 





 START OF SIMULATION

 

Initializing SZ boundary data module ...

 ERROR in UZ node 121 in (   11   23): -0.2364716     mm =   1.197324    %, timestep= 240.000 min.


PRINT OF RESULTS OF UZ COMPUTATIONS AT 1976  6 19 20  0   (  1375 STEPS,   4268.000000     HRS) ,  Time step length =   240.0000000     min.

Grid point (   11   23) , Ground level =   40.00 m , Overland water depth =   0.000 m
No.iter.=   25


Node  DEPTH     PSI    frac_THETA_mm     FLUX_mm/dt   S_mm       m/s_KON_mm/dt   CAP     THETAOLD   PSIOLD   ERROR_mm SOIL (no. & name)
 -------------------------------------------------------------------------------------------------------------------------------------
 122  0.025-0.647E+01  0.0811   4.054      -0.9240  0.000000 0.143E-09  0.0021 0.488E-02   3.978-0.677E+01 0.116E-06   1: JB-1
 121  0.075-0.473E+02  0.0367   1.835      -0.8479  0.000000 0.673E-12  0.0000 0.176E-03   1.228-0.143E+03-0.236E+00   1: JB-1
 120  0.125-0.839E+02  0.0297   1.854      -0.0050  0.000000 0.277E-12  0.0000 0.126E-03   1.844-0.851E+02 0.122E-03   1: JB-1
 119  0.200-0.485E+02  0.0363   3.180       0.0045  0.000000 0.105E-11  0.0000 0.275E-03   3.170-0.489E+02 0.258E-03   1: JB-1
 118  0.300-0.231E+02  0.0484   4.843       0.0140  0.000000 0.663E-11  0.0001 0.810E-03   4.817-0.234E+02 0.332E-03   1: JB-1
 117  0.400-0.112E+02  0.0648   6.481       0.0392  0.000000 0.394E-10  0.0006 0.231E-02   6.456-0.113E+02 0.409E-03   1: JB-1
 116  0.500-0.647E+01  0.0811   8.105       0.0635  0.000000 0.153E-09  0.0022 0.511E-02   8.109-0.646E+01-0.402E-04   1: JB-1
 115  0.600-0.468E+01  0.0927   9.270       0.0595  0.000000 0.336E-09  0.0048 0.810E-02   9.279-0.467E+01-0.165E-03   1: JB-1
 114  0.700-0.380E+01  0.1011  13.904       0.0504  0.000000 0.558E-09  0.0080 0.109E-01  13.917-0.379E+01-0.288E-03   1: JB-1
 113  0.875-0.302E+01  0.1113  23.655       0.0383  0.000000 0.978E-09  0.0141 0.151E-01  23.670-0.301E+01-0.350E-03   1: JB-1
 112  1.125-0.246E+01  0.1212  30.312       0.0231  0.000000 0.162E-08  0.0233 0.203E-01  30.327-0.245E+01-0.162E-03   1: JB-1
 111  1.375-0.213E+01  0.1286  32.153       0.0083  0.000000 0.226E-08  0.0326 0.246E-01  32.166-0.213E+01-0.317E-03   1: JB-1
 110  1.625-0.191E+01  0.1345  33.628      -0.0048  0.000000 0.299E-08  0.0431 0.289E-01  33.640-0.191E+01-0.857E-04   1: JB-1
 109  1.875-0.175E+01  0.1395  34.884      -0.0170  0.000000 0.374E-08  0.0538 0.328E-01  34.895-0.175E+01-0.298E-04   1: JB-1
 108  2.125-0.162E+01  0.1441  36.014      -0.0282  0.000000 0.441E-08  0.0636 0.361E-01  36.024-0.162E+01-0.123E-03   1: JB-1
 107  2.375-0.151E+01  0.1484  37.097      -0.0381  0.000000 0.521E-08  0.0750 0.397E-01  37.107-0.151E+01-0.209E-03   1: JB-1
 106  2.625-0.140E+01  0.1529  38.224      -0.0472  0.000000 0.615E-08  0.0886 0.437E-01  38.233-0.140E+01-0.231E-03   1: JB-1
 105  2.875-0.130E+01  0.1580  39.512      -0.0561  0.000000 0.767E-08  0.1104 0.495E-01  39.520-0.129E+01-0.522E-04   1: JB-1
 104  3.125-0.118E+01  0.1644  41.110      -0.0645  0.000000 0.955E-08  0.1375 0.561E-01  41.117-0.117E+01-0.894E-04   1: JB-1
 103  3.375-0.103E+01  0.1731  54.108      -0.0718  0.000000 0.132E-07  0.1908 0.674E-01  54.117-0.103E+01 0.000E+00   1: JB-1
 102  3.750-0.765E+00  0.1952  85.416      -0.0806  0.000000 0.267E-07  0.3843 0.993E-01  85.437-0.764E+00-0.652E-04   1: JB-1
 101  4.250-0.295E+00  0.2739 167.488      -0.1014  0.000000 0.210E-06  3.0196 0.281E+00 167.515-0.294E+00 0.135E-02   1: JB-1
 100  4.750 0.205E+00  0.3949 179.507      -0.1297  0.000000 0.112E-04161.8362 0.110E+00 179.310 0.204E+00 0.000E+00   1: JB-1
                           qbou(mm/dt): -0.1296563    

Level of phreatic surface  HPSI0=    35.455  HSZ=    35.455  (depth=    4.5455m)  SYield=0.21945
 TIMEUZ=  4268.000
==> UZ-restart no.   1 from 1976  6 19 16  0 (   4267.00 hrs), DT= 180.000 min.

 ERROR in UZ node 121 in (   21    9): -0.3913671     mm =   1.981605    %, timestep= 240.000 min.


PRINT OF RESULTS OF UZ COMPUTATIONS AT 1976  7 30 18  0   (  1611 STEPS,   5250.000000     HRS) ,  Time step length =   240.0000000     min.

Grid point (   21    9) , Ground level =   63.77 m , Overland water depth =   0.000 m
No.iter.=   32


Node  DEPTH     PSI    frac_THETA_mm     FLUX_mm/dt   S_mm       m/s_KON_mm/dt   CAP     THETAOLD   PSIOLD   ERROR_mm SOIL (no. & name)
 -------------------------------------------------------------------------------------------------------------------------------------
 122  0.025-0.574E+01  0.0852   4.258      -1.0445  0.051444 0.217E-09  0.0031 0.619E-02   4.388-0.534E+01-0.180E-06   1: JB-1
 121  0.075-0.415E+02  0.0386   1.928      -1.1235  0.000377 0.102E-11  0.0000 0.206E-03   1.209-0.149E+03-0.391E+00   1: JB-1
 120  0.125-0.118E+03  0.0262   1.639      -0.0127  0.002033 0.119E-12  0.0000 0.767E-04   1.628-0.121E+03 0.446E-04   1: JB-1
 119  0.200-0.132E+03  0.0253   2.210      -0.0003  0.001775 0.910E-13  0.0000 0.657E-04   2.211-0.132E+03-0.174E-04   1: JB-1
 118  0.300-0.106E+03  0.0273   2.729       0.0005  0.003956 0.161E-12  0.0000 0.917E-04   2.731-0.106E+03-0.224E-05   1: JB-1
 117  0.400-0.620E+02  0.0331   3.315       0.0024  0.007836 0.596E-12  0.0000 0.197E-03   3.318-0.619E+02-0.175E-04   1: JB-1
 116  0.500-0.322E+02  0.0425   4.254       0.0075  0.010800 0.292E-11  0.0000 0.500E-03   4.256-0.321E+02-0.581E-04   1: JB-1
 115  0.600-0.176E+02  0.0539   5.394       0.0163  0.011682 0.127E-10  0.0002 0.119E-02   5.394-0.176E+02-0.186E-05   1: JB-1
 114  0.700-0.107E+02  0.0660   9.071       0.0279  0.015121 0.441E-10  0.0006 0.246E-02   9.069-0.107E+02 0.389E-04   1: JB-1
 113  0.875-0.591E+01  0.0842  17.889       0.0447  0.019771 0.191E-09  0.0028 0.583E-02  17.888-0.591E+01 0.475E-05   1: JB-1
 112  1.125-0.333E+01  0.1069  26.718       0.0653  0.000000 0.782E-09  0.0113 0.133E-01  26.746-0.332E+01-0.225E-03   1: JB-1
 111  1.375-0.250E+01  0.1203  30.077       0.0381  0.000000 0.153E-08  0.0221 0.196E-01  30.101-0.250E+01-0.598E-03   1: JB-1
 110  1.625-0.212E+01  0.1290  32.239       0.0147  0.000000 0.226E-08  0.0326 0.246E-01  32.258-0.212E+01-0.574E-03   1: JB-1
 109  1.875-0.190E+01  0.1351  33.769      -0.0040  0.000000 0.299E-08  0.0431 0.289E-01  33.786-0.189E+01-0.421E-03   1: JB-1
 108  2.125-0.175E+01  0.1397  34.927      -0.0198  0.000000 0.374E-08  0.0538 0.328E-01  34.940-0.175E+01-0.857E-04   1: JB-1
 107  2.375-0.164E+01  0.1435  35.867      -0.0332  0.000000 0.441E-08  0.0636 0.361E-01  35.877-0.164E+01-0.149E-04   1: JB-1
 106  2.625-0.155E+01  0.1467  36.681      -0.0439  0.000000 0.493E-08  0.0710 0.385E-01  36.690-0.155E+01-0.820E-04   1: JB-1
 105  2.875-0.148E+01  0.1498  37.441      -0.0525  0.000000 0.551E-08  0.0793 0.410E-01  37.448-0.148E+01-0.153E-03   1: JB-1
 104  3.125-0.140E+01  0.1529  38.219      -0.0597  0.000000 0.615E-08  0.0886 0.437E-01  38.227-0.140E+01-0.183E-03   1: JB-1
 103  3.375-0.133E+01  0.1565  48.892      -0.0668  0.000000 0.726E-08  0.1045 0.480E-01  48.900-0.133E+01-0.326E-04   1: JB-1
 102  3.750-0.119E+01  0.1639  71.704      -0.0749  0.000000 0.955E-08  0.1375 0.561E-01  71.712-0.118E+01-0.196E-04   1: JB-1
 101  4.250-0.892E+00  0.1838  91.879      -0.0831  0.000000 0.183E-07  0.2640 0.808E-01  91.885-0.892E+00-0.671E-04   1: JB-1
 100  4.750-0.453E+00  0.2375 198.159      -0.0894  0.000000 0.837E-07  1.2046 0.181E+00 198.181-0.453E+00 0.523E-02   1: JB-1
  99  5.250 0.465E-01  0.3949 117.078      -0.1163  0.000000 0.112E-04161.8362 0.110E+00 117.256 0.469E-01 0.000E+00   1: JB-1
                           qbou(mm/dt): -0.1163049    

Level of phreatic surface  HPSI0=    58.563  HSZ=    58.563  (depth=    5.2035m)  SYield=0.21945
 TIMEUZ=  5250.000
==> UZ-restart no.   1 from 1976  7 30 14  0 (   5249.00 hrs), DT= 180.000 min.

 ERROR in UZ node 121 in (   21    9): -0.2768427     mm =   1.401735    %, timestep= 180.000 min.


PRINT OF RESULTS OF UZ COMPUTATIONS AT 1976  7 30 17  0   (  1611 STEPS,   5249.000001     HRS) ,  Time step length =   180.0000429     min.

Grid point (   21    9) , Ground level =   63.77 m , Overland water depth =   0.000 m
No.iter.=   25


Node  DEPTH     PSI    frac_THETA_mm     FLUX_mm/dt   S_mm       m/s_KON_mm/dt   CAP     THETAOLD   PSIOLD   ERROR_mm SOIL (no. & name)
 -------------------------------------------------------------------------------------------------------------------------------------
 122  0.025-0.604E+01  0.0834   4.170      -0.7179  0.022010 0.206E-09  0.0022 0.603E-02   4.388-0.534E+01 0.335E-07   1: JB-1
 121  0.075-0.469E+02  0.0368   1.840      -0.9147  0.000161 0.746E-12  0.0000 0.177E-03   1.209-0.149E+03-0.277E+00   1: JB-1
 120  0.125-0.119E+03  0.0261   1.634      -0.0067  0.000870 0.115E-12  0.0000 0.755E-04   1.628-0.121E+03 0.868E-04   1: JB-1
 119  0.200-0.132E+03  0.0253   2.210      -0.0002  0.000759 0.910E-13  0.0000 0.657E-04   2.211-0.132E+03-0.570E-05   1: JB-1
 118  0.300-0.106E+03  0.0273   2.730       0.0004  0.001692 0.161E-12  0.0000 0.917E-04   2.731-0.106E+03-0.186E-06   1: JB-1
 117  0.400-0.619E+02  0.0332   3.318       0.0018  0.003353 0.596E-12  0.0000 0.197E-03   3.318-0.619E+02 0.373E-05   1: JB-1
 116  0.500-0.321E+02  0.0426   4.258       0.0056  0.004620 0.292E-11  0.0000 0.500E-03   4.256-0.321E+02 0.633E-04   1: JB-1
 115  0.600-0.176E+02  0.0540   5.398       0.0124  0.004998 0.130E-10  0.0001 0.120E-02   5.394-0.176E+02 0.689E-04   1: JB-1
 114  0.700-0.107E+02  0.0660   9.075       0.0210  0.006469 0.441E-10  0.0005 0.246E-02   9.069-0.107E+02 0.146E-03   1: JB-1
 113  0.875-0.590E+01  0.0842  17.895       0.0334  0.008459 0.191E-09  0.0021 0.583E-02  17.888-0.591E+01 0.633E-04   1: JB-1
 112  1.125-0.332E+01  0.1069  26.725       0.0489  0.000000 0.782E-09  0.0084 0.133E-01  26.746-0.332E+01-0.177E-03   1: JB-1
 111  1.375-0.250E+01  0.1203  30.083       0.0286  0.000000 0.153E-08  0.0165 0.196E-01  30.101-0.250E+01-0.456E-03   1: JB-1
 110  1.625-0.212E+01  0.1290  32.244       0.0110  0.000000 0.226E-08  0.0245 0.246E-01  32.258-0.212E+01-0.436E-03   1: JB-1
 109  1.875-0.190E+01  0.1351  33.774      -0.0030  0.000000 0.299E-08  0.0323 0.289E-01  33.786-0.189E+01-0.320E-03   1: JB-1
 108  2.125-0.175E+01  0.1397  34.930      -0.0148  0.000000 0.374E-08  0.0404 0.328E-01  34.940-0.175E+01-0.671E-04   1: JB-1
 107  2.375-0.164E+01  0.1435  35.869      -0.0249  0.000000 0.441E-08  0.0477 0.361E-01  35.877-0.164E+01-0.112E-04   1: JB-1
 106  2.625-0.155E+01  0.1467  36.684      -0.0330  0.000000 0.493E-08  0.0533 0.385E-01  36.690-0.155E+01-0.596E-04   1: JB-1
 105  2.875-0.148E+01  0.1498  37.442      -0.0394  0.000000 0.551E-08  0.0595 0.410E-01  37.448-0.148E+01-0.119E-03   1: JB-1
 104  3.125-0.140E+01  0.1529  38.221      -0.0448  0.000000 0.615E-08  0.0664 0.437E-01  38.227-0.140E+01-0.134E-03   1: JB-1
 103  3.375-0.133E+01  0.1565  48.894      -0.0501  0.000000 0.726E-08  0.0784 0.480E-01  48.900-0.133E+01-0.233E-04   1: JB-1
 102  3.750-0.118E+01  0.1639  71.706      -0.0562  0.000000 0.955E-08  0.1031 0.561E-01  71.712-0.118E+01-0.130E-04   1: JB-1
 101  4.250-0.892E+00  0.1838  91.880      -0.0623  0.000000 0.183E-07  0.1980 0.808E-01  91.885-0.892E+00-0.447E-04   1: JB-1
 100  4.750-0.453E+00  0.2375 198.161      -0.0670  0.000000 0.837E-07  0.9034 0.181E+00 198.181-0.453E+00 0.470E-02   1: JB-1
  99  5.250 0.465E-01  0.3949 117.078      -0.0912  0.000000 0.112E-04121.3772 0.110E+00 117.256 0.469E-01 0.000E+00   1: JB-1
                           qbou(mm/dt): -0.9117904E-01

Level of phreatic surface  HPSI0=    58.563  HSZ=    58.563  (depth=    5.2035m)  SYield=0.21945
 TIMEUZ=  5249.000
==> UZ-restart no.   2 from 1976  7 30 14  0 (   5248.25 hrs), DT= 135.000 min.

 ERROR in UZ node 121 in (   21    9): -0.1992673     mm =   1.008948    %, timestep= 135.000 min.
==> UZ-restart no.   3 from 1976  7 30 14  0 (   5247.69 hrs), DT= 101.250 min.

 ERROR in UZ node 121 in (   19   26): -0.3422908     mm =   1.733118    %, timestep= 240.000 min.


PRINT OF RESULTS OF UZ COMPUTATIONS AT 1976  8  1 16  0   (  1632 STEPS,   5296.000000     HRS) ,  Time step length =   240.0000000     min.

Grid point (   19   26) , Ground level =   57.79 m , Overland water depth =   0.000 m
No.iter.=   32


Node  DEPTH     PSI    frac_THETA_mm     FLUX_mm/dt   S_mm       m/s_KON_mm/dt   CAP     THETAOLD   PSIOLD   ERROR_mm SOIL (no. & name)
 -------------------------------------------------------------------------------------------------------------------------------------
 122  0.025-0.567E+01  0.0856   4.280      -1.3040  0.000000 0.176E-09  0.0025 0.537E-02   3.994-0.671E+01-0.186E-06   1: JB-1
 121  0.075-0.456E+02  0.0372   1.861      -1.0176  0.000000 0.765E-12  0.0000 0.186E-03   1.198-0.153E+03-0.342E+00   1: JB-1
 120  0.125-0.149E+03  0.0242   1.512      -0.0124  0.000000 0.669E-13  0.0000 0.550E-04   1.499-0.153E+03-0.219E-04   1: JB-1
 119  0.200-0.135E+03  0.0250   2.192       0.0002  0.000000 0.859E-13  0.0000 0.636E-04   2.189-0.135E+03 0.254E-04   1: JB-1
 118  0.300-0.654E+02  0.0325   3.251       0.0029  0.000000 0.503E-12  0.0000 0.178E-03   3.234-0.663E+02 0.376E-03   1: JB-1
 117  0.400-0.239E+02  0.0478   4.779       0.0197  0.000000 0.609E-11  0.0001 0.770E-03   4.755-0.242E+02 0.307E-03   1: JB-1
 116  0.500-0.110E+02  0.0652   6.519       0.0439  0.000000 0.417E-10  0.0006 0.238E-02   6.518-0.110E+02 0.745E-05   1: JB-1
 115  0.600-0.708E+01  0.0781   7.811       0.0451  0.000000 0.122E-09  0.0018 0.447E-02   7.814-0.707E+01-0.626E-04   1: JB-1
 114  0.700-0.537E+01  0.0876  12.042       0.0420  0.000000 0.240E-09  0.0035 0.665E-02  12.048-0.536E+01-0.125E-03   1: JB-1
 113  0.875-0.399E+01  0.0991  21.049       0.0365  0.000000 0.499E-09  0.0072 0.102E-01  21.059-0.399E+01-0.887E-04   1: JB-1
 112  1.125-0.308E+01  0.1103  27.585       0.0271  0.000000 0.925E-09  0.0133 0.146E-01  27.596-0.308E+01-0.263E-03   1: JB-1
 111  1.375-0.259E+01  0.1186  29.648       0.0164  0.000000 0.145E-08  0.0209 0.190E-01  29.659-0.259E+01-0.354E-04   1: JB-1
 110  1.625-0.228E+01  0.1250  31.258       0.0057  0.000000 0.192E-08  0.0276 0.223E-01  31.268-0.228E+01-0.253E-03   1: JB-1
 109  1.875-0.207E+01  0.1303  32.566      -0.0044  0.000000 0.239E-08  0.0345 0.254E-01  32.576-0.207E+01-0.305E-03   1: JB-1
 108  2.125-0.191E+01  0.1347  33.665      -0.0141  0.000000 0.299E-08  0.0431 0.289E-01  33.675-0.191E+01-0.969E-04   1: JB-1
 107  2.375-0.179E+01  0.1384  34.608      -0.0239  0.000000 0.354E-08  0.0509 0.318E-01  34.617-0.179E+01-0.596E-04   1: JB-1
 106  2.625-0.169E+01  0.1417  35.432      -0.0326  0.000000 0.395E-08  0.0569 0.339E-01  35.440-0.169E+01-0.220E-03   1: JB-1
 105  2.875-0.161E+01  0.1447  36.165      -0.0406  0.000000 0.441E-08  0.0636 0.361E-01  36.174-0.161E+01-0.250E-03   1: JB-1
 104  3.125-0.154E+01  0.1473  36.828      -0.0487  0.000000 0.493E-08  0.0710 0.385E-01  36.837-0.154E+01-0.246E-03   1: JB-1
 103  3.375-0.148E+01  0.1497  46.779      -0.0575  0.000000 0.551E-08  0.0793 0.410E-01  46.789-0.148E+01-0.205E-03   1: JB-1
 102  3.750-0.141E+01  0.1529  66.876      -0.0675  0.000000 0.615E-08  0.0886 0.437E-01  66.890-0.140E+01-0.359E-03   1: JB-1
 101  4.250-0.133E+01  0.1565  78.249      -0.0814  0.000000 0.726E-08  0.1045 0.480E-01  78.264-0.133E+01-0.820E-04   1: JB-1
 100  4.750-0.127E+01  0.1596  79.790      -0.0969  0.000000 0.810E-08  0.1166 0.511E-01  79.804-0.126E+01-0.894E-04   1: JB-1
  99  5.250-0.121E+01  0.1623  81.131      -0.1109  0.000000 0.904E-08  0.1302 0.544E-01  81.143-0.121E+01-0.149E-04   1: JB-1
  98  5.750-0.117E+01  0.1645  82.238      -0.1232  0.000000 0.955E-08  0.1375 0.561E-01  82.249-0.117E+01-0.194E-03   1: JB-1
  97  6.250-0.115E+01  0.1661  83.068      -0.1333  0.000000 0.101E-07  0.1452 0.578E-01  83.078-0.115E+01-0.231E-03   1: JB-1
  96  6.750-0.113E+01  0.1673  83.643      -0.1435  0.000000 0.107E-07  0.1534 0.596E-01  83.652-0.113E+01-0.745E-04   1: JB-1
  95  7.250-0.112E+01  0.1676  83.778      -0.1520  0.000000 0.107E-07  0.1534 0.596E-01  83.782-0.112E+01-0.447E-04   1: JB-1
  94  7.750-0.113E+01  0.1670  83.476      -0.1565  0.000000 0.107E-07  0.1534 0.596E-01  83.477-0.113E+01 0.000E+00   1: JB-1
  93  8.250-0.116E+01  0.1654  82.684      -0.1573  0.000000 0.101E-07  0.1452 0.578E-01  82.677-0.116E+01 0.745E-05   1: JB-1
  92  8.750-0.120E+01  0.1629 101.795      -0.1499  0.000000 0.904E-08  0.1302 0.544E-01 101.778-0.120E+01 0.177E-03   1: JB-1
  91  9.500-0.128E+01  0.1586 138.804      -0.1332  0.000000 0.767E-08  0.1104 0.495E-01 138.781-0.128E+01 0.522E-03   1: JB-1
  90 10.500-0.134E+01  0.1558 155.752      -0.1108  0.000000 0.687E-08  0.0989 0.465E-01 155.740-0.134E+01 0.313E-03   1: JB-1
  89 11.500-0.134E+01  0.1557 155.724      -0.0990  0.000000 0.687E-08  0.0989 0.465E-01 155.724-0.134E+01 0.149E-04   1: JB-1
  88 12.500-0.131E+01  0.1573 157.256      -0.0985  0.000000 0.726E-08  0.1045 0.480E-01 157.263-0.131E+01-0.179E-03   1: JB-1
  87 13.500-0.127E+01  0.1595 159.475      -0.1057  0.000000 0.810E-08  0.1166 0.511E-01 159.484-0.127E+01-0.298E-04   1: JB-1
  86 14.500-0.122E+01  0.1617 161.734      -0.1148  0.000000 0.856E-08  0.1232 0.527E-01 161.744-0.122E+01-0.268E-03   1: JB-1
  85 15.500-0.118E+01  0.1639 163.933      -0.1252  0.000000 0.955E-08  0.1375 0.561E-01 163.944-0.118E+01-0.298E-04   1: JB-1
  84 16.500-0.115E+01  0.1660 166.010      -0.1363  0.000000 0.101E-07  0.1452 0.578E-01 166.019-0.115E+01-0.134E-03   1: JB-1
  83 17.500-0.112E+01  0.1679 167.881      -0.1446  0.000000 0.107E-07  0.1534 0.596E-01 167.889-0.112E+01-0.224E-03   1: JB-1
  82 18.500-0.109E+01  0.1697 169.727      -0.1530  0.000000 0.113E-07  0.1620 0.615E-01 169.740-0.109E+01-0.358E-03   1: JB-1
  81 19.500-0.105E+01  0.1720 171.955      -0.1654  0.000000 0.125E-07  0.1807 0.654E-01 171.968-0.105E+01-0.596E-04   1: JB-1
  80 20.500-0.117E+01  0.1648 164.845      -0.1775  0.000000 0.955E-08  0.1375 0.561E-01 164.848-0.117E+01-0.745E-04   1: JB-1
  79 21.500-0.260E+00  0.2841 231.408      -0.1808  0.000000 0.263E-06  3.7912 0.310E+00 231.452-0.260E+00-0.755E-03   1: JB-1
  78 22.500 0.737E+00  0.3950 488.572      -0.2239  0.000000 0.112E-04161.8362 0.110E+00 488.626 0.737E+00 0.000E+00   1: JB-1
                           qbou(mm/dt): -0.2239302    

Level of phreatic surface  HPSI0=    36.031  HSZ=    36.031  (depth=   21.7630m)  SYield=0.21945
 TIMEUZ=  5296.000
==> UZ-restart no.   1 from 1976  8  1 12  0 (   5295.00 hrs), DT= 180.000 min.

 ERROR in UZ node 121 in (   19   26): -0.1995979     mm =   1.010622    %, timestep= 180.000 min.


PRINT OF RESULTS OF UZ COMPUTATIONS AT 1976  8  1 15  0   (  1632 STEPS,   5295.000001     HRS) ,  Time step length =   180.0000429     min.

Grid point (   19   26) , Ground level =   57.79 m , Overland water depth =   0.000 m
No.iter.=   23


Node  DEPTH     PSI    frac_THETA_mm     FLUX_mm/dt   S_mm       m/s_KON_mm/dt   CAP     THETAOLD   PSIOLD   ERROR_mm SOIL (no. & name)
 -------------------------------------------------------------------------------------------------------------------------------------
 122  0.025-0.624E+01  0.0823   4.115      -0.8870  0.000000 0.151E-09  0.0016 0.504E-02   3.994-0.671E+01-0.116E-06   1: JB-1
 121  0.075-0.530E+02  0.0352   1.758      -0.7656  0.000000 0.509E-12  0.0000 0.151E-03   1.198-0.153E+03-0.200E+00   1: JB-1
 120  0.125-0.151E+03  0.0241   1.506      -0.0061  0.000000 0.646E-13  0.0000 0.539E-04   1.499-0.153E+03 0.446E-04   1: JB-1
 119  0.200-0.135E+03  0.0250   2.191       0.0002  0.000000 0.859E-13  0.0000 0.636E-04   2.189-0.135E+03 0.181E-04   1: JB-1
 118  0.300-0.656E+02  0.0325   3.246       0.0022  0.000000 0.503E-12  0.0000 0.178E-03   3.234-0.663E+02 0.249E-03   1: JB-1
 117  0.400-0.240E+02  0.0477   4.773       0.0148  0.000000 0.609E-11  0.0001 0.770E-03   4.755-0.242E+02 0.159E-03   1: JB-1
 116  0.500-0.110E+02  0.0652   6.519       0.0331  0.000000 0.417E-10  0.0004 0.238E-02   6.518-0.110E+02 0.522E-05   1: JB-1
 115  0.600-0.708E+01  0.0781   7.811       0.0338  0.000000 0.122E-09  0.0013 0.447E-02   7.814-0.707E+01-0.507E-04   1: JB-1
 114  0.700-0.537E+01  0.0876  12.044       0.0315  0.000000 0.240E-09  0.0026 0.665E-02  12.048-0.536E+01-0.932E-04   1: JB-1
 113  0.875-0.399E+01  0.0991  21.052       0.0274  0.000000 0.499E-09  0.0054 0.102E-01  21.059-0.399E+01-0.633E-04   1: JB-1
 112  1.125-0.308E+01  0.1104  27.588       0.0203  0.000000 0.925E-09  0.0100 0.146E-01  27.596-0.308E+01-0.196E-03   1: JB-1
 111  1.375-0.259E+01  0.1186  29.651       0.0123  0.000000 0.145E-08  0.0156 0.190E-01  29.659-0.259E+01-0.279E-04   1: JB-1
 110  1.625-0.228E+01  0.1250  31.260       0.0043  0.000000 0.192E-08  0.0207 0.223E-01  31.268-0.228E+01-0.190E-03   1: JB-1
 109  1.875-0.207E+01  0.1303  32.569      -0.0033  0.000000 0.239E-08  0.0259 0.254E-01  32.576-0.207E+01-0.231E-03   1: JB-1
 108  2.125-0.191E+01  0.1347  33.668      -0.0106  0.000000 0.299E-08  0.0323 0.289E-01  33.675-0.191E+01-0.782E-04   1: JB-1
 107  2.375-0.179E+01  0.1384  34.610      -0.0179  0.000000 0.354E-08  0.0382 0.318E-01  34.617-0.179E+01-0.522E-04   1: JB-1
 106  2.625-0.169E+01  0.1417  35.434      -0.0245  0.000000 0.395E-08  0.0427 0.339E-01  35.440-0.169E+01-0.164E-03   1: JB-1
 105  2.875-0.161E+01  0.1447  36.167      -0.0304  0.000000 0.441E-08  0.0477 0.361E-01  36.174-0.161E+01-0.186E-03   1: JB-1
 104  3.125-0.154E+01  0.1473  36.830      -0.0365  0.000000 0.493E-08  0.0533 0.385E-01  36.837-0.154E+01-0.186E-03   1: JB-1
 103  3.375-0.148E+01  0.1497  46.782      -0.0431  0.000000 0.551E-08  0.0595 0.410E-01  46.789-0.148E+01-0.154E-03   1: JB-1
 102  3.750-0.141E+01  0.1529  66.879      -0.0506  0.000000 0.615E-08  0.0664 0.437E-01  66.890-0.140E+01-0.261E-03   1: JB-1
 101  4.250-0.133E+01  0.1565  78.253      -0.0611  0.000000 0.726E-08  0.0784 0.480E-01  78.264-0.133E+01-0.596E-04   1: JB-1
 100  4.750-0.127E+01  0.1596  79.793      -0.0727  0.000000 0.810E-08  0.0875 0.511E-01  79.804-0.126E+01-0.745E-04   1: JB-1
  99  5.250-0.121E+01  0.1623  81.134      -0.0832  0.000000 0.904E-08  0.0976 0.544E-01  81.143-0.121E+01-0.224E-04   1: JB-1
  98  5.750-0.117E+01  0.1645  82.241      -0.0924  0.000000 0.955E-08  0.1031 0.561E-01  82.249-0.117E+01-0.142E-03   1: JB-1
  97  6.250-0.115E+01  0.1661  83.070      -0.1000  0.000000 0.101E-07  0.1089 0.578E-01  83.078-0.115E+01-0.179E-03   1: JB-1
  96  6.750-0.113E+01  0.1673  83.646      -0.1077  0.000000 0.107E-07  0.1150 0.596E-01  83.652-0.113E+01-0.447E-04   1: JB-1
  95  7.250-0.112E+01  0.1676  83.779      -0.1140  0.000000 0.107E-07  0.1150 0.596E-01  83.782-0.112E+01-0.224E-04   1: JB-1
  94  7.750-0.113E+01  0.1670  83.477      -0.1174  0.000000 0.107E-07  0.1150 0.596E-01  83.477-0.113E+01 0.000E+00   1: JB-1
  93  8.250-0.116E+01  0.1654  82.682      -0.1180  0.000000 0.101E-07  0.1089 0.578E-01  82.677-0.116E+01 0.298E-04   1: JB-1
  92  8.750-0.120E+01  0.1629 101.791      -0.1124  0.000000 0.904E-08  0.0976 0.544E-01 101.778-0.120E+01 0.130E-03   1: JB-1
  91  9.500-0.128E+01  0.1586 138.798      -0.0999  0.000000 0.767E-08  0.0828 0.495E-01 138.781-0.128E+01 0.404E-03   1: JB-1
  90 10.500-0.134E+01  0.1557 155.749      -0.0831  0.000000 0.687E-08  0.0742 0.465E-01 155.740-0.134E+01 0.224E-03   1: JB-1
  89 11.500-0.134E+01  0.1557 155.724      -0.0742  0.000000 0.687E-08  0.0742 0.465E-01 155.724-0.134E+01 0.298E-04   1: JB-1
  88 12.500-0.131E+01  0.1573 157.258      -0.0739  0.000000 0.726E-08  0.0784 0.480E-01 157.263-0.131E+01-0.119E-03   1: JB-1
  87 13.500-0.127E+01  0.1595 159.477      -0.0793  0.000000 0.810E-08  0.0875 0.511E-01 159.484-0.127E+01-0.298E-04   1: JB-1
  86 14.500-0.122E+01  0.1617 161.736      -0.0861  0.000000 0.856E-08  0.0924 0.527E-01 161.744-0.122E+01-0.209E-03   1: JB-1
  85 15.500-0.118E+01  0.1639 163.936      -0.0939  0.000000 0.955E-08  0.1031 0.561E-01 163.944-0.118E+01-0.596E-04   1: JB-1
  84 16.500-0.115E+01  0.1660 166.012      -0.1022  0.000000 0.101E-07  0.1089 0.578E-01 166.019-0.115E+01-0.119E-03   1: JB-1
  83 17.500-0.112E+01  0.1679 167.883      -0.1085  0.000000 0.107E-07  0.1150 0.596E-01 167.889-0.112E+01-0.119E-03   1: JB-1
  82 18.500-0.109E+01  0.1697 169.730      -0.1148  0.000000 0.113E-07  0.1215 0.615E-01 169.740-0.109E+01-0.238E-03   1: JB-1
  81 19.500-0.105E+01  0.1720 171.958      -0.1241  0.000000 0.125E-07  0.1355 0.654E-01 171.968-0.105E+01-0.298E-04   1: JB-1
  80 20.500-0.117E+01  0.1648 164.845      -0.1331  0.000000 0.955E-08  0.1031 0.561E-01 164.848-0.117E+01-0.745E-04   1: JB-1
  79 21.500-0.260E+00  0.2841 231.416      -0.1356  0.000000 0.263E-06  2.8434 0.310E+00 231.452-0.260E+00-0.623E-03   1: JB-1
  78 22.500 0.737E+00  0.3950 488.572      -0.1705  0.000000 0.112E-04121.3772 0.110E+00 488.626 0.737E+00 0.000E+00   1: JB-1
                           qbou(mm/dt): -0.1705318    

Level of phreatic surface  HPSI0=    36.031  HSZ=    36.031  (depth=   21.7630m)  SYield=0.21945
 TIMEUZ=  5295.000
==> UZ-restart no.   2 from 1976  8  1 12  0 (   5294.25 hrs), DT= 135.000 min.

 ERROR in UZ node 121 in (   23   23): -0.4331777     mm =   2.193305    %, timestep= 135.000 min.
==> UZ-restart no.   3 from 1976  8  1 12  0 (   5293.69 hrs), DT= 101.250 min.

 ERROR in UZ node 121 in (   23   23): -0.3286479     mm =   1.664040    %, timestep= 101.250 min.
==> UZ-restart no.   4 from 1976  8  1 12  0 (   5293.27 hrs), DT=  75.938 min.

 ERROR in UZ node 121 in (   23   23): -0.2371416     mm =   1.200717    %, timestep=  75.938 min.
==> UZ-restart no.   5 from 1976  8  1 12  0 (   5292.95 hrs), DT=  56.953 min.

 ERROR in UZ node 121 in (   28    6): -0.2903242     mm =   1.469996    %, timestep= 240.000 min.


PRINT OF RESULTS OF UZ COMPUTATIONS AT 1976  8  4  0  0   (  1665 STEPS,   5352.000000     HRS) ,  Time step length =   240.0000000     min.

Grid point (   28    6) , Ground level =   79.66 m , Overland water depth =   0.000 m
No.iter.=   23


Node  DEPTH     PSI    frac_THETA_mm     FLUX_mm/dt   S_mm       m/s_KON_mm/dt   CAP     THETAOLD   PSIOLD   ERROR_mm SOIL (no. & name)
 -------------------------------------------------------------------------------------------------------------------------------------
 122  0.025-0.657E+01  0.0806   4.028      -0.8752  0.119810 0.165E-09  0.0024 0.529E-02   4.217-0.588E+01 0.128E-06   1: JB-1
 121  0.075-0.461E+02  0.0371   1.853      -0.9445  0.000727 0.806E-12  0.0000 0.182E-03   1.212-0.148E+03-0.290E+00   1: JB-1
 120  0.125-0.148E+03  0.0243   1.517      -0.0128  0.000580 0.673E-13  0.0000 0.551E-04   1.504-0.152E+03 0.969E-04   1: JB-1
 119  0.200-0.146E+03  0.0244   2.135       0.0000  0.001425 0.723E-13  0.0000 0.575E-04   2.136-0.145E+03-0.489E-05   1: JB-1
 118  0.300-0.121E+03  0.0260   2.602       0.0003  0.004701 0.114E-12  0.0000 0.751E-04   2.606-0.121E+03-0.218E-04   1: JB-1
 117  0.400-0.762E+02  0.0307   3.072       0.0015  0.011443 0.358E-12  0.0000 0.146E-03   3.080-0.757E+02-0.970E-04   1: JB-1
 116  0.500-0.398E+02  0.0392   3.917       0.0055  0.018870 0.175E-11  0.0000 0.371E-03   3.928-0.396E+02-0.247E-03   1: JB-1
 115  0.600-0.211E+02  0.0502   5.020       0.0138  0.023220 0.855E-11  0.0001 0.940E-03   5.032-0.210E+02-0.641E-04   1: JB-1
 114  0.700-0.123E+02  0.0623   8.563       0.0249  0.032552 0.314E-10  0.0005 0.202E-02   8.580-0.123E+02-0.324E-03   1: JB-1
 113  0.875-0.654E+01  0.0807  17.146       0.0415  0.045098 0.149E-09  0.0021 0.502E-02  17.169-0.652E+01-0.367E-03   1: JB-1
 112  1.125-0.355E+01  0.1040  26.009       0.0640  0.000000 0.660E-09  0.0095 0.120E-01  26.034-0.354E+01-0.561E-03   1: JB-1
 111  1.375-0.263E+01  0.1179  29.482       0.0392  0.000000 0.137E-08  0.0197 0.184E-01  29.504-0.262E+01-0.495E-03   1: JB-1
 110  1.625-0.220E+01  0.1270  31.753       0.0181  0.000000 0.214E-08  0.0308 0.238E-01  31.772-0.220E+01-0.142E-03   1: JB-1
 109  1.875-0.195E+01  0.1335  33.368      -0.0004  0.000000 0.283E-08  0.0408 0.280E-01  33.384-0.195E+01-0.257E-03   1: JB-1
 108  2.125-0.179E+01  0.1383  34.582      -0.0163  0.000000 0.354E-08  0.0509 0.318E-01  34.596-0.179E+01-0.782E-04   1: JB-1
 107  2.375-0.168E+01  0.1422  35.540      -0.0301  0.000000 0.418E-08  0.0601 0.350E-01  35.552-0.167E+01-0.261E-04   1: JB-1
 106  2.625-0.159E+01  0.1453  36.318      -0.0419  0.000000 0.467E-08  0.0672 0.373E-01  36.329-0.159E+01-0.857E-04   1: JB-1
 105  2.875-0.152E+01  0.1479  36.970      -0.0520  0.000000 0.521E-08  0.0750 0.397E-01  36.978-0.152E+01-0.410E-04   1: JB-1
 104  3.125-0.147E+01  0.1501  37.529      -0.0604  0.000000 0.551E-08  0.0793 0.410E-01  37.538-0.147E+01-0.227E-03   1: JB-1
 103  3.375-0.142E+01  0.1521  47.525      -0.0686  0.000000 0.615E-08  0.0886 0.437E-01  47.534-0.142E+01-0.419E-04   1: JB-1
 102  3.750-0.137E+01  0.1547  67.661      -0.0772  0.000000 0.650E-08  0.0936 0.451E-01  67.673-0.137E+01-0.378E-03   1: JB-1
 101  4.250-0.130E+01  0.1577  78.833      -0.0892  0.000000 0.767E-08  0.1104 0.495E-01  78.845-0.130E+01-0.745E-05   1: JB-1
 100  4.750-0.125E+01  0.1604  80.192      -0.1014  0.000000 0.810E-08  0.1166 0.511E-01  80.201-0.125E+01-0.246E-03   1: JB-1
  99  5.250-0.120E+01  0.1631  81.561      -0.1109  0.000000 0.904E-08  0.1302 0.544E-01  81.573-0.120E+01-0.261E-03   1: JB-1
  98  5.750-0.113E+01  0.1671  83.565      -0.1221  0.000000 0.107E-07  0.1534 0.596E-01  83.574-0.113E+01-0.298E-04   1: JB-1
  97  6.250-0.998E+00  0.1757  87.831      -0.1309  0.000000 0.140E-07  0.2014 0.695E-01  87.839-0.998E+00-0.156E-03   1: JB-1
  96  6.750-0.710E+00  0.2009 100.463      -0.1383  0.000000 0.313E-07  0.4507 0.108E+00 100.473-0.710E+00-0.671E-04   1: JB-1
  95  7.250-0.240E+00  0.2908 155.356      -0.1473  0.000000 0.314E-06  4.5255 0.334E+00 155.385-0.240E+00-0.287E-03   1: JB-1
  94  7.750 0.259E+00  0.3949 201.000      -0.1759  0.000000 0.112E-04161.8362 0.110E+00 201.133 0.259E+00 0.000E+00   1: JB-1
                           qbou(mm/dt): -0.1759383    

Level of phreatic surface  HPSI0=    72.166  HSZ=    72.166  (depth=    7.4911m)  SYield=0.21945
 TIMEUZ=  5352.000
==> UZ-restart no.   1 from 1976  8  3 20  0 (   5351.00 hrs), DT= 180.000 min.

 ERROR in UZ node 121 in (   28    6): -0.2066869     mm =   1.046516    %, timestep= 180.000 min.


PRINT OF RESULTS OF UZ COMPUTATIONS AT 1976  8  3 23  0   (  1665 STEPS,   5351.000001     HRS) ,  Time step length =   180.0000429     min.

Grid point (   28    6) , Ground level =   79.66 m , Overland water depth =   0.000 m
No.iter.=   19


Node  DEPTH     PSI    frac_THETA_mm     FLUX_mm/dt   S_mm       m/s_KON_mm/dt   CAP     THETAOLD   PSIOLD   ERROR_mm SOIL (no. & name)
 -------------------------------------------------------------------------------------------------------------------------------------
 122  0.025-0.684E+01  0.0792   3.961      -0.5919  0.073609 0.159E-09  0.0017 0.518E-02   4.217-0.588E+01 0.279E-06   1: JB-1
 121  0.075-0.518E+02  0.0355   1.773      -0.7748  0.000544 0.599E-12  0.0000 0.159E-03   1.212-0.148E+03-0.207E+00   1: JB-1
 120  0.125-0.150E+03  0.0242   1.511      -0.0070  0.000434 0.664E-13  0.0000 0.547E-04   1.504-0.152E+03 0.615E-04   1: JB-1
 119  0.200-0.146E+03  0.0244   2.135       0.0000  0.001065 0.723E-13  0.0000 0.575E-04   2.136-0.145E+03-0.424E-05   1: JB-1
 118  0.300-0.121E+03  0.0260   2.603       0.0002  0.003482 0.114E-12  0.0000 0.751E-04   2.606-0.121E+03-0.170E-04   1: JB-1
 117  0.400-0.761E+02  0.0307   3.074       0.0011  0.008271 0.358E-12  0.0000 0.146E-03   3.080-0.757E+02-0.803E-04   1: JB-1
 116  0.500-0.397E+02  0.0392   3.921       0.0041  0.013112 0.175E-11  0.0000 0.371E-03   3.928-0.396E+02-0.179E-03   1: JB-1
 115  0.600-0.210E+02  0.0503   5.025       0.0104  0.015461 0.855E-11  0.0001 0.940E-03   5.032-0.210E+02-0.458E-04   1: JB-1
 114  0.700-0.123E+02  0.0623   8.571       0.0187  0.020932 0.314E-10  0.0003 0.202E-02   8.580-0.123E+02-0.207E-03   1: JB-1
 113  0.875-0.653E+01  0.0807  17.158       0.0310  0.028098 0.149E-09  0.0016 0.502E-02  17.169-0.652E+01-0.196E-03   1: JB-1
 112  1.125-0.355E+01  0.1041  26.016       0.0478  0.000000 0.660E-09  0.0071 0.120E-01  26.034-0.354E+01-0.425E-03   1: JB-1
 111  1.375-0.263E+01  0.1179  29.487       0.0294  0.000000 0.137E-08  0.0148 0.184E-01  29.504-0.262E+01-0.371E-03   1: JB-1
 110  1.625-0.220E+01  0.1270  31.758       0.0135  0.000000 0.214E-08  0.0231 0.238E-01  31.772-0.220E+01-0.112E-03   1: JB-1
 109  1.875-0.195E+01  0.1335  33.372      -0.0003  0.000000 0.283E-08  0.0306 0.280E-01  33.384-0.195E+01-0.209E-03   1: JB-1
 108  2.125-0.179E+01  0.1383  34.585      -0.0123  0.000000 0.354E-08  0.0382 0.318E-01  34.596-0.179E+01-0.633E-04   1: JB-1
 107  2.375-0.168E+01  0.1422  35.543      -0.0226  0.000000 0.418E-08  0.0451 0.350E-01  35.552-0.167E+01-0.186E-04   1: JB-1
 106  2.625-0.159E+01  0.1453  36.321      -0.0314  0.000000 0.467E-08  0.0504 0.373E-01  36.329-0.159E+01-0.633E-04   1: JB-1
 105  2.875-0.152E+01  0.1479  36.972      -0.0390  0.000000 0.521E-08  0.0563 0.397E-01  36.978-0.152E+01-0.298E-04   1: JB-1
 104  3.125-0.147E+01  0.1501  37.531      -0.0453  0.000000 0.551E-08  0.0595 0.410E-01  37.538-0.147E+01-0.168E-03   1: JB-1
 103  3.375-0.142E+01  0.1521  47.527      -0.0515  0.000000 0.615E-08  0.0664 0.437E-01  47.534-0.142E+01-0.326E-04   1: JB-1
 102  3.750-0.137E+01  0.1547  67.664      -0.0579  0.000000 0.650E-08  0.0702 0.451E-01  67.673-0.137E+01-0.280E-03   1: JB-1
 101  4.250-0.130E+01  0.1577  78.836      -0.0669  0.000000 0.767E-08  0.0828 0.495E-01  78.845-0.130E+01 0.000E+00   1: JB-1
 100  4.750-0.125E+01  0.1604  80.194      -0.0761  0.000000 0.810E-08  0.0875 0.511E-01  80.201-0.125E+01-0.186E-03   1: JB-1
  99  5.250-0.120E+01  0.1631  81.564      -0.0831  0.000000 0.904E-08  0.0976 0.544E-01  81.573-0.120E+01-0.179E-03   1: JB-1
  98  5.750-0.113E+01  0.1671  83.567      -0.0916  0.000000 0.107E-07  0.1150 0.596E-01  83.574-0.113E+01-0.224E-04   1: JB-1
  97  6.250-0.998E+00  0.1757  87.833      -0.0982  0.000000 0.140E-07  0.1511 0.695E-01  87.839-0.998E+00-0.104E-03   1: JB-1
  96  6.750-0.710E+00  0.2009 100.466      -0.1037  0.000000 0.313E-07  0.3380 0.108E+00 100.473-0.710E+00-0.522E-04   1: JB-1
  95  7.250-0.240E+00  0.2908 155.360      -0.1105  0.000000 0.314E-06  3.3941 0.334E+00 155.385-0.240E+00-0.248E-03   1: JB-1
  94  7.750 0.259E+00  0.3949 201.000      -0.1356  0.000000 0.112E-04121.3772 0.110E+00 201.133 0.259E+00 0.000E+00   1: JB-1
                           qbou(mm/dt): -0.1355755    

Level of phreatic surface  HPSI0=    72.166  HSZ=    72.166  (depth=    7.4911m)  SYield=0.21945
 TIMEUZ=  5351.000
==> UZ-restart no.   2 from 1976  8  3 20  0 (   5350.25 hrs), DT= 135.000 min.

 ERROR in UZ node 121 in (    8   22): -0.2276456     mm =   1.152636    %, timestep= 120.000 min.


PRINT OF RESULTS OF UZ COMPUTATIONS AT 1976  9  9  8  0   (  1825 STEPS,   6224.000000     HRS) ,  Time step length =   120.0000000     min.

Grid point (    8   22) , Ground level =   35.06 m , Overland water depth =   0.000 m
No.iter.=   21


Node  DEPTH     PSI    frac_THETA_mm     FLUX_mm/dt   S_mm       m/s_KON_mm/dt   CAP     THETAOLD   PSIOLD   ERROR_mm SOIL (no. & name)
 -------------------------------------------------------------------------------------------------------------------------------------
 122  0.025-0.535E+01  0.0877   4.386      -0.7153  0.000000 0.258E-09  0.0019 0.690E-02   4.492-0.505E+01-0.105E-06   1: JB-1
 121  0.075-0.494E+02  0.0361   1.805      -0.8220  0.000000 0.650E-12  0.0000 0.167E-03   1.214-0.148E+03-0.228E+00   1: JB-1
 120  0.125-0.126E+03  0.0256   1.602      -0.0042  0.000000 0.993E-13  0.0000 0.692E-04   1.595-0.128E+03 0.117E-03   1: JB-1
 119  0.200-0.568E+02  0.0343   2.998       0.0028  0.000000 0.728E-12  0.0000 0.221E-03   2.985-0.574E+02 0.167E-03   1: JB-1
 118  0.300-0.191E+02  0.0522   5.224       0.0155  0.000000 0.107E-10  0.0001 0.107E-02   5.204-0.193E+02 0.110E-03   1: JB-1
 117  0.400-0.829E+01  0.0732   7.319       0.0357  0.000000 0.821E-10  0.0006 0.355E-02   7.299-0.835E+01 0.308E-03   1: JB-1
 116  0.500-0.462E+01  0.0932   9.323       0.0551  0.000000 0.346E-09  0.0025 0.824E-02   9.307-0.464E+01 0.245E-03   1: JB-1
 115  0.600-0.304E+01  0.1110  11.101       0.0706  0.000000 0.978E-09  0.0070 0.151E-01  11.090-0.304E+01 0.529E-04   1: JB-1
 114  0.700-0.221E+01  0.1267  17.424       0.0816  0.000000 0.214E-08  0.0154 0.238E-01  17.420-0.221E+01 0.000E+00   1: JB-1
 113  0.875-0.149E+01  0.1491  31.692       0.0855  0.000000 0.551E-08  0.0397 0.410E-01  31.691-0.149E+01 0.317E-05   1: JB-1
 112  1.125-0.957E+00  0.1787  44.670       0.0866  0.000000 0.156E-07  0.1123 0.738E-01  44.676-0.957E+00-0.522E-04   1: JB-1
 111  1.375-0.611E+00  0.2129  53.214       0.0808  0.000000 0.429E-07  0.3090 0.128E+00  53.224-0.611E+00-0.261E-03   1: JB-1
 110  1.625-0.337E+00  0.2627  65.669       0.0708  0.000000 0.158E-06  1.1393 0.247E+00  65.678-0.336E+00-0.164E-03   1: JB-1
 109  1.875-0.841E-01  0.3578  76.322       0.0616  0.000000 0.164E-05 11.8215 0.517E+00  76.347-0.838E-01-0.592E-04   1: JB-1
 108  2.125 0.166E+00  0.3949 114.958       0.0364  0.000000 0.112E-04 80.9181 0.110E+00 115.160 0.167E+00 0.000E+00   1: JB-1
                           qbou(mm/dt):  0.3636128E-01

Level of phreatic surface  HPSI0=    33.100  HSZ=    33.100  (depth=    1.9589m)  SYield=0.21945
 TIMEUZ=  6224.000
==> UZ-restart no.   1 from 1976  9  9  6  0 (   6223.50 hrs), DT=  90.000 min.

 ERROR in UZ node 121 in (   23    9): -0.5511400     mm =   2.790582    %, timestep= 240.000 min.


PRINT OF RESULTS OF UZ COMPUTATIONS AT 1977  6 29 16  0   (  5533 STEPS,   13264.00000     HRS) ,  Time step length =   240.0000000     min.

Grid point (   23    9) , Ground level =   64.28 m , Overland water depth =   0.000 m
No.iter.=   36


Node  DEPTH     PSI    frac_THETA_mm     FLUX_mm/dt   S_mm       m/s_KON_mm/dt   CAP     THETAOLD   PSIOLD   ERROR_mm SOIL (no. & name)
 -------------------------------------------------------------------------------------------------------------------------------------
 122  0.025-0.510E+01  0.0895   4.473      -1.2669  0.106773 0.305E-09  0.0044 0.749E-02   4.699-0.453E+01 0.000E+00   1: JB-1
 121  0.075-0.364E+02  0.0405   2.027      -1.3864  0.001000 0.160E-11  0.0000 0.245E-03   1.214-0.148E+03-0.551E+00   1: JB-1
 120  0.125-0.120E+03  0.0261   1.631      -0.0207  0.004150 0.115E-12  0.0000 0.753E-04   1.614-0.124E+03-0.976E-04   1: JB-1
 119  0.200-0.957E+02  0.0283   2.475       0.0007  0.011032 0.202E-12  0.0000 0.105E-03   2.485-0.947E+02-0.214E-03   1: JB-1
 118  0.300-0.573E+02  0.0342   3.415       0.0026  0.021996 0.728E-12  0.0000 0.221E-03   3.428-0.567E+02-0.182E-03   1: JB-1
 117  0.400-0.266E+02  0.0458   4.585       0.0123  0.031268 0.486E-11  0.0001 0.674E-03   4.594-0.264E+02-0.440E-04   1: JB-1
 116  0.500-0.127E+02  0.0615   6.154       0.0342  0.034029 0.297E-10  0.0004 0.195E-02   6.162-0.126E+02-0.436E-04   1: JB-1
 115  0.600-0.706E+01  0.0782   7.819       0.0603  0.032261 0.122E-09  0.0018 0.447E-02   7.828-0.704E+01-0.235E-03   1: JB-1
 114  0.700-0.454E+01  0.0939  12.912       0.0833  0.000000 0.356E-09  0.0051 0.838E-02  12.923-0.453E+01-0.330E-03   1: JB-1
 113  0.875-0.305E+01  0.1109  23.560       0.0723  0.000000 0.978E-09  0.0141 0.151E-01  23.584-0.304E+01-0.101E-03   1: JB-1
 112  1.125-0.223E+01  0.1262  31.556       0.0488  0.000000 0.203E-08  0.0292 0.231E-01  31.583-0.223E+01-0.652E-03   1: JB-1
 111  1.375-0.183E+01  0.1370  34.238       0.0228  0.000000 0.334E-08  0.0482 0.308E-01  34.262-0.183E+01-0.112E-03   1: JB-1
 110  1.625-0.159E+01  0.1453  36.324      -0.0013  0.000000 0.467E-08  0.0672 0.373E-01  36.346-0.159E+01-0.205E-03   1: JB-1
 109  1.875-0.142E+01  0.1524  38.106      -0.0235  0.000000 0.615E-08  0.0886 0.437E-01  38.127-0.141E+01-0.220E-03   1: JB-1
 108  2.125-0.127E+01  0.1592  39.805      -0.0440  0.000000 0.810E-08  0.1166 0.511E-01  39.822-0.127E+01-0.298E-04   1: JB-1
 107  2.375-0.114E+01  0.1666  41.645      -0.0610  0.000000 0.101E-07  0.1452 0.578E-01  41.660-0.114E+01-0.425E-03   1: JB-1
 106  2.625-0.998E+00  0.1757  43.922      -0.0759  0.000000 0.140E-07  0.2014 0.695E-01  43.936-0.997E+00-0.291E-03   1: JB-1
 105  2.875-0.835E+00  0.1886  47.151      -0.0893  0.000000 0.215E-07  0.3103 0.883E-01  47.163-0.835E+00-0.894E-04   1: JB-1
 104  3.125-0.643E+00  0.2087  52.183      -0.1006  0.000000 0.386E-07  0.5566 0.121E+00  52.204-0.643E+00-0.425E-03   1: JB-1
 103  3.375-0.424E+00  0.2430  75.944      -0.1213  0.000000 0.972E-07  1.3997 0.196E+00  75.987-0.424E+00-0.829E-03   1: JB-1
 102  3.750-0.524E-01  0.3743  90.659      -0.1640  0.000000 0.268E-05 38.6139 0.510E+00  90.669-0.523E-01 0.145E-02   1: JB-1
 101  4.250 0.447E+00  0.3950 275.199      -0.1755  0.000000 0.112E-04161.8362 0.110E+00 275.260 0.447E+00 0.000E+00   1: JB-1
                           qbou(mm/dt): -0.1754886    

Level of phreatic surface  HPSI0=    60.476  HSZ=    60.476  (depth=    3.8033m)  SYield=0.21945
 TIMEUZ= 13264.000
==> UZ-restart no.   1 from 1977  6 29 12  0 (  13263.00 hrs), DT= 180.000 min.

 ERROR in UZ node 121 in (   23    9): -0.3982618     mm =   2.016516    %, timestep= 180.000 min.


PRINT OF RESULTS OF UZ COMPUTATIONS AT 1977  6 29 15  0   (  5533 STEPS,   13263.00000     HRS) ,  Time step length =   180.0000429     min.

Grid point (   23    9) , Ground level =   64.28 m , Overland water depth =   0.000 m
No.iter.=   28


Node  DEPTH     PSI    frac_THETA_mm     FLUX_mm/dt   S_mm       m/s_KON_mm/dt   CAP     THETAOLD   PSIOLD   ERROR_mm SOIL (no. & name)
 -------------------------------------------------------------------------------------------------------------------------------------
 122  0.025-0.533E+01  0.0879   4.394      -0.8908  0.064465 0.291E-09  0.0031 0.734E-02   4.699-0.453E+01-0.279E-06   1: JB-1
 121  0.075-0.411E+02  0.0387   1.936      -1.1317  0.000678 0.115E-11  0.0000 0.210E-03   1.214-0.148E+03-0.398E+00   1: JB-1
 120  0.125-0.122E+03  0.0260   1.623      -0.0110  0.002797 0.111E-12  0.0000 0.738E-04   1.614-0.124E+03 0.348E-04   1: JB-1
 119  0.200-0.954E+02  0.0283   2.479       0.0006  0.007368 0.202E-12  0.0000 0.105E-03   2.485-0.947E+02-0.164E-03   1: JB-1
 118  0.300-0.570E+02  0.0342   3.420       0.0019  0.014414 0.728E-12  0.0000 0.221E-03   3.428-0.567E+02-0.121E-03   1: JB-1
 117  0.400-0.265E+02  0.0459   4.591       0.0092  0.019857 0.486E-11  0.0001 0.674E-03   4.594-0.264E+02-0.224E-04   1: JB-1
 116  0.500-0.127E+02  0.0616   6.161       0.0256  0.021008 0.297E-10  0.0003 0.195E-02   6.162-0.126E+02-0.108E-04   1: JB-1
 115  0.600-0.705E+01  0.0783   7.826       0.0451  0.019615 0.122E-09  0.0013 0.447E-02   7.828-0.704E+01-0.656E-04   1: JB-1
 114  0.700-0.454E+01  0.0939  12.915       0.0622  0.000000 0.356E-09  0.0038 0.838E-02  12.923-0.453E+01-0.241E-03   1: JB-1
 113  0.875-0.304E+01  0.1109  23.566       0.0542  0.000000 0.978E-09  0.0106 0.151E-01  23.584-0.304E+01-0.792E-04   1: JB-1
 112  1.125-0.223E+01  0.1263  31.563       0.0366  0.000000 0.203E-08  0.0219 0.231E-01  31.583-0.223E+01-0.495E-03   1: JB-1
 111  1.375-0.183E+01  0.1370  34.244       0.0171  0.000000 0.334E-08  0.0361 0.308E-01  34.262-0.183E+01-0.894E-04   1: JB-1
 110  1.625-0.159E+01  0.1453  36.330      -0.0010  0.000000 0.467E-08  0.0504 0.373E-01  36.346-0.159E+01-0.164E-03   1: JB-1
 109  1.875-0.141E+01  0.1524  38.111      -0.0177  0.000000 0.615E-08  0.0664 0.437E-01  38.127-0.141E+01-0.171E-03   1: JB-1
 108  2.125-0.127E+01  0.1592  39.809      -0.0330  0.000000 0.810E-08  0.0875 0.511E-01  39.822-0.127E+01-0.186E-04   1: JB-1
 107  2.375-0.114E+01  0.1666  41.649      -0.0457  0.000000 0.101E-07  0.1089 0.578E-01  41.660-0.114E+01-0.324E-03   1: JB-1
 106  2.625-0.998E+00  0.1757  43.925      -0.0569  0.000000 0.140E-07  0.1511 0.695E-01  43.936-0.997E+00-0.216E-03   1: JB-1
 105  2.875-0.835E+00  0.1886  47.154      -0.0670  0.000000 0.215E-07  0.2327 0.883E-01  47.163-0.835E+00-0.633E-04   1: JB-1
 104  3.125-0.643E+00  0.2088  52.188      -0.0754  0.000000 0.386E-07  0.4174 0.121E+00  52.204-0.643E+00-0.324E-03   1: JB-1
 103  3.375-0.424E+00  0.2430  75.951      -0.0911  0.000000 0.972E-07  1.0497 0.196E+00  75.987-0.424E+00-0.698E-03   1: JB-1
 102  3.750-0.524E-01  0.3743  90.662      -0.1267  0.000000 0.268E-05 28.9604 0.510E+00  90.669-0.523E-01 0.108E-02   1: JB-1
 101  4.250 0.447E+00  0.3950 275.199      -0.1352  0.000000 0.112E-04121.3772 0.110E+00 275.260 0.447E+00 0.000E+00   1: JB-1
                           qbou(mm/dt): -0.1352322    

Level of phreatic surface  HPSI0=    60.476  HSZ=    60.476  (depth=    3.8033m)  SYield=0.21945
 TIMEUZ= 13263.000
==> UZ-restart no.   2 from 1977  6 29 12  0 (  13262.25 hrs), DT= 135.000 min.

 ERROR in UZ node 121 in (   23    9): -0.2882228     mm =   1.459356    %, timestep= 135.000 min.
==> UZ-restart no.   3 from 1977  6 29 12  0 (  13261.69 hrs), DT= 101.250 min.

 ERROR in UZ node 121 in (   23    9): -0.2069211     mm =   1.047702    %, timestep= 101.250 min.
==> UZ-restart no.   4 from 1977  6 29 12  0 (  13261.27 hrs), DT=  75.938 min.

Storing hotstart data at 1978 12 21  0  0 (   26208.00     hrs)



 NORMAL COMPLETION OF MShe_WaterMovement RUN


Simulation ended after    26472.00     hrs ,               13098 time steps.
 

No. of UZ time steps             :     13098
Average time step length         :   2.021   hrs
No. of cumputational columns     :        57
Total no. of iterations          :   1682325
- Average / column / step        :      2.25
- Max. iter exceeded in          :         0   steps
Restart with reduced time step in:         6   steps
- Total no. time step reductions :        16
- Average / restart-step         :      2.67

No. of Overland time steps       :     13312
Average time step length         :   1.98858   hrs. = 119.31490   min. =   7158.894       sec.
Total no. of iterations          :     14514
- Average / step                 :      1.09
- Max. iter exceeded in          : 0 steps.

 INFO   : MIKE 11 coupling terminated normally.
          Total no. of constant MIKE 11 time steps:    13236
          Total MIKE 11 simulation time:   26472.00      hrs

 Calling MIKE 11 with request to terminate normally after   26472.00     hrs of simulation...

 ==> MSHETOM11_NORMALEND ...
 Ok

No. of SZ time steps             :      6549
Average time step length         :   4.042   hrs.
Total no. of iterations          :     13346
- Average / step                 :      2.04
- Max. iter exceeded in          :         0   steps.

ELAPSED TIME USAGE
==================
Function                                Elapsed seconds
-------------------------------------------------------
 Initialization phase                       3.330000    
 Simulation phase (includes others below)   72.89800    
 SZ                                         5.955000    
 UZ + ET                                    17.70500    
 Overland                                   1.338000    
 River                                      31.13200    
 Met. input                                 8.678000    
 Veg. input                                0.3970000    
 Grid series output                        0.4920000    
 Detailed TS output                        0.8280000    

Normal termination.
