 ERRORS AND MESSAGES FROM 64-bit version of MIKE SHE Water Movement. Input file : C:\work\SOLProjects\11810549_HydroCast\TestModels\Karup\ObsModel\Karup_DA.SHE
 ==============================================================================================================================================================
 
 
17:16:05 : INITIALIZATION PHASE
===============================

Opening files...
Print file : C:\work\SOLProjects\11810549_HydroCast\TestModels\Karup\ObsModel\Karup_DA.SHE - Result Files\Karup_DA_WM_Print.log
Fif   file : C:\work\SOLProjects\11810549_HydroCast\TestModels\Karup\ObsModel\Karup_DA.SHE - Result Files\Karup_DA.fif
 
Group:
Frame Data
Size and Specifications
Checks

 WARNING: The specified maximum UZ water balance error in
          one node (fraction) =0.0100 can be expected
          to result in a large number of warnings
          from the UZ solver during the simulation.
          The recommended error limit is 0.02 (2 %).
          NOTE: Using the specified value anyway !
Initializing Hotstart...
 
INFO: Using NEW TS module
Copying to frf file
Vegetation module initialisation
 
 Warning: Crop development of crop Wetland not over when changing crop to Wetland for scheme code 2
 
 Warning: Crop development of crop Wetland not over when changing crop to Wetland for scheme code 2
 
 Warning: Crop development of crop Wetland not over when changing crop to Wetland for scheme code 2
 
 Warning: Crop development of crop Wetland not over when changing crop to Wetland for scheme code 2
 
 Warning: Crop development of crop Wetland not over when changing crop to Wetland for scheme code 2
 
 Warning: Crop development of crop Wetland not over when changing crop to Wetland for scheme code 2
 
 Warning: Crop development of crop Wetland not over when changing crop to Wetland for scheme code 2
 
 Warning: Crop development of crop Wetland not over when changing crop to Wetland for scheme code 2
 
 Warning: Crop development of crop Wetland not over when changing crop to Wetland for scheme code 2
Initializing Met. data...
Memory allocation
Initializations and reference systems
Reading Hotstart data...
 
INFO   : Using specified start time step        :2.00000000000000 hrs
         - less than time step on hotstart file :6.00000000000000 hrs
Initializing components...
ET
Overland
River
MIKE 11 loading...
Processing...
SZ

INFO   : The specific yield of the top SZ layer has been taken from the initial hotstart input
         to maintain a consistent UZ-SZ coupling.
UZ Module
SZ fif-output
 
INFO   : Disabling storing of data type(s) which are not relevant for this simulation:
         - SZ flow to general head boundary
Storing initial conditions...
done



Parallelization info
--------------------
Number of processors  : 4
Max. number of threads: 4
Number of threads allowed by actual license: Unlimited
Setting number of threads for actual application to 4
 
 
 
 
17:16:10 : Start of simulation from 1972/12/25,00:00
====================================================

- further initializations...
- UZ
- Overland
- River
17:16:10 => 1972/12/25,04:00 : Time step: 2.00 hrs, avg: 2.00 hrs; SZ Iter/step: 0, avg: 0.0
17:16:12 => 1973/02/10,08:00 : Time step: 4.34 hrs, avg: 4.32 hrs; SZ Iter/step: 2, avg: 2.0
17:16:14 => 1973/03/18,16:00 : Time step: 2.64 hrs, avg: 3.38 hrs; SZ Iter/step: 2, avg: 2.0
17:16:17 => 1973/05/06,08:00 : Time step: 4.29 hrs, avg: 3.67 hrs; SZ Iter/step: 2, avg: 2.0
17:16:19 => 1973/06/17,06:00 : Time step: 3.01 hrs, avg: 3.49 hrs; SZ Iter/step: 2, avg: 2.0
 
WARNING: Ignoring call to MTimestep_SetReducedTimeStep
         with max time step = 3.93022003668444 hrs
         - not smaller than actual max time step : 3.76904585598550 hrs
17:16:21 => 1973/08/03,16:56 : Time step: 3.50 hrs, avg: 3.49 hrs; SZ Iter/step: 2, avg: 2.0
17:16:23 => 1973/09/18,18:00 : Time step: 3.33 hrs, avg: 3.46 hrs; SZ Iter/step: 2, avg: 2.0
17:16:25 => 1973/10/29,06:00 : Time step: 2.46 hrs, avg: 3.28 hrs; SZ Iter/step: 2, avg: 2.0
17:16:27 => 1973/12/03,04:13 : Time step: 2.28 hrs, avg: 3.14 hrs; SZ Iter/step: 2, avg: 2.0
17:16:29 => 1974/01/04,20:00 : Time step: 2.28 hrs, avg: 3.04 hrs; SZ Iter/step: 2, avg: 2.0
17:16:31 => 1974/02/11,03:46 : Time step: 2.53 hrs, avg: 2.99 hrs; SZ Iter/step: 2, avg: 2.0
17:16:33 => 1974/03/25,14:00 : Time step: 4.14 hrs, avg: 3.07 hrs; SZ Iter/step: 2, avg: 2.0
17:16:35 => 1974/05/17,18:00 : Time step: 5.15 hrs, avg: 3.20 hrs; SZ Iter/step: 2, avg: 2.0
17:16:37 => 1974/07/03,02:00 : Time step: 4.19 hrs, avg: 3.27 hrs; SZ Iter/step: 2, avg: 2.0
17:16:39 => 1974/08/02,12:00 : Time step: 1.85 hrs, avg: 3.14 hrs; SZ Iter/step: 2, avg: 2.0
17:16:41 => 1974/09/10,06:00 : Time step: 2.75 hrs, avg: 3.11 hrs; SZ Iter/step: 2, avg: 2.0
17:16:43 => 1974/10/13,04:00 : Time step: 2.63 hrs, avg: 3.09 hrs; SZ Iter/step: 2, avg: 2.0
17:16:45 => 1974/11/18,17:39 : Time step: 2.52 hrs, avg: 3.05 hrs; SZ Iter/step: 2, avg: 2.0
17:16:47 => 1974/12/22,00:00 : Time step: 2.23 hrs, avg: 3.00 hrs; SZ Iter/step: 2, avg: 2.0
17:16:49 => 1975/01/22,16:00 : Time step: 2.35 hrs, avg: 2.97 hrs; SZ Iter/step: 2, avg: 2.0
17:16:51 => 1975/03/01,16:00 : Time step: 2.68 hrs, avg: 2.95 hrs; SZ Iter/step: 2, avg: 2.0
17:16:53 => 1975/04/09,15:57 : Time step: 2.71 hrs, avg: 2.94 hrs; SZ Iter/step: 2, avg: 2.0
17:16:55 => 1975/05/22,00:00 : Time step: 3.24 hrs, avg: 2.95 hrs; SZ Iter/step: 2, avg: 2.0
17:16:57 => 1975/07/07,18:00 : Time step: 4.19 hrs, avg: 3.00 hrs; SZ Iter/step: 2, avg: 2.0
17:16:59 => 1975/08/19,12:00 : Time step: 3.01 hrs, avg: 3.00 hrs; SZ Iter/step: 2, avg: 2.0
17:17:01 => 1975/09/15,01:23 : Time step: 2.87 hrs, avg: 2.99 hrs; SZ Iter/step: 2, avg: 2.0
17:17:03 => 1975/10/28,18:00 : Time step: 2.66 hrs, avg: 2.98 hrs; SZ Iter/step: 2, avg: 2.0
17:17:05 => 1975/12/08,18:00 : Time step: 2.47 hrs, avg: 2.95 hrs; SZ Iter/step: 2, avg: 2.0
17:17:06 => 1976/01/01,00:00 : Time step: 5.31 hrs, avg: 2.98 hrs; SZ Iter/step: 2, avg: 2.0
 
Termination...

 WARNING: Max. no. UZ flow iterations exceeded in      2 time steps.

 WARNING: Reduction of UZ time step length in   11 time steps
          because of water balance errors.

 WARNING: Evaporation from ponded water on ground surface has been reduced
          in UZ class(es) with less ponded water in transfer point(s)
          than in the corresponding computational point(s).
          Total apriori :  0.7397434     [ catchment mm ]
          Total used    :  0.7299956     [ - - ]  ( 98.68 % of apriori ).
          Please check the applied UZ classification.

          See warnings in the print log file.
17:17:06 : WM Simulation succeeded
