 ERRORS AND MESSAGES FROM 64-bit version of MIKE SHE Water Movement. Input file : C:\work\SOLProjects\11810549_HydroCast\TestModels\Karup\ObsModel\Karup_Forecast.SHE
 ====================================================================================================================================================================
 
 
14:25:44 : INITIALIZATION PHASE
===============================

Opening files...
Print file : C:\work\SOLProjects\11810549_HydroCast\TestModels\Karup\ObsModel\Karup_Forecast.SHE - Result Files\Karup_Forecast_WM_Print.log
Fif   file : C:\work\SOLProjects\11810549_HydroCast\TestModels\Karup\ObsModel\Karup_Forecast.SHE - Result Files\Karup_Forecast.fif
 
Group:
Frame Data
Size and Specifications
Checks

 WARNING: The specified maximum UZ water balance error in
          one node (fraction) =0.0100 can be expected
          to result in a large number of warnings
          from the UZ solver during the simulation.
          The recommended error limit is 0.02 (2 %).
          NOTE: Using the specified value anyway !
Initializing Hotstart...
 
INFO: Using NEW TS module
Copying to frf file
Vegetation module initialisation
 
 Warning: Crop development of crop Wetland not over when changing crop to Wetland for scheme code 2
 
 Warning: Crop development of crop Wetland not over when changing crop to Wetland for scheme code 2
 
 Warning: Crop development of crop Wetland not over when changing crop to Wetland for scheme code 2
 
 Warning: Crop development of crop Wetland not over when changing crop to Wetland for scheme code 2
 
 Warning: Crop development of crop Wetland not over when changing crop to Wetland for scheme code 2
 
 Warning: Crop development of crop Wetland not over when changing crop to Wetland for scheme code 2
 
 Warning: Crop development of crop Wetland not over when changing crop to Wetland for scheme code 2
 
 Warning: Crop development of crop Wetland not over when changing crop to Wetland for scheme code 2
 
 Warning: Crop development of crop Wetland not over when changing crop to Wetland for scheme code 2
Initializing Met. data...
Memory allocation
Initializations and reference systems
Reading Hotstart data...
 
INFO   : Using specified start time step        :2.00000000000000 hrs
         - less than time step on hotstart file :6.00000000000000 hrs
Initializing components...
ET
Overland
River
MIKE 11 loading...
Processing...
SZ

INFO   : The specific yield of the top SZ layer has been taken from the initial hotstart input
         to maintain a consistent UZ-SZ coupling.
UZ Module
SZ fif-output
 
INFO   : Disabling storing of data type(s) which are not relevant for this simulation:
         - SZ flow to general head boundary
Storing initial conditions...
done



Parallelization info
--------------------
Number of processors  : 4
Max. number of threads: 4
Number of threads allowed by actual license: Unlimited
Setting number of threads for actual application to 4
 
 
 
 
14:25:49 : Start of simulation from 1975/12/22,00:00
====================================================

- further initializations...
- UZ
- Overland
- River
14:25:49 => 1975/12/22,04:00 : Time step: 2.00 hrs, avg: 2.00 hrs; SZ Iter/step: 0, avg: 0.0
14:25:51 => 1976/01/27,12:00 : Time step: 2.23 hrs, avg: 2.22 hrs; SZ Iter/step: 2, avg: 2.1
14:25:53 => 1976/03/23,06:00 : Time step: 5.82 hrs, avg: 3.55 hrs; SZ Iter/step: 2, avg: 2.0
14:25:55 => 1976/05/06,03:14 : Time step: 3.46 hrs, avg: 3.53 hrs; SZ Iter/step: 2, avg: 2.1
14:25:57 => 1976/06/23,06:00 : Time step: 3.50 hrs, avg: 3.52 hrs; SZ Iter/step: 2, avg: 2.1
14:25:59 => 1976/08/13,18:00 : Time step: 4.62 hrs, avg: 3.71 hrs; SZ Iter/step: 2, avg: 2.1
14:26:01 => 1976/10/03,23:33 : Time step: 4.37 hrs, avg: 3.81 hrs; SZ Iter/step: 2, avg: 2.1
14:26:03 => 1976/11/07,16:00 : Time step: 2.20 hrs, avg: 3.53 hrs; SZ Iter/step: 2, avg: 2.1
14:26:05 => 1976/12/08,06:00 : Time step: 1.87 hrs, avg: 3.28 hrs; SZ Iter/step: 2, avg: 2.1
14:26:07 => 1977/01/16,06:00 : Time step: 2.35 hrs, avg: 3.16 hrs; SZ Iter/step: 2, avg: 2.1
14:26:09 => 1977/02/19,06:00 : Time step: 1.84 hrs, avg: 2.99 hrs; SZ Iter/step: 2, avg: 2.1
14:26:11 => 1977/03/24,20:00 : Time step: 2.13 hrs, avg: 2.90 hrs; SZ Iter/step: 2, avg: 2.0
14:26:13 => 1977/04/22,23:13 : Time step: 2.19 hrs, avg: 2.84 hrs; SZ Iter/step: 2, avg: 2.0
14:26:15 => 1977/05/30,18:00 : Time step: 2.91 hrs, avg: 2.85 hrs; SZ Iter/step: 2, avg: 2.1
14:26:17 => 1977/06/25,18:00 : Time step: 3.12 hrs, avg: 2.86 hrs; SZ Iter/step: 2, avg: 2.1
14:26:19 => 1977/07/20,17:58 : Time step: 2.62 hrs, avg: 2.85 hrs; SZ Iter/step: 2, avg: 2.0
14:26:21 => 1977/08/28,05:42 : Time step: 2.36 hrs, avg: 2.81 hrs; SZ Iter/step: 2, avg: 2.0
14:26:23 => 1977/10/01,08:00 : Time step: 2.54 hrs, avg: 2.80 hrs; SZ Iter/step: 2, avg: 2.0
14:26:25 => 1977/11/04,02:00 : Time step: 2.31 hrs, avg: 2.77 hrs; SZ Iter/step: 2, avg: 2.0
14:26:27 => 1977/12/04,02:00 : Time step: 1.48 hrs, avg: 2.67 hrs; SZ Iter/step: 2, avg: 2.0
14:26:29 => 1978/01/01,08:00 : Time step: 1.69 hrs, avg: 2.61 hrs; SZ Iter/step: 2, avg: 2.0
14:26:31 => 1978/02/09,00:00 : Time step: 2.04 hrs, avg: 2.58 hrs; SZ Iter/step: 2, avg: 2.0
14:26:33 => 1978/03/15,04:00 : Time step: 1.86 hrs, avg: 2.54 hrs; SZ Iter/step: 2, avg: 2.0
14:26:35 => 1978/04/23,00:00 : Time step: 1.97 hrs, avg: 2.50 hrs; SZ Iter/step: 2, avg: 2.0
14:26:37 => 1978/06/07,16:00 : Time step: 3.56 hrs, avg: 2.54 hrs; SZ Iter/step: 2, avg: 2.0
14:26:39 => 1978/07/10,02:00 : Time step: 1.47 hrs, avg: 2.48 hrs; SZ Iter/step: 2, avg: 2.0
14:26:41 => 1978/08/19,14:00 : Time step: 2.47 hrs, avg: 2.48 hrs; SZ Iter/step: 2, avg: 2.0
14:26:43 => 1978/09/24,14:00 : Time step: 1.89 hrs, avg: 2.45 hrs; SZ Iter/step: 2, avg: 2.1
14:26:45 => 1978/10/21,00:00 : Time step: 1.65 hrs, avg: 2.42 hrs; SZ Iter/step: 2, avg: 2.1
14:26:47 => 1978/11/28,19:54 : Time step: 2.14 hrs, avg: 2.41 hrs; SZ Iter/step: 2, avg: 2.0
14:26:49 => 1979/01/01,00:00 : Time step: 2.64 hrs, avg: 2.42 hrs; SZ Iter/step: 2, avg: 2.0
 
Termination...

 WARNING: Reduction of UZ time step length in    5 time steps
          because of water balance errors.

 WARNING: Evaporation from ponded water on ground surface has been reduced
          in UZ class(es) with less ponded water in transfer point(s)
          than in the corresponding computational point(s).
          Total apriori :  0.6759127     [ catchment mm ]
          Total used    :  0.6669847     [ - - ]  ( 98.68 % of apriori ).
          Please check the applied UZ classification.

          See warnings in the print log file.
14:26:49 : WM Simulation succeeded
