

                                      E
       EUROPEAN HYDROLOGIC SYSTEM  S  H  E  SYSTEME HYDROLOGIQUE EUROPEEN
                                      S

                                     / \ 
                                     \ / 

                          M I K E   S H E   W M   -   a   DHI   Product
                          =============================================
 
       MIKE SHE version : 2013-Development





       Flow input file : C:\work\SOLProjects\11810549_HydroCast\TestModels\Karup\Ensembles\74\Karup.she
       ------------------------------------------------------------------------------------------------



 

SZ Model option :
- Distributed

SZ Solver option:
- PCG, transient simulation

UZ option:
- Full Richards solution (Multi-Layer UZ)
================================================================================




 SIMULATION PERIOD : 1969/12/ 1, 0: 0 - 1973/ 1/ 1, 0: 0 

   -  Title        : Karup
   -  Description  : Geology from DK model


 COMPONENTS INCLUDED :   ET  UZ(Full Richards)  OC  SZ

 Optional components included:
   SZ drainage
   MIKE 11 coupling


 MODEL SIZE :
 
   No. of points in x-dir                 :    32
   No. of points in y-dir                 :    36
   No. of computational points pr layer   :   522
   No. of internal points (excl.boundary) :   438
   No. of SZ layers                       :     1
   No. of computational points in SZ      :   522
   No. of river links                     :   150
   No. of computational columns in UZ     :    57
   Max. no. of nodes pr UZ column         :   122

   Grid size (m)                          :  1000.00000
   Model origin (lower left corner) (m)   :    493525.15500000        6220425.9620000    
   Map Projection                         : NON-UTM
   Rotation (Counterclockwise, deg.)      :     0.0000000000000    



 END OF FRAME INITIALIZATION



 ENTER  E T  INITIALIZATION
 --------------------------

End of ET initialization


 INIT_M11COUP:
 idstart: 1969 12  1  0  0
 idend  : 1973  1  1  0  0

 Loading the MIKE 11 dll:

 MSHEM11_CREATEM11LINK...
 irc=   0

 Calling MIKE 11 for initialisation: MSHETOM11_INIT_SIMULATION...
 irc=   0, Interface version=  13

- The simulation will use a constant MIKE 11 time step =   120.0000     min.

 Calling MIKE 11 with definition of coupling H-points...
 Ok

 Calling MIKE 11 with definition of coupling Q-points...
 Ok

 Calling MIKE 11 to get initial conditions...
 Ok

 INFO   : MIKE 11 coupling has been initialised
          Name of sim file : C:\work\SOLProjects\11810549_HydroCast\TestModels\Karup\Ensembles\74\MIKE11\karup.sim11
          Name of nwk file : karup.nwk11
          No. of MIKE SHE river links    :   150
          No. of MIKE 11 coupling H-points:    98
  Exit INIT_M11COUP, lok: T

 INFO   : Using gradual drain activation in SZ solver

 INFO   : Using average SZ conductance option.



ENTER  U Z  INITIALISATION
--------------------------


End of UZ initialization

Initializing hotstart output...

The following data type(s) will be stored on the hotstart file:
- Basic time step length
- Sz time step length
- Canopy Storage
- Overland Water Depth
- Uz Pressure Head
- Epsilon in UZ
- uz/sz coupling sinks of last UZ time step
- uz/sz coupling sinks of last SZ time step
- SZ Head Elevation



Parallelization info
--------------------
Number of processors  : 4
Max. number of threads: 4
Number of threads allowed by actual license: Unlimited
Setting number of threads for actual application to 4
 





 START OF SIMULATION

 

Initializing SZ boundary data module ...

 ERROR in UZ node 121 in (   19   17): -0.1995180     mm =   1.010218    %, timestep= 240.000 min.


PRINT OF RESULTS OF UZ COMPUTATIONS AT 1970  6 25 12  0   (  1087 STEPS,   4956.000000     HRS) ,  Time step length =   240.0000000     min.

Grid point (   19   17) , Ground level =   44.22 m , Overland water depth =   0.000 m
No.iter.=   14


Node  DEPTH     PSI    frac_THETA_mm     FLUX_mm/dt   S_mm       m/s_KON_mm/dt   CAP     THETAOLD   PSIOLD   ERROR_mm SOIL (no. & name)
 -------------------------------------------------------------------------------------------------------------------------------------
 122  0.025-0.440E+01  0.1286   6.428      -1.3190  0.161548 0.373E-09  0.0054 0.936E-02   6.382-0.450E+01-0.140E-06   1: JB-1
 121  0.075-0.248E+02  0.0730   3.650      -1.1112  0.018695 0.397E-11  0.0001 0.626E-03   2.762-0.595E+02-0.200E+00   1: JB-1
 120  0.125-0.294E+02  0.0691   4.317      -0.0055  0.035017 0.422E-11  0.0001 0.727E-03   4.291-0.300E+02 0.532E-03   1: JB-1
 119  0.200-0.129E+02  0.0902   7.889       0.0548  0.059739 0.305E-10  0.0004 0.225E-02   7.894-0.129E+02-0.359E-04   1: JB-1
 118  0.300-0.595E+01  0.1163  11.634       0.1103  0.068246 0.192E-09  0.0028 0.644E-02  11.642-0.594E+01-0.142E-04   1: JB-1
 117  0.400-0.330E+01  0.1413  14.130       0.1711  0.062373 0.740E-09  0.0107 0.138E-01  14.136-0.330E+01-0.137E-03   1: JB-1
 116  0.500-0.211E+01  0.1636  16.361       0.2274  0.055819 0.216E-08  0.0311 0.253E-01  16.371-0.211E+01-0.104E-04   1: JB-1
 115  0.600-0.147E+01  0.1842  18.416       0.2730  0.049769 0.479E-08  0.0690 0.394E-01  18.424-0.147E+01-0.203E-03   1: JB-1
 114  0.700-0.107E+01  0.2036  27.991       0.3151  0.000000 0.998E-08  0.1437 0.589E-01  28.001-0.107E+01-0.182E-03   1: JB-1
 113  0.875-0.693E+00  0.2327  49.451       0.3047  0.000000 0.264E-07  0.3806 0.990E-01  49.470-0.692E+00-0.196E-03   1: JB-1
 112  1.125-0.366E+00  0.2781  69.515       0.2858  0.000000 0.103E-06  1.4779 0.194E+00  69.541-0.366E+00-0.969E-04   1: JB-1
 111  1.375-0.107E+00  0.3525  83.623       0.2602  0.000000 0.838E-06 12.0600 0.408E+00  83.676-0.106E+00-0.462E-04   1: JB-1
 110  1.625 0.144E+00  0.3949 106.291       0.2064  0.000000 0.965E-05138.9951 0.142E+00 106.675 0.145E+00 0.000E+00   1: JB-1
                           qbou(mm/dt):  0.2064342    

Level of phreatic surface  HPSI0=    42.738  HSZ=    42.738  (depth=    1.4809m)  SYield=0.18698
 TIMEUZ=  4956.000
==> UZ-restart no.   1 from 1970  6 25  8  0 (   4955.00 hrs), DT= 180.000 min.

 ERROR in UZ node 121 in (    8   30): -0.2454389     mm =   1.242728    %, timestep= 180.000 min.


PRINT OF RESULTS OF UZ COMPUTATIONS AT 1970  6 25 11  0   (  1087 STEPS,   4955.000001     HRS) ,  Time step length =   180.0000429     min.

Grid point (    8   30) , Ground level =   22.01 m , Overland water depth =   0.000 m
No.iter.=   16


Node  DEPTH     PSI    frac_THETA_mm     FLUX_mm/dt   S_mm       m/s_KON_mm/dt   CAP     THETAOLD   PSIOLD   ERROR_mm SOIL (no. & name)
 -------------------------------------------------------------------------------------------------------------------------------------
 122  0.025-0.561E+01  0.1186   5.932      -1.3035  0.107937 0.194E-09  0.0021 0.641E-02   5.758-0.614E+01 0.233E-07   1: JB-1
 121  0.075-0.542E+02  0.0569   2.845      -1.0224  0.000761 0.636E-12  0.0000 0.211E-03   2.074-0.151E+03-0.245E+00   1: JB-1
 120  0.125-0.122E+03  0.0442   2.763      -0.0058  0.004412 0.152E-12  0.0000 0.108E-03   2.760-0.123E+03 0.729E-04   1: JB-1
 119  0.200-0.803E+02  0.0503   4.402       0.0017  0.014748 0.422E-12  0.0000 0.194E-03   4.411-0.798E+02-0.365E-04   1: JB-1
 118  0.300-0.357E+02  0.0649   6.494       0.0078  0.030272 0.281E-11  0.0000 0.576E-03   6.504-0.355E+02-0.775E-04   1: JB-1
 117  0.400-0.149E+02  0.0860   8.604       0.0277  0.036769 0.220E-10  0.0002 0.187E-02   8.612-0.149E+02-0.268E-04   1: JB-1
 116  0.500-0.728E+01  0.1089  10.885       0.0571  0.036280 0.118E-09  0.0013 0.488E-02  10.891-0.727E+01-0.358E-04   1: JB-1
 115  0.600-0.421E+01  0.1304  13.040       0.0882  0.033202 0.432E-09  0.0047 0.102E-01  13.046-0.421E+01-0.745E-05   1: JB-1
 114  0.700-0.275E+01  0.1501  20.632       0.1154  0.000000 0.114E-08  0.0123 0.176E-01  20.644-0.275E+01-0.240E-03   1: JB-1
 113  0.875-0.179E+01  0.1727  36.706       0.1038  0.000000 0.314E-08  0.0339 0.311E-01  36.725-0.179E+01-0.120E-03   1: JB-1
 112  1.125-0.119E+01  0.1970  49.259       0.0852  0.000000 0.810E-08  0.0875 0.526E-01  49.285-0.119E+01-0.373E-04   1: JB-1
 111  1.375-0.831E+00  0.2203  55.070       0.0594  0.000000 0.176E-07  0.1901 0.799E-01  55.100-0.830E+00-0.525E-03   1: JB-1
 110  1.625-0.558E+00  0.2480  61.991       0.0296  0.000000 0.414E-07  0.4470 0.125E+00  62.026-0.557E+00-0.782E-03   1: JB-1
 109  1.875-0.309E+00  0.2900  72.504      -0.0049  0.000000 0.141E-06  1.5229 0.224E+00  72.535-0.309E+00-0.283E-03   1: JB-1
 108  2.125-0.600E-01  0.3724  69.642      -0.0359  0.000000 0.164E-05 17.7349 0.439E+00  69.650-0.599E-01 0.533E-04   1: JB-1
 107  2.375 0.190E+00  0.3949 124.332      -0.0437  0.000000 0.965E-05104.2463 0.142E+00 124.270 0.190E+00 0.000E+00   1: JB-1
                           qbou(mm/dt): -0.4368206E-01

Level of phreatic surface  HPSI0=    19.828  HSZ=    19.828  (depth=    2.1852m)  SYield=0.18698
 TIMEUZ=  4955.000
==> UZ-restart no.   2 from 1970  6 25  8  0 (   4954.25 hrs), DT= 135.000 min.

 ERROR in UZ node 121 in (   12   17): -0.2540797     mm =   1.286479    %, timestep= 360.000 min.


PRINT OF RESULTS OF UZ COMPUTATIONS AT 1970  6 29 18  0   (  1115 STEPS,   5058.000000     HRS) ,  Time step length =   360.0000000     min.

Grid point (   12   17) , Ground level =   49.98 m , Overland water depth =   0.000 m
No.iter.=   21


Node  DEPTH     PSI    frac_THETA_mm     FLUX_mm/dt   S_mm       m/s_KON_mm/dt   CAP     THETAOLD   PSIOLD   ERROR_mm SOIL (no. & name)
 -------------------------------------------------------------------------------------------------------------------------------------
 122  0.025-0.645E+01  0.1133   5.664      -0.8583  0.000000 0.188E-09  0.0041 0.631E-02   5.964-0.552E+01 0.000E+00   1: JB-1
 121  0.075-0.346E+02  0.0656   3.281      -1.1578  0.000000 0.181E-11  0.0000 0.381E-03   2.391-0.946E+02-0.254E+00   1: JB-1
 120  0.125-0.591E+02  0.0554   3.460      -0.0139  0.000000 0.809E-12  0.0000 0.282E-03   3.425-0.611E+02 0.643E-03   1: JB-1
 119  0.200-0.301E+02  0.0686   6.004       0.0205  0.000000 0.410E-11  0.0001 0.716E-03   5.974-0.305E+02 0.314E-03   1: JB-1
 118  0.300-0.140E+02  0.0878   8.785       0.0494  0.000000 0.245E-10  0.0005 0.199E-02   8.740-0.142E+02 0.725E-03   1: JB-1
 117  0.400-0.742E+01  0.1082  10.817       0.0934  0.000000 0.109E-09  0.0024 0.466E-02  10.767-0.753E+01 0.901E-03   1: JB-1
 116  0.500-0.450E+01  0.1276  12.762       0.1425  0.000000 0.358E-09  0.0077 0.917E-02  12.716-0.455E+01 0.674E-03   1: JB-1
 115  0.600-0.303E+01  0.1454  14.539       0.1884  0.000000 0.917E-09  0.0198 0.156E-01  14.503-0.305E+01 0.182E-03   1: JB-1
 114  0.700-0.220E+01  0.1614  22.197       0.2242  0.000000 0.194E-08  0.0419 0.238E-01  22.171-0.221E+01 0.861E-04   1: JB-1
 113  0.875-0.145E+01  0.1849  39.295       0.2493  0.000000 0.505E-08  0.1091 0.406E-01  39.307-0.145E+01-0.114E-03   1: JB-1
 112  1.125-0.916E+00  0.2138  53.452       0.2374  0.000000 0.143E-07  0.3097 0.716E-01  53.499-0.913E+00-0.432E-03   1: JB-1
 111  1.375-0.582E+00  0.2449  61.232       0.1901  0.000000 0.384E-07  0.8305 0.120E+00  61.293-0.580E+00-0.842E-03   1: JB-1
 110  1.625-0.315E+00  0.2887  72.185       0.1306  0.000000 0.135E-06  2.9125 0.219E+00  72.247-0.314E+00-0.902E-03   1: JB-1
 109  1.875-0.638E-01  0.3707  70.777       0.0692  0.000000 0.156E-05 33.7982 0.439E+00  70.846-0.628E-01-0.130E-03   1: JB-1
 108  2.125 0.186E+00  0.3949 122.892      -0.0003  0.000000 0.965E-05208.4926 0.142E+00 123.289 0.187E+00 0.000E+00   1: JB-1
                           qbou(mm/dt): -0.2743916E-03

Level of phreatic surface  HPSI0=    48.044  HSZ=    48.044  (depth=    1.9388m)  SYield=0.18698
 TIMEUZ=  5058.000
==> UZ-restart no.   1 from 1970  6 29 12  0 (   5056.50 hrs), DT= 270.000 min.

 ERROR in UZ node 121 in (   12   18): -0.2377594     mm =   1.203845    %, timestep= 270.000 min.


PRINT OF RESULTS OF UZ COMPUTATIONS AT 1970  6 29 16 30   (  1115 STEPS,   5056.500001     HRS) ,  Time step length =   270.0000644     min.

Grid point (   12   18) , Ground level =   49.77 m , Overland water depth =   0.000 m
No.iter.=   24


Node  DEPTH     PSI    frac_THETA_mm     FLUX_mm/dt   S_mm       m/s_KON_mm/dt   CAP     THETAOLD   PSIOLD   ERROR_mm SOIL (no. & name)
 -------------------------------------------------------------------------------------------------------------------------------------
 122  0.025-0.748E+01  0.1079   5.396      -0.5204  0.000000 0.160E-09  0.0026 0.571E-02   5.928-0.562E+01 0.000E+00   1: JB-1
 121  0.075-0.478E+02  0.0592   2.960      -1.0524  0.000000 0.860E-12  0.0000 0.246E-03   2.157-0.132E+03-0.238E+00   1: JB-1
 120  0.125-0.112E+03  0.0455   2.841      -0.0108  0.000000 0.189E-12  0.0000 0.122E-03   2.828-0.113E+03 0.139E-03   1: JB-1
 119  0.200-0.813E+02  0.0501   4.385       0.0019  0.000000 0.400E-12  0.0000 0.189E-03   4.382-0.814E+02 0.284E-04   1: JB-1
 118  0.300-0.487E+02  0.0589   5.886       0.0045  0.000000 0.131E-11  0.0000 0.373E-03   5.875-0.489E+02 0.249E-03   1: JB-1
 117  0.400-0.248E+02  0.0730   7.300       0.0151  0.000000 0.651E-11  0.0001 0.932E-03   7.277-0.250E+02 0.281E-03   1: JB-1
 116  0.500-0.126E+02  0.0909   9.093       0.0379  0.000000 0.322E-10  0.0005 0.233E-02   9.064-0.127E+02 0.157E-03   1: JB-1
 115  0.600-0.713E+01  0.1096  10.961       0.0668  0.000000 0.121E-09  0.0020 0.496E-02  10.934-0.719E+01 0.428E-03   1: JB-1
 114  0.700-0.456E+01  0.1270  17.468       0.0940  0.000000 0.348E-09  0.0056 0.903E-02  17.442-0.458E+01 0.414E-03   1: JB-1
 113  0.875-0.272E+01  0.1507  32.025       0.1196  0.000000 0.120E-08  0.0194 0.182E-01  32.034-0.271E+01-0.253E-04   1: JB-1
 112  1.125-0.172E+01  0.1750  43.750       0.1112  0.000000 0.340E-08  0.0550 0.326E-01  43.776-0.172E+01-0.399E-03   1: JB-1
 111  1.375-0.122E+01  0.1953  48.814       0.0853  0.000000 0.730E-08  0.1182 0.497E-01  48.843-0.122E+01-0.697E-03   1: JB-1
 110  1.625-0.893E+00  0.2154  53.858       0.0573  0.000000 0.151E-07  0.2445 0.736E-01  53.892-0.892E+00-0.339E-03   1: JB-1
 109  1.875-0.628E+00  0.2396  59.903       0.0240  0.000000 0.323E-07  0.5232 0.110E+00  59.949-0.626E+00-0.916E-03   1: JB-1
 108  2.125-0.383E+00  0.2749  68.724      -0.0203  0.000000 0.936E-07  1.5156 0.186E+00  68.787-0.381E+00-0.402E-03   1: JB-1
 107  2.375-0.137E+00  0.3407  93.096      -0.0823  0.000000 0.582E-06  9.4365 0.375E+00  93.161-0.136E+00 0.156E-02   1: JB-1
 106  2.625 0.113E+00  0.3949  93.998      -0.1483  0.000000 0.965E-05156.3695 0.142E+00  94.386 0.114E+00 0.000E+00   1: JB-1
                           qbou(mm/dt): -0.1482619    

Level of phreatic surface  HPSI0=    47.257  HSZ=    47.257  (depth=    2.5120m)  SYield=0.18698
 TIMEUZ=  5056.500
==> UZ-restart no.   2 from 1970  6 29 12  0 (   5055.38 hrs), DT= 202.500 min.

 ERROR in UZ node 121 in (   23    9): -0.2694666     mm =   1.364388    %, timestep= 240.000 min.


PRINT OF RESULTS OF UZ COMPUTATIONS AT 1971  7 16 20  0   (  3766 STEPS,   14228.00000     HRS) ,  Time step length =   240.0000000     min.

Grid point (   23    9) , Ground level =   64.28 m , Overland water depth =   0.000 m
No.iter.=   18


Node  DEPTH     PSI    frac_THETA_mm     FLUX_mm/dt   S_mm       m/s_KON_mm/dt   CAP     THETAOLD   PSIOLD   ERROR_mm SOIL (no. & name)
 -------------------------------------------------------------------------------------------------------------------------------------
 122  0.025-0.471E+01  0.1257   6.286      -1.2913  0.093396 0.325E-09  0.0047 0.864E-02   6.306-0.466E+01-0.309E-06   1: JB-1
 121  0.075-0.305E+02  0.0683   3.415      -1.2181  0.011078 0.241E-11  0.0000 0.454E-03   2.488-0.831E+02-0.269E+00   1: JB-1
 120  0.125-0.504E+02  0.0582   3.639      -0.0105  0.020508 0.125E-11  0.0000 0.362E-03   3.641-0.503E+02-0.135E-04   1: JB-1
 119  0.200-0.324E+02  0.0670   5.862       0.0083  0.032488 0.358E-11  0.0001 0.663E-03   5.897-0.318E+02-0.405E-03   1: JB-1
 118  0.300-0.239E+02  0.0739   7.388       0.0066  0.036167 0.725E-11  0.0001 0.992E-03   7.426-0.235E+02-0.596E-03   1: JB-1
 117  0.400-0.194E+02  0.0791   7.908       0.0061  0.033483 0.118E-10  0.0002 0.131E-02   7.935-0.192E+02-0.437E-03   1: JB-1
 116  0.500-0.142E+02  0.0874   8.736       0.0131  0.030967 0.245E-10  0.0004 0.199E-02   8.747-0.142E+02-0.499E-04   1: JB-1
 115  0.600-0.921E+01  0.1008  10.079       0.0332  0.028354 0.687E-10  0.0010 0.358E-02  10.084-0.919E+01-0.149E-04   1: JB-1
 114  0.700-0.599E+01  0.1161  15.967       0.0563  0.000000 0.182E-09  0.0026 0.624E-02  15.973-0.598E+01-0.167E-03   1: JB-1
 113  0.875-0.398E+01  0.1329  28.241       0.0500  0.000000 0.481E-09  0.0069 0.108E-01  28.251-0.397E+01-0.199E-03   1: JB-1
 112  1.125-0.283E+01  0.1488  37.188       0.0405  0.000000 0.108E-08  0.0155 0.171E-01  37.199-0.282E+01-0.969E-04   1: JB-1
 111  1.375-0.222E+01  0.1610  40.248       0.0298  0.000000 0.184E-08  0.0265 0.231E-01  40.257-0.222E+01-0.257E-03   1: JB-1
 110  1.625-0.182E+01  0.1717  42.931       0.0206  0.000000 0.297E-08  0.0428 0.302E-01  42.940-0.182E+01-0.894E-04   1: JB-1
 109  1.875-0.152E+01  0.1822  45.555       0.0119  0.000000 0.454E-08  0.0654 0.383E-01  45.564-0.152E+01-0.782E-04   1: JB-1
 108  2.125-0.126E+01  0.1936  48.403       0.0038  0.000000 0.692E-08  0.0997 0.483E-01  48.411-0.125E+01-0.153E-03   1: JB-1
 107  2.375-0.101E+01  0.2072  51.808      -0.0036  0.000000 0.111E-07  0.1594 0.623E-01  51.815-0.101E+01-0.186E-03   1: JB-1
 106  2.625-0.774E+00  0.2251  56.286      -0.0103  0.000000 0.205E-07  0.2954 0.867E-01  56.292-0.773E+00-0.119E-03   1: JB-1
 105  2.875-0.532E+00  0.2513  62.832      -0.0163  0.000000 0.457E-07  0.6576 0.131E+00  62.837-0.532E+00-0.127E-03   1: JB-1
 104  3.125-0.286E+00  0.2955  73.864      -0.0217  0.000000 0.161E-06  2.3189 0.237E+00  73.873-0.286E+00-0.149E-03   1: JB-1
 103  3.375-0.361E-01  0.3828  61.951      -0.0305  0.000000 0.260E-05 37.5031 0.423E+00  61.955-0.360E-01 0.950E-03   1: JB-1
 102  3.750 0.339E+00  0.3949 232.519      -0.0361  0.000000 0.965E-05138.9951 0.142E+00 232.545 0.339E+00 0.000E+00   1: JB-1
                           qbou(mm/dt): -0.3608397E-01

Level of phreatic surface  HPSI0=    60.868  HSZ=    60.868  (depth=    3.4112m)  SYield=0.18698
 TIMEUZ= 14228.000
==> UZ-restart no.   1 from 1971  7 16 16  0 (  14227.00 hrs), DT= 180.000 min.

 ERROR in UZ node 121 in (   11   23): -0.2482280     mm =   1.256851    %, timestep= 104.116 min.


PRINT OF RESULTS OF UZ COMPUTATIONS AT 1971  7 25  7 44   (  3813 STEPS,   14431.73527     HRS) ,  Time step length =   104.1161759     min.

Grid point (   11   23) , Ground level =   40.00 m , Overland water depth =   0.000 m
No.iter.=   25


Node  DEPTH     PSI    frac_THETA_mm     FLUX_mm/dt   S_mm       m/s_KON_mm/dt   CAP     THETAOLD   PSIOLD   ERROR_mm SOIL (no. & name)
 -------------------------------------------------------------------------------------------------------------------------------------
 122  0.025-0.281E+01  0.1490   7.451      -1.9624  0.000000 0.809E-09  0.0051 0.140E-01   6.669-0.393E+01 0.000E+00   1: JB-1
 121  0.075-0.260E+02  0.0719   3.595      -1.1801  0.000000 0.366E-11  0.0000 0.590E-03   2.682-0.654E+02-0.248E+00   1: JB-1
 120  0.125-0.104E+03  0.0465   2.906      -0.0188  0.000000 0.219E-12  0.0000 0.133E-03   2.886-0.106E+03 0.365E-03   1: JB-1
 119  0.200-0.817E+02  0.0500   4.379       0.0006  0.000000 0.400E-12  0.0000 0.189E-03   4.375-0.819E+02 0.205E-04   1: JB-1
 118  0.300-0.361E+02  0.0647   6.473       0.0043  0.000000 0.266E-11  0.0000 0.559E-03   6.463-0.362E+02 0.218E-03   1: JB-1
 117  0.400-0.159E+02  0.0843   8.432       0.0134  0.000000 0.187E-10  0.0001 0.171E-02   8.424-0.159E+02 0.589E-04   1: JB-1
 116  0.500-0.871E+01  0.1026  10.263       0.0211  0.000000 0.766E-10  0.0005 0.381E-02  10.263-0.871E+01 0.298E-05   1: JB-1
 115  0.600-0.598E+01  0.1162  11.615       0.0212  0.000000 0.182E-09  0.0011 0.624E-02  11.616-0.598E+01-0.380E-04   1: JB-1
 114  0.700-0.464E+01  0.1263  17.368       0.0199  0.000000 0.330E-09  0.0021 0.875E-02  17.370-0.464E+01-0.615E-04   1: JB-1
 113  0.875-0.347E+01  0.1390  29.546       0.0177  0.000000 0.664E-09  0.0042 0.130E-01  29.550-0.347E+01-0.633E-04   1: JB-1
 112  1.125-0.265E+01  0.1520  37.989       0.0137  0.000000 0.127E-08  0.0079 0.187E-01  37.994-0.265E+01-0.224E-04   1: JB-1
 111  1.375-0.217E+01  0.1621  40.528       0.0090  0.000000 0.194E-08  0.0121 0.238E-01  40.533-0.217E+01-0.108E-03   1: JB-1
 110  1.625-0.185E+01  0.1710  42.749       0.0046  0.000000 0.282E-08  0.0176 0.294E-01  42.753-0.185E+01-0.108E-03   1: JB-1
 109  1.875-0.159E+01  0.1795  44.885       0.0007  0.000000 0.409E-08  0.0255 0.361E-01  44.889-0.159E+01-0.335E-04   1: JB-1
 108  2.125-0.136E+01  0.1885  47.125      -0.0033  0.000000 0.561E-08  0.0350 0.430E-01  47.129-0.136E+01-0.123E-03   1: JB-1
 107  2.375-0.116E+01  0.1987  49.681      -0.0073  0.000000 0.853E-08  0.0533 0.541E-01  49.685-0.116E+01-0.224E-04   1: JB-1
 106  2.625-0.950E+00  0.2113  52.837      -0.0118  0.000000 0.129E-07  0.0808 0.678E-01  52.842-0.950E+00-0.112E-03   1: JB-1
 105  2.875-0.738E+00  0.2283  57.084      -0.0169  0.000000 0.227E-07  0.1419 0.915E-01  57.092-0.738E+00-0.153E-03   1: JB-1
 104  3.125-0.515E+00  0.2536  63.400      -0.0247  0.000000 0.504E-07  0.3145 0.138E+00  63.413-0.515E+00-0.969E-04   1: JB-1
 103  3.375-0.279E+00  0.2972 133.181      -0.0373  0.000000 0.176E-06  1.0979 0.246E+00 133.190-0.278E+00 0.207E-02   1: JB-1
 102  3.750 0.958E-01  0.3949 136.565      -0.0477  0.000000 0.965E-05 60.2985 0.142E+00 136.649 0.960E-01 0.000E+00   1: JB-1
                           qbou(mm/dt): -0.4774009E-01

Level of phreatic surface  HPSI0=    36.346  HSZ=    36.346  (depth=    3.6542m)  SYield=0.18698
 TIMEUZ= 14431.735
==> UZ-restart no.   1 from 1971  7 25  6  0 (  14431.30 hrs), DT=  78.087 min.

Storing hotstart data at 1972 12 25  0  0 (   26880.00     hrs)



 NORMAL COMPLETION OF MShe_WaterMovement RUN


Simulation ended after    27048.00     hrs ,                7948 time steps.
 

No. of UZ time steps             :      7948
Average time step length         :   3.403   hrs
No. of cumputational columns     :        57
Total no. of iterations          :   1134401
- Average / column / step        :      2.50
- Max. iter exceeded in          :         0   steps
Restart with reduced time step in:         4   steps
- Total no. time step reductions :         6
- Average / restart-step         :      1.50

 WARNING: Evaporation from ponded water on ground surface has been reduced
          in UZ class(es) with less ponded water in transfer point(s)
          than in the corresponding computational point(s).
          Total apriori :   1.391769     [ catchment mm ]
          Total used    :   1.371224     [ - - ]  ( 98.52 % of apriori ).
          Please check the applied UZ classification.


 Table of UZ cells where ponding evaporation has been reduced more than 1.00 %,
 sorted after reduction normalised with catchment area,
 i.e. Cell reduction X no. of cells with actual UZ code / no. of catchment cells(   438):

 UZ code    Comp.point  Apriori[cell-mm] Used[cell-mm]  Red.[cell-mm]  No.cells ==> Red.[Catch-mm]
    -44  (    20    11)   14.59953       14.06986      0.5296692             4  0.4837162E-02
    -31  (    16    21)   4.244488       4.105447      0.1390410            14  0.4444232E-02
    -24  (    13    26)   1.639368       1.425496      0.2138726             9  0.4394642E-02
    -19  (    11    27)   5.817114       5.604154      0.2129596             5  0.2431046E-02
     -6  (     3    24)   22.55248       22.07986      0.4726213             2  0.2158088E-02
    -38  (    18    19)   23.77223       23.49484      0.2773855             3  0.1899900E-02
    -45  (    19    17)  0.4175197      0.3990102      0.1850950E-01         9  0.3803322E-03

No. of Overland time steps       :      8140
Average time step length         :   3.32285   hrs. = 199.37101   min. =   11962.26       sec.
Total no. of iterations          :     10141
- Average / step                 :      1.25
- Max. iter exceeded in          : 0 steps.

 INFO   : MIKE 11 coupling terminated normally.
          Total no. of constant MIKE 11 time steps:    13524
          Total MIKE 11 simulation time:   27048.00      hrs

 Calling MIKE 11 with request to terminate normally after   27048.00     hrs of simulation...

 ==> MSHETOM11_NORMALEND ...
 Ok

No. of SZ time steps             :      3974
Average time step length         :   6.806   hrs.
Total no. of iterations          :      8385
- Average / step                 :      2.11
- Max. iter exceeded in          :         0   steps.

ELAPSED TIME USAGE
==================
Function                                Elapsed seconds
-------------------------------------------------------
 Initialization phase                       2.140000    
 Simulation phase (includes others below)   53.33100    
 SZ                                         1.781000    
 UZ + ET                                    6.925000    
 Overland                                  0.4350000    
 River                                      33.41100    
 Met. input                                 5.782000    
 Veg. input                                0.2500000    
 Grid series output                        0.3020000    
 Detailed TS output                        0.4670000    

Normal termination.
