

                                      E
       EUROPEAN HYDROLOGIC SYSTEM  S  H  E  SYSTEME HYDROLOGIQUE EUROPEEN
                                      S

                                     / \ 
                                     \ / 

                          M I K E   S H E   W M   -   a   DHI   Product
                          =============================================
 
       MIKE SHE version : 2013-Development





       Flow input file : C:\work\SOLProjects\11810549_HydroCast\TestModels\Karup\ObsModel\Karup_Forecast.SHE
       -----------------------------------------------------------------------------------------------------



 

SZ Model option :
- Distributed

SZ Solver option:
- PCG, transient simulation

UZ option:
- Full Richards solution (Multi-Layer UZ)
================================================================================




 SIMULATION PERIOD : 1975/12/22, 0: 0 - 1979/ 1/ 1, 0: 0 

 Initial conditions from hot file at  : 1975/12/22, 0: 0

   -  Title        : Karup
   -  Description  : Geology from DK model


 COMPONENTS INCLUDED :   ET  UZ(Full Richards)  OC  SZ

 Optional components included:
   SZ drainage
   MIKE 11 coupling


 MODEL SIZE :
 
   No. of points in x-dir                 :    32
   No. of points in y-dir                 :    36
   No. of computational points pr layer   :   522
   No. of internal points (excl.boundary) :   438
   No. of SZ layers                       :     1
   No. of computational points in SZ      :   522
   No. of river links                     :   150
   No. of computational columns in UZ     :    57
   Max. no. of nodes pr UZ column         :   122

   Grid size (m)                          :  1000.00000
   Model origin (lower left corner) (m)   :    493525.15500000        6220425.9620000    
   Map Projection                         : NON-UTM
   Rotation (Counterclockwise, deg.)      :     0.0000000000000    



 END OF FRAME INITIALIZATION

Reading hotstart data at 1975 12 22  0  0
- Basic time step length
- Sz time step length
- Canopy Storage
- Overland Water Depth
- Uz Pressure Head
- Epsilon in UZ
- uz/sz coupling sinks of last UZ time step
- uz/sz coupling sinks of last SZ time step
- SZ Head Elevation



 ENTER  E T  INITIALIZATION
 --------------------------

End of ET initialization


 INIT_M11COUP:
 idstart: 1975 12 22  0  0
 idend  : 1979  1  1  0  0

 Loading the MIKE 11 dll:

 MSHEM11_CREATEM11LINK...
 irc=   0

 Calling MIKE 11 for initialisation: MSHETOM11_INIT_SIMULATION...
 irc=   0, Interface version=  13

- The simulation will use a constant MIKE 11 time step =   120.0000     min.

 Calling MIKE 11 with definition of coupling H-points...
 Ok

 Calling MIKE 11 with definition of coupling Q-points...
 Ok

 Calling MIKE 11 to get initial conditions...
 Ok

 INFO   : MIKE 11 coupling has been initialised
          Name of sim file : C:\work\SOLProjects\11810549_HydroCast\TestModels\Karup\ObsModel\MIKE11\karup.sim11
          Name of nwk file : karup.nwk11
          No. of MIKE SHE river links    :   150
          No. of MIKE 11 coupling H-points:    98
  Exit INIT_M11COUP, lok: T

 INFO   : Using gradual drain activation in SZ solver

 INFO   : Using average SZ conductance option.

INFO   : The specific yield of the top SZ layer has been taken from the initial hotstart input
         to maintain a consistent UZ-SZ coupling.



ENTER  U Z  INITIALISATION
--------------------------


End of UZ initialization

Initializing hotstart output...

The following data type(s) will be stored on the hotstart file:
- Basic time step length
- Sz time step length
- Canopy Storage
- Overland Water Depth
- Uz Pressure Head
- Epsilon in UZ
- uz/sz coupling sinks of last UZ time step
- uz/sz coupling sinks of last SZ time step
- SZ Head Elevation



Parallelization info
--------------------
Number of processors  : 4
Max. number of threads: 4
Number of threads allowed by actual license: Unlimited
Setting number of threads for actual application to 4
 





 START OF SIMULATION

 

Initializing SZ boundary data module ...

 ERROR in UZ node 121 in (   21    9): -0.2025645     mm =   1.025643    %, timestep= 240.000 min.


PRINT OF RESULTS OF UZ COMPUTATIONS AT 1976  7 30 16  0   (  1446 STEPS,   5320.000000     HRS) ,  Time step length =   240.0000000     min.

Grid point (   21    9) , Ground level =   63.77 m , Overland water depth =   0.000 m
No.iter.=   17


Node  DEPTH     PSI    frac_THETA_mm     FLUX_mm/dt   S_mm       m/s_KON_mm/dt   CAP     THETAOLD   PSIOLD   ERROR_mm SOIL (no. & name)
 -------------------------------------------------------------------------------------------------------------------------------------
 122  0.025-0.617E+01  0.1149   5.747      -1.3194  0.051648 0.144E-09  0.0021 0.537E-02   5.429-0.734E+01-0.698E-07   1: JB-1
 121  0.075-0.518E+02  0.0577   2.885      -0.9496  0.001445 0.696E-12  0.0000 0.228E-03   2.148-0.134E+03-0.203E+00   1: JB-1
 120  0.125-0.125E+03  0.0439   2.743      -0.0089  0.002295 0.144E-12  0.0000 0.105E-03   2.737-0.126E+03 0.129E-03   1: JB-1
 119  0.200-0.127E+03  0.0437   3.820      -0.0001  0.002851 0.144E-12  0.0000 0.104E-03   3.822-0.127E+03-0.424E-05   1: JB-1
 118  0.300-0.966E+02  0.0475   4.751       0.0009  0.006241 0.274E-12  0.0000 0.152E-03   4.755-0.964E+02-0.522E-05   1: JB-1
 117  0.400-0.569E+02  0.0560   5.604       0.0035  0.010195 0.950E-12  0.0000 0.310E-03   5.608-0.567E+02-0.708E-05   1: JB-1
 116  0.500-0.301E+02  0.0686   6.861       0.0097  0.012369 0.410E-11  0.0001 0.716E-03   6.863-0.300E+02-0.566E-04   1: JB-1
 115  0.600-0.168E+02  0.0829   8.285       0.0199  0.012432 0.168E-10  0.0002 0.160E-02   8.286-0.168E+02 0.745E-06   1: JB-1
 114  0.700-0.103E+02  0.0971  13.351       0.0316  0.015530 0.524E-10  0.0008 0.307E-02  13.351-0.103E+02-0.410E-05   1: JB-1
 113  0.875-0.570E+01  0.1180  25.084       0.0467  0.019939 0.203E-09  0.0029 0.664E-02  25.084-0.570E+01 0.222E-04   1: JB-1
 112  1.125-0.317E+01  0.1432  35.791       0.0672  0.000000 0.824E-09  0.0119 0.147E-01  35.820-0.317E+01-0.276E-03   1: JB-1
 111  1.375-0.238E+01  0.1574  39.359       0.0377  0.000000 0.157E-08  0.0226 0.211E-01  39.384-0.237E+01-0.700E-03   1: JB-1
 110  1.625-0.201E+01  0.1664  41.596       0.0137  0.000000 0.240E-08  0.0346 0.268E-01  41.616-0.200E+01-0.130E-03   1: JB-1
 109  1.875-0.179E+01  0.1726  43.146      -0.0059  0.000000 0.314E-08  0.0452 0.311E-01  43.162-0.179E+01-0.522E-04   1: JB-1
 108  2.125-0.165E+01  0.1772  44.301      -0.0215  0.000000 0.368E-08  0.0529 0.340E-01  44.314-0.165E+01-0.276E-03   1: JB-1
 107  2.375-0.155E+01  0.1809  45.216      -0.0342  0.000000 0.431E-08  0.0621 0.372E-01  45.227-0.155E+01-0.101E-03   1: JB-1
 106  2.625-0.147E+01  0.1840  45.990      -0.0446  0.000000 0.479E-08  0.0690 0.394E-01  45.999-0.147E+01-0.194E-03   1: JB-1
 105  2.875-0.140E+01  0.1868  46.694      -0.0530  0.000000 0.532E-08  0.0766 0.418E-01  46.702-0.140E+01-0.171E-03   1: JB-1
 104  3.125-0.134E+01  0.1896  47.389      -0.0604  0.000000 0.591E-08  0.0852 0.443E-01  47.396-0.134E+01-0.145E-03   1: JB-1
 103  3.375-0.128E+01  0.1926  60.174      -0.0667  0.000000 0.657E-08  0.0946 0.469E-01  60.182-0.128E+01-0.196E-03   1: JB-1
 102  3.750-0.116E+01  0.1984  86.817      -0.0742  0.000000 0.832E-08  0.1198 0.534E-01  86.826-0.116E+01-0.124E-03   1: JB-1
 101  4.250-0.924E+00  0.2132 106.610      -0.0828  0.000000 0.136E-07  0.1961 0.697E-01 106.622-0.923E+00-0.291E-03   1: JB-1
 100  4.750-0.530E+00  0.2517 125.827      -0.0939  0.000000 0.480E-07  0.6906 0.134E+00 125.834-0.530E+00 0.000E+00   1: JB-1
  99  5.250-0.320E-01  0.3845 108.849      -0.1005  0.000000 0.287E-05 41.3325 0.415E+00 108.861-0.319E-01 0.201E-04   1: JB-1
  98  5.750 0.467E+00  0.3949 283.322      -0.1129  0.000000 0.965E-05138.9951 0.142E+00 283.392 0.468E+00 0.000E+00   1: JB-1
                           qbou(mm/dt): -0.1128524    

Level of phreatic surface  HPSI0=    58.484  HSZ=    58.484  (depth=    5.2825m)  SYield=0.18698
 TIMEUZ=  5320.000
==> UZ-restart no.   1 from 1976  7 30 12  0 (   5319.00 hrs), DT= 180.000 min.

 ERROR in UZ node 121 in (   23   23): -0.4864048     mm =   2.462809    %, timestep= 240.000 min.


PRINT OF RESULTS OF UZ COMPUTATIONS AT 1976  8  1 16  0   (  1461 STEPS,   5368.000000     HRS) ,  Time step length =   240.0000000     min.

Grid point (   23   23) , Ground level =   61.27 m , Overland water depth =   0.000 m
No.iter.=   29


Node  DEPTH     PSI    frac_THETA_mm     FLUX_mm/dt   S_mm       m/s_KON_mm/dt   CAP     THETAOLD   PSIOLD   ERROR_mm SOIL (no. & name)
 -------------------------------------------------------------------------------------------------------------------------------------
 122  0.025-0.493E+01  0.1238   6.189      -1.5041  0.051854 0.298E-09  0.0043 0.814E-02   6.259-0.477E+01-0.466E-07   1: JB-1
 121  0.075-0.402E+02  0.0625   3.126      -1.5230  0.000945 0.130E-11  0.0000 0.295E-03   2.110-0.142E+03-0.486E+00   1: JB-1
 120  0.125-0.138E+03  0.0426   2.660      -0.0200  0.001141 0.114E-12  0.0000 0.914E-04   2.641-0.142E+03 0.978E-04   1: JB-1
 119  0.200-0.134E+03  0.0429   3.757       0.0001  0.002164 0.122E-12  0.0000 0.952E-04   3.759-0.134E+03-0.362E-04   1: JB-1
 118  0.300-0.104E+03  0.0465   4.647       0.0008  0.005416 0.221E-12  0.0000 0.134E-03   4.650-0.104E+03-0.939E-04   1: JB-1
 117  0.400-0.615E+02  0.0547   5.467       0.0030  0.009600 0.765E-12  0.0000 0.274E-03   5.470-0.614E+02-0.823E-04   1: JB-1
 116  0.500-0.320E+02  0.0672   6.723       0.0090  0.012126 0.349E-11  0.0001 0.652E-03   6.724-0.320E+02-0.536E-04   1: JB-1
 115  0.600-0.175E+02  0.0817   8.170       0.0193  0.012369 0.151E-10  0.0002 0.151E-02   8.170-0.175E+02 0.224E-05   1: JB-1
 114  0.700-0.106E+02  0.0963  13.236       0.0318  0.015519 0.497E-10  0.0007 0.298E-02  13.236-0.106E+02 0.102E-05   1: JB-1
 113  0.875-0.581E+01  0.1173  24.923       0.0478  0.019948 0.203E-09  0.0029 0.664E-02  24.925-0.581E+01-0.792E-05   1: JB-1
 112  1.125-0.326E+01  0.1419  35.484       0.0652  0.000000 0.781E-09  0.0112 0.143E-01  35.510-0.325E+01-0.153E-03   1: JB-1
 111  1.375-0.242E+01  0.1565  39.130       0.0398  0.000000 0.157E-08  0.0226 0.211E-01  39.154-0.242E+01-0.969E-04   1: JB-1
 110  1.625-0.203E+01  0.1659  41.463       0.0158  0.000000 0.228E-08  0.0328 0.261E-01  41.482-0.202E+01-0.518E-03   1: JB-1
 109  1.875-0.180E+01  0.1724  43.095      -0.0036  0.000000 0.305E-08  0.0440 0.307E-01  43.111-0.180E+01-0.231E-03   1: JB-1
 108  2.125-0.165E+01  0.1773  44.314      -0.0197  0.000000 0.368E-08  0.0529 0.340E-01  44.328-0.165E+01-0.320E-03   1: JB-1
 107  2.375-0.155E+01  0.1810  45.262      -0.0334  0.000000 0.431E-08  0.0621 0.372E-01  45.274-0.155E+01-0.220E-03   1: JB-1
 106  2.625-0.147E+01  0.1841  46.036      -0.0447  0.000000 0.479E-08  0.0690 0.394E-01  46.046-0.147E+01-0.250E-03   1: JB-1
 105  2.875-0.141E+01  0.1867  46.684      -0.0546  0.000000 0.532E-08  0.0766 0.418E-01  46.694-0.140E+01-0.224E-03   1: JB-1
 104  3.125-0.135E+01  0.1890  47.243      -0.0643  0.000000 0.591E-08  0.0852 0.443E-01  47.252-0.135E+01-0.596E-04   1: JB-1
 103  3.375-0.131E+01  0.1909  59.670      -0.0723  0.000000 0.623E-08  0.0898 0.456E-01  59.679-0.131E+01-0.205E-03   1: JB-1
 102  3.750-0.126E+01  0.1935  84.643      -0.0813  0.000000 0.692E-08  0.0997 0.483E-01  84.656-0.126E+01-0.228E-03   1: JB-1
 101  4.250-0.120E+01  0.1962  98.110      -0.0937  0.000000 0.769E-08  0.1107 0.511E-01  98.124-0.120E+01-0.149E-03   1: JB-1
 100  4.750-0.116E+01  0.1985  99.232      -0.1069  0.000000 0.853E-08  0.1229 0.541E-01  99.244-0.116E+01-0.745E-05   1: JB-1
  99  5.250-0.113E+01  0.2002 100.092      -0.1183  0.000000 0.899E-08  0.1295 0.557E-01 100.099-0.113E+01-0.298E-04   1: JB-1
  98  5.750-0.111E+01  0.2012 100.581      -0.1250  0.000000 0.899E-08  0.1295 0.557E-01 100.587-0.111E+01-0.164E-03   1: JB-1
  97  6.250-0.111E+01  0.2016 100.796      -0.1309  0.000000 0.947E-08  0.1364 0.573E-01 100.801-0.110E+01-0.224E-04   1: JB-1
  96  6.750-0.111E+01  0.2011 100.563      -0.1351  0.000000 0.899E-08  0.1295 0.557E-01 100.561-0.111E+01 0.298E-04   1: JB-1
  95  7.250-0.114E+01  0.1995  99.762      -0.1334  0.000000 0.853E-08  0.1229 0.541E-01  99.758-0.114E+01 0.745E-04   1: JB-1
  94  7.750-0.118E+01  0.1973  98.659      -0.1295  0.000000 0.810E-08  0.1166 0.526E-01  98.652-0.118E+01 0.373E-04   1: JB-1
  93  8.250-0.123E+01  0.1948  97.400      -0.1217  0.000000 0.730E-08  0.1051 0.497E-01  97.388-0.123E+01 0.127E-03   1: JB-1
  92  8.750-0.128E+01  0.1924 120.247      -0.1096  0.000000 0.657E-08  0.0946 0.469E-01 120.234-0.128E+01 0.317E-03   1: JB-1
  91  9.500-0.132E+01  0.1906 166.735      -0.0970  0.000000 0.623E-08  0.0898 0.456E-01 166.727-0.132E+01 0.104E-03   1: JB-1
  90 10.500-0.131E+01  0.1910 190.979      -0.0889  0.000000 0.623E-08  0.0898 0.456E-01 190.981-0.131E+01-0.298E-04   1: JB-1
  89 11.500-0.127E+01  0.1929 192.896      -0.0909  0.000000 0.692E-08  0.0997 0.483E-01 192.903-0.127E+01 0.000E+00   1: JB-1
  88 12.500-0.122E+01  0.1954 195.366      -0.0973  0.000000 0.730E-08  0.1051 0.497E-01 195.374-0.122E+01-0.224E-03   1: JB-1
  87 13.500-0.117E+01  0.1977 197.731      -0.1058  0.000000 0.810E-08  0.1166 0.526E-01 197.741-0.117E+01-0.179E-03   1: JB-1
  86 14.500-0.120E+01  0.1966 196.591      -0.1161  0.000000 0.769E-08  0.1107 0.511E-01 196.602-0.120E+01-0.238E-03   1: JB-1
  85 15.500-0.319E+00  0.2877 253.704      -0.1262  0.000000 0.135E-06  1.9417 0.219E+00 253.747-0.319E+00-0.116E-03   1: JB-1
  84 16.500 0.678E+00  0.3950 465.358      -0.1694  0.000000 0.965E-05138.9951 0.142E+00 465.618 0.679E+00 0.000E+00   1: JB-1
                           qbou(mm/dt): -0.1693705    

Level of phreatic surface  HPSI0=    45.450  HSZ=    45.450  (depth=   15.8218m)  SYield=0.18698
 TIMEUZ=  5368.000
==> UZ-restart no.   1 from 1976  8  1 12  0 (   5367.00 hrs), DT= 180.000 min.

 ERROR in UZ node 121 in (   23   23): -0.3341500     mm =   1.691898    %, timestep= 180.000 min.


PRINT OF RESULTS OF UZ COMPUTATIONS AT 1976  8  1 15  0   (  1461 STEPS,   5367.000001     HRS) ,  Time step length =   180.0000429     min.

Grid point (   23   23) , Ground level =   61.27 m , Overland water depth =   0.000 m
No.iter.=   21


Node  DEPTH     PSI    frac_THETA_mm     FLUX_mm/dt   S_mm       m/s_KON_mm/dt   CAP     THETAOLD   PSIOLD   ERROR_mm SOIL (no. & name)
 -------------------------------------------------------------------------------------------------------------------------------------
 122  0.025-0.524E+01  0.1214   6.068      -1.0617  0.022266 0.278E-09  0.0030 0.788E-02   6.259-0.477E+01-0.218E-07   1: JB-1
 121  0.075-0.460E+02  0.0599   2.996      -1.2308  0.000406 0.957E-12  0.0000 0.253E-03   2.110-0.142E+03-0.334E+00   1: JB-1
 120  0.125-0.140E+03  0.0424   2.651      -0.0108  0.000490 0.111E-12  0.0000 0.902E-04   2.641-0.142E+03 0.133E-03   1: JB-1
 119  0.200-0.134E+03  0.0430   3.758       0.0001  0.000929 0.122E-12  0.0000 0.952E-04   3.759-0.134E+03-0.111E-04   1: JB-1
 118  0.300-0.104E+03  0.0465   4.649       0.0006  0.002326 0.221E-12  0.0000 0.134E-03   4.650-0.104E+03-0.197E-04   1: JB-1
 117  0.400-0.614E+02  0.0547   5.471       0.0022  0.004122 0.765E-12  0.0000 0.274E-03   5.470-0.614E+02 0.130E-04   1: JB-1
 116  0.500-0.320E+02  0.0673   6.727       0.0069  0.005207 0.358E-11  0.0000 0.663E-03   6.724-0.320E+02 0.380E-04   1: JB-1
 115  0.600-0.175E+02  0.0817   8.174       0.0145  0.005311 0.151E-10  0.0002 0.151E-02   8.170-0.175E+02 0.179E-04   1: JB-1
 114  0.700-0.106E+02  0.0963  13.241       0.0238  0.006664 0.497E-10  0.0005 0.298E-02  13.236-0.106E+02 0.615E-05   1: JB-1
 113  0.875-0.580E+01  0.1173  24.930       0.0358  0.008566 0.203E-09  0.0022 0.664E-02  24.925-0.581E+01 0.950E-05   1: JB-1
 112  1.125-0.326E+01  0.1420  35.490       0.0488  0.000000 0.781E-09  0.0084 0.143E-01  35.510-0.325E+01-0.123E-03   1: JB-1
 111  1.375-0.242E+01  0.1565  39.136       0.0298  0.000000 0.157E-08  0.0169 0.211E-01  39.154-0.242E+01-0.745E-04   1: JB-1
 110  1.625-0.203E+01  0.1659  41.468       0.0118  0.000000 0.228E-08  0.0246 0.261E-01  41.482-0.202E+01-0.387E-03   1: JB-1
 109  1.875-0.180E+01  0.1724  43.099      -0.0027  0.000000 0.305E-08  0.0330 0.307E-01  43.111-0.180E+01-0.171E-03   1: JB-1
 108  2.125-0.165E+01  0.1773  44.317      -0.0148  0.000000 0.368E-08  0.0397 0.340E-01  44.328-0.165E+01-0.242E-03   1: JB-1
 107  2.375-0.155E+01  0.1811  45.265      -0.0251  0.000000 0.431E-08  0.0465 0.372E-01  45.274-0.155E+01-0.168E-03   1: JB-1
 106  2.625-0.147E+01  0.1842  46.038      -0.0336  0.000000 0.479E-08  0.0517 0.394E-01  46.046-0.147E+01-0.194E-03   1: JB-1
 105  2.875-0.141E+01  0.1867  46.686      -0.0410  0.000000 0.532E-08  0.0575 0.418E-01  46.694-0.140E+01-0.164E-03   1: JB-1
 104  3.125-0.135E+01  0.1890  47.245      -0.0482  0.000000 0.591E-08  0.0639 0.443E-01  47.252-0.135E+01-0.447E-04   1: JB-1
 103  3.375-0.131E+01  0.1910  59.672      -0.0543  0.000000 0.623E-08  0.0673 0.456E-01  59.679-0.131E+01-0.163E-03   1: JB-1
 102  3.750-0.126E+01  0.1935  84.646      -0.0610  0.000000 0.692E-08  0.0748 0.483E-01  84.656-0.126E+01-0.170E-03   1: JB-1
 101  4.250-0.120E+01  0.1962  98.114      -0.0703  0.000000 0.769E-08  0.0830 0.511E-01  98.124-0.120E+01-0.112E-03   1: JB-1
 100  4.750-0.116E+01  0.1985  99.235      -0.0802  0.000000 0.853E-08  0.0922 0.541E-01  99.244-0.116E+01-0.745E-05   1: JB-1
  99  5.250-0.113E+01  0.2002 100.094      -0.0887  0.000000 0.899E-08  0.0971 0.557E-01 100.099-0.113E+01-0.373E-04   1: JB-1
  98  5.750-0.111E+01  0.2012 100.583      -0.0938  0.000000 0.899E-08  0.0971 0.557E-01 100.587-0.111E+01-0.119E-03   1: JB-1
  97  6.250-0.111E+01  0.2016 100.797      -0.0982  0.000000 0.947E-08  0.1023 0.573E-01 100.801-0.110E+01-0.149E-04   1: JB-1
  96  6.750-0.111E+01  0.2011 100.562      -0.1013  0.000000 0.899E-08  0.0971 0.557E-01 100.561-0.111E+01 0.149E-04   1: JB-1
  95  7.250-0.114E+01  0.1995  99.761      -0.1000  0.000000 0.853E-08  0.0922 0.541E-01  99.758-0.114E+01 0.522E-04   1: JB-1
  94  7.750-0.118E+01  0.1973  98.657      -0.0972  0.000000 0.810E-08  0.0875 0.526E-01  98.652-0.118E+01 0.149E-04   1: JB-1
  93  8.250-0.123E+01  0.1948  97.397      -0.0913  0.000000 0.730E-08  0.0788 0.497E-01  97.388-0.123E+01 0.104E-03   1: JB-1
  92  8.750-0.128E+01  0.1924 120.244      -0.0822  0.000000 0.657E-08  0.0709 0.469E-01 120.234-0.128E+01 0.233E-03   1: JB-1
  91  9.500-0.132E+01  0.1906 166.733      -0.0727  0.000000 0.623E-08  0.0673 0.456E-01 166.727-0.132E+01 0.782E-04   1: JB-1
  90 10.500-0.131E+01  0.1910 190.980      -0.0667  0.000000 0.623E-08  0.0673 0.456E-01 190.981-0.131E+01-0.298E-04   1: JB-1
  89 11.500-0.127E+01  0.1929 192.898      -0.0682  0.000000 0.692E-08  0.0748 0.483E-01 192.903-0.127E+01-0.149E-04   1: JB-1
  88 12.500-0.122E+01  0.1954 195.368      -0.0730  0.000000 0.730E-08  0.0788 0.497E-01 195.374-0.122E+01-0.149E-03   1: JB-1
  87 13.500-0.117E+01  0.1977 197.733      -0.0794  0.000000 0.810E-08  0.0875 0.526E-01 197.741-0.117E+01-0.134E-03   1: JB-1
  86 14.500-0.120E+01  0.1966 196.594      -0.0871  0.000000 0.769E-08  0.0830 0.511E-01 196.602-0.120E+01-0.164E-03   1: JB-1
  85 15.500-0.319E+00  0.2877 253.712      -0.0946  0.000000 0.135E-06  1.4563 0.219E+00 253.747-0.319E+00-0.697E-04   1: JB-1
  84 16.500 0.678E+00  0.3950 465.358      -0.1299  0.000000 0.965E-05104.2463 0.142E+00 465.618 0.679E+00 0.000E+00   1: JB-1
                           qbou(mm/dt): -0.1299167    

Level of phreatic surface  HPSI0=    45.450  HSZ=    45.450  (depth=   15.8218m)  SYield=0.18698
 TIMEUZ=  5367.000
==> UZ-restart no.   2 from 1976  8  1 12  0 (   5366.25 hrs), DT= 135.000 min.

 ERROR in UZ node 121 in (   23   23): -0.2265355     mm =   1.147015    %, timestep= 135.000 min.
==> UZ-restart no.   3 from 1976  8  1 12  0 (   5365.69 hrs), DT= 101.250 min.

 ERROR in UZ node 121 in (   10   20): -0.3250990     mm =   1.646071    %, timestep= 240.000 min.


PRINT OF RESULTS OF UZ COMPUTATIONS AT 1976  9  9 12  0   (  1633 STEPS,   6300.000000     HRS) ,  Time step length =   240.0000000     min.

Grid point (   10   20) , Ground level =   42.98 m , Overland water depth =   0.000 m
No.iter.=   22


Node  DEPTH     PSI    frac_THETA_mm     FLUX_mm/dt   S_mm       m/s_KON_mm/dt   CAP     THETAOLD   PSIOLD   ERROR_mm SOIL (no. & name)
 -------------------------------------------------------------------------------------------------------------------------------------
 122  0.025-0.565E+01  0.1183   5.916      -1.5000  0.035888 0.181E-09  0.0026 0.609E-02   5.630-0.657E+01 0.183E-06   1: JB-1
 121  0.075-0.505E+02  0.0582   2.908      -1.1782  0.000252 0.746E-12  0.0000 0.229E-03   2.068-0.152E+03-0.325E+00   1: JB-1
 120  0.125-0.156E+03  0.0411   2.566      -0.0126  0.000008 0.864E-13  0.0000 0.779E-04   2.554-0.158E+03 0.158E-03   1: JB-1
 119  0.200-0.157E+03  0.0409   3.581       0.0000  0.000063 0.840E-13  0.0000 0.766E-04   3.581-0.157E+03 0.326E-06   1: JB-1
 118  0.300-0.153E+03  0.0413   4.126       0.0001  0.000320 0.886E-13  0.0000 0.790E-04   4.126-0.153E+03-0.112E-05   1: JB-1
 117  0.400-0.132E+03  0.0432   4.316       0.0003  0.001494 0.129E-12  0.0000 0.982E-04   4.315-0.132E+03 0.261E-05   1: JB-1
 116  0.500-0.779E+02  0.0508   5.079       0.0022  0.004689 0.446E-12  0.0000 0.201E-03   5.075-0.780E+02 0.279E-04   1: JB-1
 115  0.600-0.343E+02  0.0658   6.576       0.0107  0.007311 0.296E-11  0.0000 0.594E-03   6.569-0.344E+02 0.209E-03   1: JB-1
 114  0.700-0.164E+02  0.0834  11.471       0.0253  0.010384 0.168E-10  0.0002 0.160E-02  11.460-0.165E+02 0.329E-03   1: JB-1
 113  0.875-0.738E+01  0.1084  23.030       0.0469  0.013798 0.112E-09  0.0016 0.473E-02  23.020-0.739E+01 0.237E-03   1: JB-1
 112  1.125-0.365E+01  0.1367  34.174       0.0710  0.000000 0.597E-09  0.0086 0.123E-01  34.178-0.365E+01-0.186E-04   1: JB-1
 111  1.375-0.235E+01  0.1579  39.484       0.0679  0.000000 0.165E-08  0.0238 0.218E-01  39.493-0.235E+01-0.671E-04   1: JB-1
 110  1.625-0.171E+01  0.1755  43.864       0.0591  0.000000 0.349E-08  0.0502 0.330E-01  43.874-0.170E+01-0.782E-04   1: JB-1
 109  1.875-0.129E+01  0.1922  48.039       0.0491  0.000000 0.657E-08  0.0946 0.469E-01  48.049-0.128E+01-0.197E-03   1: JB-1
 108  2.125-0.966E+00  0.2103  52.575       0.0392  0.000000 0.129E-07  0.1862 0.678E-01  52.587-0.965E+00-0.745E-05   1: JB-1
 107  2.375-0.692E+00  0.2328  58.209       0.0271  0.000000 0.264E-07  0.3806 0.990E-01  58.225-0.691E+00-0.250E-03   1: JB-1
 106  2.625-0.438E+00  0.2653  66.313       0.0106  0.000000 0.705E-07  1.0158 0.162E+00  66.330-0.438E+00-0.149E-03   1: JB-1
 105  2.875-0.189E+00  0.3225 107.992      -0.0065  0.000000 0.341E-06  4.9057 0.318E+00 107.995-0.188E+00 0.370E-03   1: JB-1
 104  3.125 0.614E-01  0.3949  73.624      -0.0093  0.000000 0.965E-05138.9951 0.142E+00  73.627 0.614E-01 0.000E+00   1: JB-1
                           qbou(mm/dt): -0.9263328E-02

Level of phreatic surface  HPSI0=    39.914  HSZ=    39.914  (depth=    3.0636m)  SYield=0.18698
 TIMEUZ=  6300.000
==> UZ-restart no.   1 from 1976  9  9  8  0 (   6299.00 hrs), DT= 180.000 min.

 ERROR in UZ node 121 in (    8   22): -0.2560513     mm =   1.296462    %, timestep= 180.000 min.


PRINT OF RESULTS OF UZ COMPUTATIONS AT 1976  9  9 11  0   (  1633 STEPS,   6299.000001     HRS) ,  Time step length =   180.0000429     min.

Grid point (    8   22) , Ground level =   35.06 m , Overland water depth =   0.000 m
No.iter.=   22


Node  DEPTH     PSI    frac_THETA_mm     FLUX_mm/dt   S_mm       m/s_KON_mm/dt   CAP     THETAOLD   PSIOLD   ERROR_mm SOIL (no. & name)
 -------------------------------------------------------------------------------------------------------------------------------------
 122  0.025-0.563E+01  0.1185   5.924      -1.1135  0.025639 0.212E-09  0.0023 0.678E-02   5.906-0.568E+01 0.384E-06   1: JB-1
 121  0.075-0.521E+02  0.0576   2.880      -1.0703  0.000266 0.672E-12  0.0000 0.215E-03   2.074-0.151E+03-0.256E+00   1: JB-1
 120  0.125-0.149E+03  0.0416   2.602      -0.0080  0.000318 0.961E-13  0.0000 0.828E-04   2.593-0.151E+03 0.133E-03   1: JB-1
 119  0.200-0.101E+03  0.0469   4.105       0.0012  0.003313 0.240E-12  0.0000 0.140E-03   4.096-0.101E+03 0.146E-03   1: JB-1
 118  0.300-0.331E+02  0.0665   6.654       0.0129  0.009018 0.330E-11  0.0000 0.632E-03   6.634-0.334E+02 0.169E-03   1: JB-1
 117  0.400-0.123E+02  0.0917   9.166       0.0416  0.009667 0.340E-10  0.0004 0.240E-02   9.145-0.124E+02 0.175E-03   1: JB-1
 116  0.500-0.608E+01  0.1156  11.556       0.0714  0.008832 0.182E-09  0.0020 0.624E-02  11.544-0.609E+01 0.224E-04   1: JB-1
 115  0.600-0.369E+01  0.1362  13.620       0.0921  0.007891 0.565E-09  0.0061 0.119E-01  13.613-0.370E+01 0.165E-03   1: JB-1
 114  0.700-0.255E+01  0.1538  21.148       0.1067  0.000000 0.134E-08  0.0144 0.193E-01  21.141-0.255E+01 0.170E-03   1: JB-1
 113  0.875-0.164E+01  0.1775  37.724       0.1133  0.000000 0.368E-08  0.0397 0.340E-01  37.722-0.164E+01 0.570E-04   1: JB-1
 112  1.125-0.103E+01  0.2060  51.498       0.1155  0.000000 0.111E-07  0.1196 0.623E-01  51.505-0.103E+01-0.224E-04   1: JB-1
 111  1.375-0.657E+00  0.2364  59.109       0.1087  0.000000 0.292E-07  0.3156 0.104E+00  59.121-0.656E+00-0.224E-03   1: JB-1
 110  1.625-0.371E+00  0.2771  69.263       0.0977  0.000000 0.980E-07  1.0584 0.190E+00  69.274-0.371E+00-0.112E-03   1: JB-1
 109  1.875-0.116E+00  0.3485  86.744       0.0873  0.000000 0.725E-06  7.8320 0.396E+00  86.767-0.116E+00-0.138E-03   1: JB-1
 108  2.125 0.134E+00  0.3949 102.216       0.0649  0.000000 0.965E-05104.2463 0.142E+00 102.387 0.134E+00 0.000E+00   1: JB-1
                           qbou(mm/dt):  0.6492002E-01

Level of phreatic surface  HPSI0=    33.068  HSZ=    33.068  (depth=    1.9912m)  SYield=0.18698
 TIMEUZ=  6299.000
==> UZ-restart no.   2 from 1976  9  9  8  0 (   6298.25 hrs), DT= 135.000 min.

 ERROR in UZ node 121 in (   28    6): -0.2423124     mm =   1.226898    %, timestep= 120.000 min.


PRINT OF RESULTS OF UZ COMPUTATIONS AT 1976  9 10 12  0   (  1646 STEPS,   6324.000000     HRS) ,  Time step length =   120.0000000     min.

Grid point (   28    6) , Ground level =   79.66 m , Overland water depth =   0.000 m
No.iter.=   18


Node  DEPTH     PSI    frac_THETA_mm     FLUX_mm/dt   S_mm       m/s_KON_mm/dt   CAP     THETAOLD   PSIOLD   ERROR_mm SOIL (no. & name)
 -------------------------------------------------------------------------------------------------------------------------------------
 122  0.025-0.507E+01  0.1227   6.133      -0.9479  0.000000 0.280E-09  0.0020 0.794E-02   6.202-0.490E+01-0.210E-06   1: JB-1
 121  0.075-0.553E+02  0.0565   2.826      -1.0165  0.000000 0.614E-12  0.0000 0.204E-03   2.057-0.155E+03-0.242E+00   1: JB-1
 120  0.125-0.157E+03  0.0409   2.559      -0.0051  0.000000 0.843E-13  0.0000 0.767E-04   2.553-0.158E+03 0.113E-03   1: JB-1
 119  0.200-0.158E+03  0.0409   3.579       0.0000  0.000000 0.840E-13  0.0000 0.766E-04   3.579-0.158E+03 0.000E+00   1: JB-1
 118  0.300-0.156E+03  0.0411   4.105       0.0000  0.000000 0.886E-13  0.0000 0.790E-04   4.105-0.156E+03 0.000E+00   1: JB-1
 117  0.400-0.146E+03  0.0419   4.187       0.0001  0.000000 0.104E-12  0.0000 0.867E-04   4.186-0.146E+03 0.000E+00   1: JB-1
 116  0.500-0.112E+03  0.0454   4.536       0.0004  0.000000 0.188E-12  0.0000 0.122E-03   4.534-0.112E+03 0.168E-04   1: JB-1
 115  0.600-0.600E+02  0.0551   5.509       0.0019  0.000000 0.808E-12  0.0000 0.282E-03   5.504-0.602E+02 0.100E-03   1: JB-1
 114  0.700-0.283E+02  0.0699   9.616       0.0064  0.000000 0.483E-11  0.0000 0.786E-03   9.608-0.284E+02 0.420E-04   1: JB-1
 113  0.875-0.117E+02  0.0930  19.771       0.0144  0.000000 0.379E-10  0.0003 0.255E-02  19.761-0.118E+02 0.101E-03   1: JB-1
 112  1.125-0.538E+01  0.1203  30.074       0.0244  0.000000 0.238E-09  0.0017 0.728E-02  30.079-0.538E+01-0.522E-04   1: JB-1
 111  1.375-0.356E+01  0.1378  34.454       0.0196  0.000000 0.630E-09  0.0045 0.126E-01  34.461-0.356E+01-0.522E-04   1: JB-1
 110  1.625-0.279E+01  0.1494  37.350       0.0129  0.000000 0.108E-08  0.0078 0.171E-01  37.356-0.279E+01-0.179E-03   1: JB-1
 109  1.875-0.236E+01  0.1577  39.425       0.0068  0.000000 0.165E-08  0.0119 0.218E-01  39.431-0.236E+01-0.186E-04   1: JB-1
 108  2.125-0.210E+01  0.1640  41.007       0.0010  0.000000 0.216E-08  0.0156 0.253E-01  41.012-0.210E+01-0.373E-04   1: JB-1
 107  2.375-0.191E+01  0.1691  42.263      -0.0045  0.000000 0.267E-08  0.0192 0.285E-01  42.268-0.191E+01-0.447E-04   1: JB-1
 106  2.625-0.178E+01  0.1732  43.292      -0.0095  0.000000 0.314E-08  0.0226 0.311E-01  43.297-0.177E+01-0.857E-04   1: JB-1
 105  2.875-0.167E+01  0.1766  44.157      -0.0142  0.000000 0.368E-08  0.0265 0.340E-01  44.161-0.167E+01-0.261E-04   1: JB-1
 104  3.125-0.159E+01  0.1796  44.896      -0.0186  0.000000 0.409E-08  0.0294 0.361E-01  44.901-0.159E+01-0.447E-04   1: JB-1
 103  3.375-0.152E+01  0.1822  56.925      -0.0226  0.000000 0.454E-08  0.0327 0.383E-01  56.929-0.152E+01-0.466E-04   1: JB-1
 102  3.750-0.144E+01  0.1855  81.135      -0.0270  0.000000 0.505E-08  0.0364 0.406E-01  81.141-0.144E+01-0.143E-03   1: JB-1
 101  4.250-0.135E+01  0.1891  94.539      -0.0328  0.000000 0.591E-08  0.0426 0.443E-01  94.545-0.135E+01-0.596E-04   1: JB-1
 100  4.750-0.129E+01  0.1922  96.085      -0.0389  0.000000 0.657E-08  0.0473 0.469E-01  96.090-0.128E+01-0.969E-04   1: JB-1
  99  5.250-0.122E+01  0.1952  97.579      -0.0438  0.000000 0.730E-08  0.0525 0.497E-01  97.585-0.122E+01-0.104E-03   1: JB-1
  98  5.750-0.115E+01  0.1989  99.440      -0.0489  0.000000 0.853E-08  0.0614 0.541E-01  99.444-0.115E+01-0.298E-04   1: JB-1
  97  6.250-0.104E+01  0.2055 102.730      -0.0530  0.000000 0.105E-07  0.0757 0.606E-01 102.735-0.104E+01-0.894E-04   1: JB-1
  96  6.750-0.814E+00  0.2217 110.849      -0.0572  0.000000 0.185E-07  0.1334 0.821E-01 110.857-0.814E+00-0.894E-04   1: JB-1
  95  7.250-0.401E+00  0.2715 199.273      -0.0654  0.000000 0.852E-07  0.6135 0.178E+00 199.280-0.401E+00 0.132E-02   1: JB-1
  94  7.750 0.976E-01  0.3949 137.279      -0.0735  0.000000 0.965E-05 69.4975 0.142E+00 137.327 0.977E-01 0.000E+00   1: JB-1
                           qbou(mm/dt): -0.7348050E-01

Level of phreatic surface  HPSI0=    72.004  HSZ=    72.004  (depth=    7.6523m)  SYield=0.18698
 TIMEUZ=  6324.000
==> UZ-restart no.   1 from 1976  9 10 10  0 (   6323.50 hrs), DT=  90.000 min.

 ERROR in UZ node 121 in (   23    9): -0.3305189     mm =   1.673513    %, timestep= 240.000 min.


PRINT OF RESULTS OF UZ COMPUTATIONS AT 1977  6 29 20  0   (  4650 STEPS,   13340.00000     HRS) ,  Time step length =   240.0000000     min.

Grid point (   23    9) , Ground level =   64.28 m , Overland water depth =   0.000 m
No.iter.=   22


Node  DEPTH     PSI    frac_THETA_mm     FLUX_mm/dt   S_mm       m/s_KON_mm/dt   CAP     THETAOLD   PSIOLD   ERROR_mm SOIL (no. & name)
 -------------------------------------------------------------------------------------------------------------------------------------
 122  0.025-0.577E+01  0.1176   5.878      -1.1314  0.098380 0.224E-09  0.0032 0.696E-02   6.086-0.519E+01 0.116E-06   1: JB-1
 121  0.075-0.441E+02  0.0607   3.037      -1.2411  0.003003 0.104E-11  0.0000 0.268E-03   2.141-0.136E+03-0.331E+00   1: JB-1
 120  0.125-0.109E+03  0.0458   2.863      -0.0116  0.008067 0.200E-12  0.0000 0.127E-03   2.858-0.109E+03 0.955E-04   1: JB-1
 119  0.200-0.837E+02  0.0497   4.346       0.0014  0.017252 0.379E-12  0.0000 0.183E-03   4.362-0.827E+02-0.237E-03   1: JB-1
 118  0.300-0.522E+02  0.0576   5.755       0.0034  0.027465 0.115E-11  0.0000 0.345E-03   5.773-0.517E+02-0.233E-03   1: JB-1
 117  0.400-0.257E+02  0.0721   7.213       0.0136  0.033000 0.600E-11  0.0001 0.890E-03   7.224-0.256E+02-0.198E-03   1: JB-1
 116  0.500-0.125E+02  0.0912   9.115       0.0361  0.032909 0.322E-10  0.0005 0.233E-02   9.120-0.125E+02-0.135E-03   1: JB-1
 115  0.600-0.698E+01  0.1104  11.037       0.0640  0.030115 0.132E-09  0.0019 0.519E-02  11.045-0.697E+01-0.224E-04   1: JB-1
 114  0.700-0.449E+01  0.1277  17.561       0.0862  0.000000 0.367E-09  0.0053 0.931E-02  17.574-0.448E+01-0.104E-03   1: JB-1
 113  0.875-0.297E+01  0.1464  31.102       0.0738  0.000000 0.968E-09  0.0139 0.161E-01  31.127-0.296E+01-0.177E-03   1: JB-1
 112  1.125-0.215E+01  0.1626  40.652       0.0490  0.000000 0.205E-08  0.0295 0.246E-01  40.680-0.215E+01-0.153E-03   1: JB-1
 111  1.375-0.176E+01  0.1735  43.387       0.0209  0.000000 0.314E-08  0.0452 0.311E-01  43.412-0.176E+01-0.674E-03   1: JB-1
 110  1.625-0.153E+01  0.1818  45.440      -0.0034  0.000000 0.454E-08  0.0654 0.383E-01  45.462-0.153E+01-0.559E-04   1: JB-1
 109  1.875-0.137E+01  0.1885  47.122      -0.0257  0.000000 0.576E-08  0.0830 0.436E-01  47.142-0.136E+01-0.291E-03   1: JB-1
 108  2.125-0.124E+01  0.1945  48.630      -0.0458  0.000000 0.730E-08  0.1051 0.497E-01  48.649-0.124E+01-0.123E-03   1: JB-1
 107  2.375-0.112E+01  0.2005  50.134      -0.0641  0.000000 0.899E-08  0.1295 0.557E-01  50.150-0.112E+01-0.171E-03   1: JB-1
 106  2.625-0.101E+01  0.2074  51.860      -0.0805  0.000000 0.117E-07  0.1679 0.641E-01  51.874-0.101E+01-0.447E-04   1: JB-1
 105  2.875-0.878E+00  0.2166  54.145      -0.0946  0.000000 0.159E-07  0.2288 0.757E-01  54.157-0.878E+00-0.410E-04   1: JB-1
 104  3.125-0.720E+00  0.2300  57.505      -0.1058  0.000000 0.239E-07  0.3440 0.939E-01  57.516-0.720E+00-0.231E-03   1: JB-1
 103  3.375-0.527E+00  0.2520  78.755      -0.1168  0.000000 0.480E-07  0.6906 0.134E+00  78.765-0.527E+00-0.745E-04   1: JB-1
 102  3.750-0.166E+00  0.3302 122.334      -0.1261  0.000000 0.429E-06  6.1723 0.343E+00 122.344-0.166E+00 0.725E-03   1: JB-1
 101  4.250 0.333E+00  0.3949 230.380      -0.1365  0.000000 0.965E-05138.9951 0.142E+00 230.397 0.333E+00 0.000E+00   1: JB-1
                           qbou(mm/dt): -0.1365085    

Level of phreatic surface  HPSI0=    60.363  HSZ=    60.363  (depth=    3.9166m)  SYield=0.18698
 TIMEUZ= 13340.000
==> UZ-restart no.   1 from 1977  6 29 16  0 (  13339.00 hrs), DT= 180.000 min.

 ERROR in UZ node 121 in (   23    9): -0.2224507     mm =   1.126333    %, timestep= 180.000 min.


PRINT OF RESULTS OF UZ COMPUTATIONS AT 1977  6 29 19  0   (  4650 STEPS,   13339.00000     HRS) ,  Time step length =   180.0000429     min.

Grid point (   23    9) , Ground level =   64.28 m , Overland water depth =   0.000 m
No.iter.=   22


Node  DEPTH     PSI    frac_THETA_mm     FLUX_mm/dt   S_mm       m/s_KON_mm/dt   CAP     THETAOLD   PSIOLD   ERROR_mm SOIL (no. & name)
 -------------------------------------------------------------------------------------------------------------------------------------
 122  0.025-0.600E+01  0.1160   5.802      -0.7908  0.058009 0.215E-09  0.0023 0.683E-02   6.086-0.519E+01 0.233E-07   1: JB-1
 121  0.075-0.495E+02  0.0585   2.927      -1.0165  0.001831 0.773E-12  0.0000 0.234E-03   2.141-0.136E+03-0.222E+00   1: JB-1
 120  0.125-0.109E+03  0.0458   2.860      -0.0063  0.004905 0.199E-12  0.0000 0.126E-03   2.858-0.109E+03 0.549E-04   1: JB-1
 119  0.200-0.833E+02  0.0497   4.353       0.0011  0.010448 0.379E-12  0.0000 0.183E-03   4.362-0.827E+02-0.185E-03   1: JB-1
 118  0.300-0.520E+02  0.0576   5.764       0.0026  0.016524 0.115E-11  0.0000 0.345E-03   5.773-0.517E+02-0.141E-03   1: JB-1
 117  0.400-0.256E+02  0.0722   7.221       0.0101  0.019668 0.600E-11  0.0001 0.890E-03   7.224-0.256E+02-0.641E-04   1: JB-1
 116  0.500-0.125E+02  0.0912   9.122       0.0269  0.019477 0.322E-10  0.0003 0.233E-02   9.120-0.125E+02 0.395E-04   1: JB-1
 115  0.600-0.697E+01  0.1104  11.043       0.0478  0.017772 0.132E-09  0.0014 0.519E-02  11.045-0.697E+01-0.373E-05   1: JB-1
 114  0.700-0.448E+01  0.1277  17.565       0.0643  0.000000 0.367E-09  0.0040 0.931E-02  17.574-0.448E+01-0.779E-04   1: JB-1
 113  0.875-0.297E+01  0.1464  31.108       0.0553  0.000000 0.968E-09  0.0105 0.161E-01  31.127-0.296E+01-0.142E-03   1: JB-1
 112  1.125-0.215E+01  0.1626  40.659       0.0367  0.000000 0.205E-08  0.0221 0.246E-01  40.680-0.215E+01-0.115E-03   1: JB-1
 111  1.375-0.176E+01  0.1736  43.393       0.0156  0.000000 0.314E-08  0.0339 0.311E-01  43.412-0.176E+01-0.514E-03   1: JB-1
 110  1.625-0.153E+01  0.1818  45.445      -0.0026  0.000000 0.454E-08  0.0491 0.383E-01  45.462-0.153E+01-0.447E-04   1: JB-1
 109  1.875-0.136E+01  0.1885  47.127      -0.0193  0.000000 0.576E-08  0.0622 0.436E-01  47.142-0.136E+01-0.220E-03   1: JB-1
 108  2.125-0.124E+01  0.1945  48.635      -0.0344  0.000000 0.730E-08  0.0788 0.497E-01  48.649-0.124E+01-0.969E-04   1: JB-1
 107  2.375-0.112E+01  0.2006  50.138      -0.0481  0.000000 0.899E-08  0.0971 0.557E-01  50.150-0.112E+01-0.134E-03   1: JB-1
 106  2.625-0.101E+01  0.2075  51.864      -0.0604  0.000000 0.117E-07  0.1259 0.641E-01  51.874-0.101E+01-0.335E-04   1: JB-1
 105  2.875-0.878E+00  0.2166  54.148      -0.0710  0.000000 0.159E-07  0.1716 0.757E-01  54.157-0.878E+00-0.298E-04   1: JB-1
 104  3.125-0.720E+00  0.2300  57.508      -0.0794  0.000000 0.239E-07  0.2580 0.939E-01  57.516-0.720E+00-0.171E-03   1: JB-1
 103  3.375-0.527E+00  0.2520  78.757      -0.0877  0.000000 0.480E-07  0.5179 0.134E+00  78.765-0.527E+00-0.559E-04   1: JB-1
 102  3.750-0.166E+00  0.3302 122.336      -0.0948  0.000000 0.429E-06  4.6292 0.343E+00 122.344-0.166E+00 0.631E-03   1: JB-1
 101  4.250 0.333E+00  0.3949 230.380      -0.1039  0.000000 0.965E-05104.2463 0.142E+00 230.397 0.333E+00 0.000E+00   1: JB-1
                           qbou(mm/dt): -0.1038772    

Level of phreatic surface  HPSI0=    60.363  HSZ=    60.363  (depth=    3.9166m)  SYield=0.18698
 TIMEUZ= 13339.000
==> UZ-restart no.   2 from 1977  6 29 16  0 (  13338.25 hrs), DT= 135.000 min.

Storing hotstart data at 1979  1  1  0  0 (   26544.00     hrs)



 NORMAL COMPLETION OF MShe_WaterMovement RUN


Simulation ended after    26544.00     hrs ,               10986 time steps.
 

No. of UZ time steps             :     10986
Average time step length         :   2.416   hrs
No. of cumputational columns     :        57
Total no. of iterations          :   1453235
- Average / column / step        :      2.32
- Max. iter exceeded in          :         0   steps
Restart with reduced time step in:         5   steps
- Total no. time step reductions :         9
- Average / restart-step         :      1.80

 WARNING: Evaporation from ponded water on ground surface has been reduced
          in UZ class(es) with less ponded water in transfer point(s)
          than in the corresponding computational point(s).
          Total apriori :  0.6759127     [ catchment mm ]
          Total used    :  0.6669847     [ - - ]  ( 98.68 % of apriori ).
          Please check the applied UZ classification.


 Table of UZ cells where ponding evaporation has been reduced more than 1.00 %,
 sorted after reduction normalised with catchment area,
 i.e. Cell reduction X no. of cells with actual UZ code / no. of catchment cells(   438):

 UZ code    Comp.point  Apriori[cell-mm] Used[cell-mm]  Red.[cell-mm]  No.cells ==> Red.[Catch-mm]
    -31  (    16    21)   1.133934      0.9367039      0.1972301            14  0.6304160E-02
    -44  (    20    11)   2.740828       2.555655      0.1851726             4  0.1691074E-02
     -6  (     3    24)   5.133390       4.934469      0.1989207             2  0.9083139E-03

No. of Overland time steps       :     11233
Average time step length         :   2.36304   hrs. = 141.78225   min. =   8506.935       sec.
Total no. of iterations          :     12424
- Average / step                 :      1.11
- Max. iter exceeded in          : 0 steps.

 INFO   : MIKE 11 coupling terminated normally.
          Total no. of constant MIKE 11 time steps:    13272
          Total MIKE 11 simulation time:   26544.00      hrs

 Calling MIKE 11 with request to terminate normally after   26544.00     hrs of simulation...

 ==> MSHETOM11_NORMALEND ...
 Ok

No. of SZ time steps             :      5493
Average time step length         :   4.832   hrs.
Total no. of iterations          :     11248
- Average / step                 :      2.05
- Max. iter exceeded in          :         0   steps.

ELAPSED TIME USAGE
==================
Function                                Elapsed seconds
-------------------------------------------------------
 Initialization phase                       3.303000    
 Simulation phase (includes others below)   60.84200    
 SZ                                         4.466000    
 UZ + ET                                    11.85600    
 Overland                                  0.7800000    
 River                                      30.40500    
 Met. input                                 6.943000    
 Veg. input                                0.3080000    
 Grid series output                        0.4190000    
 Detailed TS output                        0.7380000    

Normal termination.
