 ERRORS AND MESSAGES FROM 64-bit version of MIKE SHE Water Movement. Input file : C:\work\SOLProjects\11810549_HydroCast\TestModels\Karup\NoDA\Karup_Forecast.SHE
 ================================================================================================================================================================
 
 
14:22:18 : INITIALIZATION PHASE
===============================

Opening files...
Print file : C:\work\SOLProjects\11810549_HydroCast\TestModels\Karup\NoDA\Karup_Forecast.SHE - Result Files\Karup_Forecast_WM_Print.log
Fif   file : C:\work\SOLProjects\11810549_HydroCast\TestModels\Karup\NoDA\Karup_Forecast.SHE - Result Files\Karup_Forecast.fif
 
Group:
Frame Data
Size and Specifications
Checks

 WARNING: The specified maximum UZ water balance error in
          one node (fraction) =0.0100 can be expected
          to result in a large number of warnings
          from the UZ solver during the simulation.
          The recommended error limit is 0.02 (2 %).
          NOTE: Using the specified value anyway !
Initializing Hotstart...
 
INFO: Using NEW TS module
Copying to frf file
Vegetation module initialisation
 
 Warning: Crop development of crop Wetland not over when changing crop to Wetland for scheme code 2
 
 Warning: Crop development of crop Wetland not over when changing crop to Wetland for scheme code 2
 
 Warning: Crop development of crop Wetland not over when changing crop to Wetland for scheme code 2
 
 Warning: Crop development of crop Wetland not over when changing crop to Wetland for scheme code 2
 
 Warning: Crop development of crop Wetland not over when changing crop to Wetland for scheme code 2
 
 Warning: Crop development of crop Wetland not over when changing crop to Wetland for scheme code 2
 
 Warning: Crop development of crop Wetland not over when changing crop to Wetland for scheme code 2
 
 Warning: Crop development of crop Wetland not over when changing crop to Wetland for scheme code 2
 
 Warning: Crop development of crop Wetland not over when changing crop to Wetland for scheme code 2
Initializing Met. data...
Memory allocation
Initializations and reference systems
Reading Hotstart data...
Initializing components...
ET
Overland
River
MIKE 11 loading...
Processing...
SZ

INFO   : The specific yield of the top SZ layer has been taken from the initial hotstart input
         to maintain a consistent UZ-SZ coupling.
UZ Module
SZ fif-output
 
INFO   : Disabling storing of data type(s) which are not relevant for this simulation:
         - SZ flow to general head boundary
Storing initial conditions...
done



Parallelization info
--------------------
Number of processors  : 4
Max. number of threads: 4
Number of threads allowed by actual license: Unlimited
Setting number of threads for actual application to 4
 
 
 
 
14:22:23 : Start of simulation from 1975/12/25,00:00
====================================================

- further initializations...
- UZ
- Overland
- River
14:22:23 => 1975/12/25,04:00 : Time step: 2.00 hrs, avg: 2.00 hrs; SZ Iter/step: 0, avg: 0.0
14:22:25 => 1976/01/12,05:16 : Time step: 1.61 hrs, avg: 1.61 hrs; SZ Iter/step: 2, avg: 2.0
14:22:27 => 1976/02/02,18:00 : Time step: 2.15 hrs, avg: 1.86 hrs; SZ Iter/step: 2, avg: 2.0
14:22:29 => 1976/03/12,06:00 : Time step: 5.63 hrs, avg: 2.78 hrs; SZ Iter/step: 2, avg: 2.0
14:22:31 => 1976/04/20,00:00 : Time step: 3.66 hrs, avg: 3.02 hrs; SZ Iter/step: 2, avg: 2.0
14:22:33 => 1976/05/26,18:00 : Time step: 3.08 hrs, avg: 3.03 hrs; SZ Iter/step: 2, avg: 2.1
14:22:35 => 1976/07/14,18:00 : Time step: 4.30 hrs, avg: 3.27 hrs; SZ Iter/step: 2, avg: 2.0
14:22:37 => 1976/08/31,06:00 : Time step: 3.85 hrs, avg: 3.36 hrs; SZ Iter/step: 2, avg: 2.1
14:22:39 => 1976/10/13,04:00 : Time step: 2.77 hrs, avg: 3.26 hrs; SZ Iter/step: 2, avg: 2.1
14:22:41 => 1976/11/10,23:46 : Time step: 1.60 hrs, avg: 2.98 hrs; SZ Iter/step: 2, avg: 2.1
14:22:43 => 1976/12/13,22:00 : Time step: 1.67 hrs, avg: 2.78 hrs; SZ Iter/step: 2, avg: 2.0
14:22:45 => 1977/01/19,06:00 : Time step: 2.14 hrs, avg: 2.70 hrs; SZ Iter/step: 2, avg: 2.0
14:22:47 => 1977/02/13,10:00 : Time step: 1.44 hrs, avg: 2.57 hrs; SZ Iter/step: 2, avg: 2.0
14:22:49 => 1977/03/12,00:00 : Time step: 1.46 hrs, avg: 2.45 hrs; SZ Iter/step: 2, avg: 2.0
14:22:51 => 1977/04/13,19:18 : Time step: 1.88 hrs, avg: 2.40 hrs; SZ Iter/step: 2, avg: 2.0
14:22:53 => 1977/05/03,04:00 : Time step: 1.31 hrs, avg: 2.33 hrs; SZ Iter/step: 2, avg: 2.0
14:22:56 => 1977/05/23,10:00 : Time step: 3.16 hrs, avg: 2.35 hrs; SZ Iter/step: 2, avg: 2.0
14:22:58 => 1977/07/05,12:00 : Time step: 2.93 hrs, avg: 2.39 hrs; SZ Iter/step: 2, avg: 2.0
14:23:00 => 1977/08/10,02:51 : Time step: 1.99 hrs, avg: 2.36 hrs; SZ Iter/step: 2, avg: 2.0
14:23:02 => 1977/09/04,07:27 : Time step: 2.13 hrs, avg: 2.35 hrs; SZ Iter/step: 2, avg: 2.0
14:23:04 => 1977/10/02,17:19 : Time step: 1.96 hrs, avg: 2.33 hrs; SZ Iter/step: 2, avg: 2.0
14:23:06 => 1977/11/02,02:00 : Time step: 2.11 hrs, avg: 2.32 hrs; SZ Iter/step: 2, avg: 2.0
14:23:08 => 1977/11/21,21:55 : Time step:57.11 min, avg: 2.23 hrs; SZ Iter/step: 2, avg: 2.0
14:23:10 => 1977/12/25,01:17 : Time step: 1.72 hrs, avg: 2.20 hrs; SZ Iter/step: 2, avg: 2.0
14:23:12 => 1978/01/10,02:00 : Time step: 1.12 hrs, avg: 2.15 hrs; SZ Iter/step: 2, avg: 2.0
14:23:14 => 1978/02/09,06:00 : Time step: 1.81 hrs, avg: 2.14 hrs; SZ Iter/step: 2, avg: 2.0
14:23:16 => 1978/03/11,22:00 : Time step: 1.73 hrs, avg: 2.12 hrs; SZ Iter/step: 2, avg: 2.0
14:23:18 => 1978/03/26,22:56 : Time step:50.36 min, avg: 2.06 hrs; SZ Iter/step: 2, avg: 2.0
14:23:20 => 1978/04/30,18:00 : Time step: 2.92 hrs, avg: 2.09 hrs; SZ Iter/step: 2, avg: 2.0
14:23:22 => 1978/06/07,23:00 : Time step: 2.71 hrs, avg: 2.11 hrs; SZ Iter/step: 2, avg: 2.0
14:23:24 => 1978/07/08,00:47 : Time step: 1.31 hrs, avg: 2.07 hrs; SZ Iter/step: 2, avg: 2.0
14:23:26 => 1978/08/16,03:06 : Time step: 2.23 hrs, avg: 2.07 hrs; SZ Iter/step: 2, avg: 2.0
14:23:28 => 1978/09/16,10:19 : Time step: 1.77 hrs, avg: 2.06 hrs; SZ Iter/step: 2, avg: 2.0
14:23:30 => 1978/10/12,18:00 : Time step: 1.15 hrs, avg: 2.02 hrs; SZ Iter/step: 2, avg: 2.0
14:23:32 => 1978/11/18,08:00 : Time step: 2.68 hrs, avg: 2.04 hrs; SZ Iter/step: 2, avg: 2.0
14:23:34 => 1978/12/09,20:00 : Time step: 1.36 hrs, avg: 2.02 hrs; SZ Iter/step: 2, avg: 2.0
14:23:36 => 1979/01/01,00:00 : Time step: 2.17 hrs, avg: 2.02 hrs; SZ Iter/step: 2, avg: 2.0
 
Termination...

 WARNING: Reduction of UZ time step length in    6 time steps
          because of water balance errors.

          See warnings in the print log file.
14:23:36 : WM Simulation succeeded
