

                                      E
       EUROPEAN HYDROLOGIC SYSTEM  S  H  E  SYSTEME HYDROLOGIQUE EUROPEEN
                                      S

                                     / \ 
                                     \ / 

                          M I K E   S H E   W M   -   a   DHI   Product
                          =============================================
 
       MIKE SHE version : 2013-Development





       Flow input file : C:\work\SOLProjects\11810549_HydroCast\TestModels\Karup\NoDA\Karup.SHE
       ----------------------------------------------------------------------------------------



 

SZ Model option :
- Distributed

SZ Solver option:
- PCG, transient simulation

UZ option:
- Full Richards solution (Multi-Layer UZ)
================================================================================




 SIMULATION PERIOD : 1970/ 1/ 1, 0: 0 - 1973/ 1/ 1, 0: 0 

   -  Title        : Karup
   -  Description  : Geology from DK model


 COMPONENTS INCLUDED :   ET  UZ(Full Richards)  OC  SZ

 Optional components included:
   SZ drainage
   MIKE 11 coupling


 MODEL SIZE :
 
   No. of points in x-dir                 :    32
   No. of points in y-dir                 :    36
   No. of computational points pr layer   :   522
   No. of internal points (excl.boundary) :   438
   No. of SZ layers                       :     1
   No. of computational points in SZ      :   522
   No. of river links                     :   150
   No. of computational columns in UZ     :    57
   Max. no. of nodes pr UZ column         :   122

   Grid size (m)                          :  1000.00000
   Model origin (lower left corner) (m)   :    493525.15500000        6220425.9620000    
   Map Projection                         : NON-UTM
   Rotation (Counterclockwise, deg.)      :     0.0000000000000    



 END OF FRAME INITIALIZATION



 ENTER  E T  INITIALIZATION
 --------------------------

End of ET initialization


 INIT_M11COUP:
 idstart: 1970  1  1  0  0
 idend  : 1973  1  1  0  0

 Loading the MIKE 11 dll:

 MSHEM11_CREATEM11LINK...
 irc=   0

 Calling MIKE 11 for initialisation: MSHETOM11_INIT_SIMULATION...
 irc=   0, Interface version=  13

- The simulation will use a constant MIKE 11 time step =   120.0000     min.

 Calling MIKE 11 with definition of coupling H-points...
 Ok

 Calling MIKE 11 with definition of coupling Q-points...
 Ok

 Calling MIKE 11 to get initial conditions...
 Ok

 INFO   : MIKE 11 coupling has been initialised
          Name of sim file : C:\work\SOLProjects\11810549_HydroCast\TestModels\Karup\NoDA\MIKE11\karup.sim11
          Name of nwk file : karup.nwk11
          No. of MIKE SHE river links    :   150
          No. of MIKE 11 coupling H-points:    98
  Exit INIT_M11COUP, lok: T

 INFO   : Using gradual drain activation in SZ solver

 INFO   : Using average SZ conductance option.



ENTER  U Z  INITIALISATION
--------------------------


End of UZ initialization

Initializing hotstart output...

The following data type(s) will be stored on the hotstart file:
- Basic time step length
- Sz time step length
- Canopy Storage
- Overland Water Depth
- Uz Pressure Head
- Epsilon in UZ
- uz/sz coupling sinks of last UZ time step
- uz/sz coupling sinks of last SZ time step
- SZ Head Elevation



Parallelization info
--------------------
Number of processors  : 4
Max. number of threads: 4
Number of threads allowed by actual license: Unlimited
Setting number of threads for actual application to 4
 





 START OF SIMULATION

 

Initializing SZ boundary data module ...

 ERROR in UZ node 121 in (    8   30): -0.6358750     mm =   3.219620    %, timestep= 240.000 min.


PRINT OF RESULTS OF UZ COMPUTATIONS AT 1970  6 25 12  0   (   941 STEPS,   4212.000000     HRS) ,  Time step length =   240.0000000     min.

Grid point (    8   30) , Ground level =   22.01 m , Overland water depth =   0.000 m
No.iter.=   40


Node  DEPTH     PSI    frac_THETA_mm     FLUX_mm/dt   S_mm       m/s_KON_mm/dt   CAP     THETAOLD   PSIOLD   ERROR_mm SOIL (no. & name)
 -------------------------------------------------------------------------------------------------------------------------------------
 122  0.025-0.457E+01  0.0936   4.679      -1.6888  0.124087 0.337E-09  0.0049 0.776E-02   4.605-0.475E+01 0.466E-07   1: JB-1
 121  0.075-0.350E+02  0.0412   2.058      -1.4907  0.001219 0.172E-11  0.0000 0.267E-03   1.220-0.146E+03-0.636E+00   1: JB-1
 120  0.125-0.918E+02  0.0287   1.795      -0.0159  0.008921 0.225E-12  0.0000 0.111E-03   1.781-0.938E+02-0.260E-04   1: JB-1
 119  0.200-0.455E+02  0.0372   3.258       0.0065  0.026988 0.125E-11  0.0000 0.304E-03   3.266-0.452E+02-0.222E-03   1: JB-1
 118  0.300-0.183E+02  0.0532   5.316       0.0259  0.043710 0.120E-10  0.0002 0.115E-02   5.323-0.182E+02-0.671E-04   1: JB-1
 117  0.400-0.843E+01  0.0727   7.271       0.0628  0.045748 0.776E-10  0.0011 0.343E-02   7.272-0.843E+01-0.246E-04   1: JB-1
 116  0.500-0.471E+01  0.0925   9.247       0.1078  0.042537 0.336E-09  0.0048 0.810E-02   9.247-0.471E+01-0.224E-05   1: JB-1
 115  0.600-0.302E+01  0.1112  11.119       0.1500  0.038241 0.978E-09  0.0141 0.151E-01  11.124-0.302E+01-0.447E-04   1: JB-1
 114  0.700-0.214E+01  0.1285  17.672       0.1840  0.000000 0.226E-08  0.0326 0.246E-01  17.686-0.213E+01-0.301E-03   1: JB-1
 113  0.875-0.145E+01  0.1510  32.080       0.1706  0.000000 0.582E-08  0.0838 0.423E-01  32.106-0.145E+01-0.275E-03   1: JB-1
 112  1.125-0.965E+00  0.1781  44.525       0.1442  0.000000 0.156E-07  0.2245 0.738E-01  44.566-0.962E+00-0.112E-03   1: JB-1
 111  1.375-0.649E+00  0.2080  52.011       0.1028  0.000000 0.386E-07  0.5566 0.121E+00  52.066-0.647E+00-0.432E-03   1: JB-1
 110  1.625-0.388E+00  0.2505  62.637       0.0483  0.000000 0.118E-06  1.7052 0.215E+00  62.697-0.387E+00-0.939E-03   1: JB-1
 109  1.875-0.139E+00  0.3310  91.940      -0.0114  0.000000 0.817E-06 11.7645 0.460E+00  91.961-0.138E+00 0.597E-03   1: JB-1
 108  2.125 0.111E+00  0.3949  93.310      -0.0329  0.000000 0.112E-04161.8362 0.110E+00  93.306 0.111E+00 0.000E+00   1: JB-1
                           qbou(mm/dt): -0.3292544E-01

Level of phreatic surface  HPSI0=    19.999  HSZ=    19.999  (depth=    2.0137m)  SYield=0.21945
 TIMEUZ=  4212.000
==> UZ-restart no.   1 from 1970  6 25  8  0 (   4211.00 hrs), DT= 180.000 min.

 ERROR in UZ node 121 in (    8   30): -0.4148167     mm =   2.100338    %, timestep= 180.000 min.


PRINT OF RESULTS OF UZ COMPUTATIONS AT 1970  6 25 11  0   (   941 STEPS,   4211.000001     HRS) ,  Time step length =   180.0000429     min.

Grid point (    8   30) , Ground level =   22.01 m , Overland water depth =   0.000 m
No.iter.=   35


Node  DEPTH     PSI    frac_THETA_mm     FLUX_mm/dt   S_mm       m/s_KON_mm/dt   CAP     THETAOLD   PSIOLD   ERROR_mm SOIL (no. & name)
 -------------------------------------------------------------------------------------------------------------------------------------
 122  0.025-0.482E+01  0.0916   4.578      -1.2209  0.080529 0.310E-09  0.0033 0.763E-02   4.605-0.475E+01-0.582E-08   1: JB-1
 121  0.075-0.396E+02  0.0393   1.964      -1.1675  0.000912 0.112E-11  0.0000 0.219E-03   1.220-0.146E+03-0.415E+00   1: JB-1
 120  0.125-0.929E+02  0.0286   1.787      -0.0077  0.006569 0.216E-12  0.0000 0.109E-03   1.781-0.938E+02 0.797E-04   1: JB-1
 119  0.200-0.454E+02  0.0373   3.261       0.0050  0.019268 0.125E-11  0.0000 0.304E-03   3.266-0.452E+02-0.148E-03   1: JB-1
 118  0.300-0.182E+02  0.0532   5.321       0.0194  0.029861 0.120E-10  0.0001 0.115E-02   5.323-0.182E+02-0.253E-04   1: JB-1
 117  0.400-0.842E+01  0.0728   7.275       0.0469  0.030239 0.776E-10  0.0008 0.343E-02   7.272-0.843E+01 0.116E-03   1: JB-1
 116  0.500-0.470E+01  0.0925   9.251       0.0807  0.027705 0.336E-09  0.0036 0.810E-02   9.247-0.471E+01 0.209E-04   1: JB-1
 115  0.600-0.302E+01  0.1112  11.124       0.1124  0.024800 0.978E-09  0.0106 0.151E-01  11.124-0.302E+01 0.596E-05   1: JB-1
 114  0.700-0.214E+01  0.1286  17.676       0.1377  0.000000 0.226E-08  0.0245 0.246E-01  17.686-0.213E+01-0.223E-03   1: JB-1
 113  0.875-0.145E+01  0.1510  32.086       0.1279  0.000000 0.582E-08  0.0629 0.423E-01  32.106-0.145E+01-0.212E-03   1: JB-1
 112  1.125-0.964E+00  0.1781  44.535       0.1081  0.000000 0.156E-07  0.1684 0.738E-01  44.566-0.962E+00-0.931E-04   1: JB-1
 111  1.375-0.648E+00  0.2081  52.024       0.0769  0.000000 0.386E-07  0.4174 0.121E+00  52.066-0.647E+00-0.343E-03   1: JB-1
 110  1.625-0.388E+00  0.2506  62.649       0.0355  0.000000 0.118E-06  1.2789 0.215E+00  62.697-0.387E+00-0.767E-03   1: JB-1
 109  1.875-0.139E+00  0.3310  91.943      -0.0124  0.000000 0.817E-06  8.8234 0.460E+00  91.961-0.138E+00 0.534E-03   1: JB-1
 108  2.125 0.111E+00  0.3949  93.310      -0.0316  0.000000 0.112E-04121.3772 0.110E+00  93.306 0.111E+00 0.000E+00   1: JB-1
                           qbou(mm/dt): -0.3158546E-01

Level of phreatic surface  HPSI0=    19.999  HSZ=    19.999  (depth=    2.0137m)  SYield=0.21945
 TIMEUZ=  4211.000
==> UZ-restart no.   2 from 1970  6 25  8  0 (   4210.25 hrs), DT= 135.000 min.

 ERROR in UZ node 121 in (    8   30): -0.2885800     mm =   1.461164    %, timestep= 135.000 min.
==> UZ-restart no.   3 from 1970  6 25  8  0 (   4209.69 hrs), DT= 101.250 min.

 ERROR in UZ node 121 in (    8   30): -0.2040535     mm =   1.033182    %, timestep= 101.250 min.
==> UZ-restart no.   4 from 1970  6 25  8  0 (   4209.27 hrs), DT=  75.938 min.

 ERROR in UZ node 121 in (   22   11): -0.2752373     mm =   1.393607    %, timestep= 120.000 min.


PRINT OF RESULTS OF UZ COMPUTATIONS AT 1970  9  1 16  0   (  1418 STEPS,   5848.000000     HRS) ,  Time step length =   120.0000000     min.

Grid point (   22   11) , Ground level =   64.51 m , Overland water depth =   0.000 m
No.iter.=   20


Node  DEPTH     PSI    frac_THETA_mm     FLUX_mm/dt   S_mm       m/s_KON_mm/dt   CAP     THETAOLD   PSIOLD   ERROR_mm SOIL (no. & name)
 -------------------------------------------------------------------------------------------------------------------------------------
 122  0.025-0.453E+01  0.0940   4.701      -0.9600  0.000000 0.353E-09  0.0025 0.828E-02   4.674-0.459E+01-0.244E-06   1: JB-1
 121  0.075-0.411E+02  0.0387   1.935      -0.9335  0.000000 0.102E-11  0.0000 0.217E-03   1.281-0.127E+03-0.275E+00   1: JB-1
 120  0.125-0.743E+02  0.0310   1.938      -0.0033  0.000000 0.379E-12  0.0000 0.151E-03   1.934-0.748E+02 0.283E-04   1: JB-1
 119  0.200-0.544E+02  0.0348   3.046       0.0011  0.000000 0.792E-12  0.0000 0.233E-03   3.047-0.544E+02-0.111E-04   1: JB-1
 118  0.300-0.442E+02  0.0377   3.767       0.0008  0.000000 0.132E-11  0.0000 0.314E-03   3.766-0.442E+02 0.127E-04   1: JB-1
 117  0.400-0.352E+02  0.0411   4.107       0.0012  0.000000 0.233E-11  0.0000 0.438E-03   4.105-0.353E+02 0.410E-04   1: JB-1
 116  0.500-0.255E+02  0.0466   4.658       0.0026  0.000000 0.514E-11  0.0000 0.697E-03   4.654-0.255E+02 0.111E-03   1: JB-1
 115  0.600-0.166E+02  0.0553   5.526       0.0064  0.000000 0.151E-10  0.0001 0.131E-02   5.519-0.166E+02 0.104E-03   1: JB-1
 114  0.700-0.105E+02  0.0666   9.154       0.0134  0.000000 0.467E-10  0.0003 0.255E-02   9.142-0.105E+02 0.190E-03   1: JB-1
 113  0.875-0.563E+01  0.0858  18.243       0.0249  0.000000 0.214E-09  0.0015 0.622E-02  18.249-0.563E+01-0.617E-04   1: JB-1
 112  1.125-0.376E+01  0.1016  25.397       0.0188  0.000000 0.590E-09  0.0042 0.113E-01  25.403-0.375E+01 0.000E+00   1: JB-1
 111  1.375-0.297E+01  0.1121  28.027       0.0127  0.000000 0.103E-08  0.0075 0.156E-01  28.032-0.296E+01-0.391E-04   1: JB-1
 110  1.625-0.251E+01  0.1201  30.025       0.0074  0.000000 0.153E-08  0.0110 0.196E-01  30.030-0.251E+01-0.503E-04   1: JB-1
 109  1.875-0.222E+01  0.1266  31.651       0.0025  0.000000 0.203E-08  0.0146 0.231E-01  31.656-0.221E+01-0.153E-03   1: JB-1
 108  2.125-0.200E+01  0.1321  33.035      -0.0023  0.000000 0.268E-08  0.0193 0.271E-01  33.040-0.200E+01-0.559E-04   1: JB-1
 107  2.375-0.183E+01  0.1370  34.243      -0.0073  0.000000 0.334E-08  0.0241 0.308E-01  34.248-0.183E+01-0.224E-04   1: JB-1
 106  2.625-0.170E+01  0.1413  35.318      -0.0124  0.000000 0.395E-08  0.0284 0.339E-01  35.323-0.170E+01-0.522E-04   1: JB-1
 105  2.875-0.159E+01  0.1452  36.292      -0.0176  0.000000 0.467E-08  0.0336 0.373E-01  36.297-0.159E+01-0.373E-04   1: JB-1
 104  3.125-0.150E+01  0.1488  37.194      -0.0225  0.000000 0.521E-08  0.0375 0.397E-01  37.200-0.150E+01-0.160E-03   1: JB-1
 103  3.375-0.142E+01  0.1522  47.566      -0.0277  0.000000 0.615E-08  0.0443 0.437E-01  47.572-0.142E+01-0.419E-04   1: JB-1
 102  3.750-0.131E+01  0.1574  68.852      -0.0340  0.000000 0.726E-08  0.0522 0.480E-01  68.860-0.131E+01-0.215E-03   1: JB-1
 101  4.250-0.115E+01  0.1661  83.066      -0.0421  0.000000 0.101E-07  0.0726 0.578E-01  83.074-0.115E+01-0.186E-03   1: JB-1
 100  4.750-0.892E+00  0.1837  91.859      -0.0504  0.000000 0.183E-07  0.1320 0.808E-01  91.864-0.892E+00-0.447E-04   1: JB-1
  99  5.250-0.471E+00  0.2343 201.685      -0.0553  0.000000 0.795E-07  0.5727 0.177E+00 201.689-0.471E+00 0.136E-02   1: JB-1
  98  5.750 0.284E-01  0.3949 109.930      -0.0614  0.000000 0.112E-04 80.9181 0.110E+00 109.966 0.284E-01 0.000E+00   1: JB-1
                           qbou(mm/dt): -0.6137353E-01

Level of phreatic surface  HPSI0=    58.792  HSZ=    58.792  (depth=    5.7216m)  SYield=0.21945
 TIMEUZ=  5848.000
==> UZ-restart no.   1 from 1970  9  1 14  0 (   5847.50 hrs), DT=  90.000 min.

 ERROR in UZ node 121 in (   23    9): -0.2409492     mm =   1.219996    %, timestep= 360.000 min.


PRINT OF RESULTS OF UZ COMPUTATIONS AT 1971  6 19 18  0   (  3451 STEPS,   12834.00000     HRS) ,  Time step length =   360.0000000     min.

Grid point (   23    9) , Ground level =   64.28 m , Overland water depth =   0.000 m
No.iter.=   18


Node  DEPTH     PSI    frac_THETA_mm     FLUX_mm/dt   S_mm       m/s_KON_mm/dt   CAP     THETAOLD   PSIOLD   ERROR_mm SOIL (no. & name)
 -------------------------------------------------------------------------------------------------------------------------------------
 122  0.025-0.640E+01  0.0814   4.071      -1.1508  0.154565 0.149E-09  0.0032 0.498E-02   4.002-0.667E+01-0.151E-06   1: JB-1
 121  0.075-0.349E+02  0.0412   2.061      -0.9264  0.010153 0.150E-11  0.0000 0.284E-03   1.401-0.984E+02-0.241E+00   1: JB-1
 120  0.125-0.710E+02  0.0315   1.971      -0.0150  0.019791 0.425E-12  0.0000 0.162E-03   1.973-0.707E+02-0.300E-04   1: JB-1
 119  0.200-0.584E+02  0.0339   2.966       0.0020  0.031823 0.708E-12  0.0000 0.218E-03   2.998-0.568E+02-0.471E-03   1: JB-1
 118  0.300-0.479E+02  0.0365   3.652       0.0021  0.038016 0.115E-11  0.0000 0.289E-03   3.681-0.469E+02-0.412E-03   1: JB-1
 117  0.400-0.283E+02  0.0447   4.472       0.0111  0.045015 0.410E-11  0.0001 0.610E-03   4.491-0.280E+02-0.376E-03   1: JB-1
 116  0.500-0.145E+02  0.0583   5.832       0.0373  0.048650 0.211E-10  0.0005 0.160E-02   5.845-0.144E+02-0.217E-03   1: JB-1
 115  0.600-0.811E+01  0.0739   7.388       0.0733  0.046565 0.868E-10  0.0019 0.367E-02   7.398-0.808E+01-0.269E-03   1: JB-1
 114  0.700-0.515E+01  0.0891  12.252       0.1096  0.000000 0.268E-09  0.0058 0.710E-02  12.265-0.514E+01-0.115E-03   1: JB-1
 113  0.875-0.341E+01  0.1057  22.464       0.0969  0.000000 0.739E-09  0.0160 0.128E-01  22.488-0.341E+01-0.125E-03   1: JB-1
 112  1.125-0.245E+01  0.1215  30.363       0.0730  0.000000 0.162E-08  0.0350 0.203E-01  30.388-0.244E+01-0.613E-03   1: JB-1
 111  1.375-0.195E+01  0.1336  33.400       0.0483  0.000000 0.283E-08  0.0611 0.280E-01  33.422-0.194E+01-0.510E-03   1: JB-1
 110  1.625-0.161E+01  0.1444  36.112       0.0264  0.000000 0.441E-08  0.0953 0.361E-01  36.132-0.161E+01-0.514E-03   1: JB-1
 109  1.875-0.135E+01  0.1555  38.885       0.0074  0.000000 0.687E-08  0.1483 0.465E-01  38.902-0.135E+01-0.376E-03   1: JB-1
 108  2.125-0.111E+01  0.1684  42.090      -0.0096  0.000000 0.113E-07  0.2430 0.615E-01  42.105-0.111E+01-0.149E-04   1: JB-1
 107  2.375-0.878E+00  0.1849  46.227      -0.0250  0.000000 0.193E-07  0.4180 0.832E-01  46.241-0.877E+00-0.559E-04   1: JB-1
 106  2.625-0.644E+00  0.2087  52.164      -0.0396  0.000000 0.386E-07  0.8348 0.121E+00  52.178-0.643E+00-0.287E-03   1: JB-1
 105  2.875-0.402E+00  0.2476  61.890      -0.0539  0.000000 0.113E-06  2.4353 0.210E+00  61.907-0.402E+00-0.335E-04   1: JB-1
 104  3.125-0.154E+00  0.3239  96.302      -0.0713  0.000000 0.680E-06 14.6975 0.438E+00  96.326-0.154E+00 0.173E-02   1: JB-1
 103  3.375 0.956E-01  0.3949 111.801      -0.0967  0.000000 0.112E-04242.7543 0.110E+00 111.921 0.959E-01 0.000E+00   1: JB-1
                           qbou(mm/dt): -0.9669089E-01

Level of phreatic surface  HPSI0=    61.000  HSZ=    61.000  (depth=    3.2794m)  SYield=0.21945
 TIMEUZ= 12834.000
==> UZ-restart no.   1 from 1971  6 19 12  0 (  12832.50 hrs), DT= 270.000 min.

 ERROR in UZ node 121 in (   18   27): -0.2419077     mm =   1.224849    %, timestep= 118.335 min.


PRINT OF RESULTS OF UZ COMPUTATIONS AT 1971  6 21 11 55   (  3466 STEPS,   12875.91674     HRS) ,  Time step length =   118.3347734     min.

Grid point (   18   27) , Ground level =   56.55 m , Overland water depth =   0.000 m
No.iter.=   19


Node  DEPTH     PSI    frac_THETA_mm     FLUX_mm/dt   S_mm       m/s_KON_mm/dt   CAP     THETAOLD   PSIOLD   ERROR_mm SOIL (no. & name)
 -------------------------------------------------------------------------------------------------------------------------------------
 122  0.025-0.448E+01  0.0944   4.722      -1.0374  0.000000 0.337E-09  0.0024 0.804E-02   4.562-0.486E+01-0.140E-06   1: JB-1
 121  0.075-0.410E+02  0.0388   1.938      -0.8773  0.000000 0.988E-12  0.0000 0.221E-03   1.305-0.120E+03-0.242E+00   1: JB-1
 120  0.125-0.662E+02  0.0324   2.023      -0.0027  0.000000 0.503E-12  0.0000 0.178E-03   2.018-0.666E+02 0.314E-04   1: JB-1
 119  0.200-0.443E+02  0.0376   3.293       0.0019  0.000000 0.132E-11  0.0000 0.314E-03   3.294-0.442E+02-0.199E-04   1: JB-1
 118  0.300-0.350E+02  0.0412   4.118       0.0012  0.000000 0.246E-11  0.0000 0.453E-03   4.118-0.350E+02 0.373E-06   1: JB-1
 117  0.400-0.281E+02  0.0448   4.482       0.0016  0.000000 0.410E-11  0.0000 0.610E-03   4.479-0.282E+02 0.708E-04   1: JB-1
 116  0.500-0.189E+02  0.0525   5.248       0.0048  0.000000 0.107E-10  0.0001 0.107E-02   5.240-0.189E+02 0.227E-03   1: JB-1
 115  0.600-0.115E+02  0.0639   6.393       0.0123  0.000000 0.372E-10  0.0003 0.223E-02   6.385-0.116E+02 0.350E-04   1: JB-1
 114  0.700-0.743E+01  0.0766  10.529       0.0208  0.000000 0.109E-09  0.0008 0.419E-02  10.521-0.744E+01 0.615E-04   1: JB-1
 113  0.875-0.442E+01  0.0949  20.175       0.0279  0.000000 0.376E-09  0.0027 0.866E-02  20.178-0.442E+01-0.117E-03   1: JB-1
 112  1.125-0.296E+01  0.1123  28.066       0.0243  0.000000 0.103E-08  0.0073 0.156E-01  28.076-0.295E+01-0.913E-04   1: JB-1
 111  1.375-0.233E+01  0.1239  30.981       0.0151  0.000000 0.181E-08  0.0129 0.216E-01  30.990-0.233E+01-0.246E-03   1: JB-1
 110  1.625-0.199E+01  0.1324  33.104       0.0060  0.000000 0.268E-08  0.0190 0.271E-01  33.113-0.199E+01-0.216E-03   1: JB-1
 109  1.875-0.177E+01  0.1390  34.756      -0.0026  0.000000 0.354E-08  0.0251 0.318E-01  34.764-0.177E+01-0.220E-03   1: JB-1
 108  2.125-0.161E+01  0.1444  36.098      -0.0108  0.000000 0.441E-08  0.0313 0.361E-01  36.105-0.161E+01-0.194E-03   1: JB-1
 107  2.375-0.150E+01  0.1489  37.226      -0.0183  0.000000 0.521E-08  0.0370 0.397E-01  37.233-0.150E+01-0.231E-03   1: JB-1
 106  2.625-0.141E+01  0.1528  38.190      -0.0258  0.000000 0.615E-08  0.0437 0.437E-01  38.197-0.141E+01-0.175E-03   1: JB-1
 105  2.875-0.134E+01  0.1561  39.022      -0.0329  0.000000 0.687E-08  0.0488 0.465E-01  39.029-0.133E+01-0.194E-03   1: JB-1
 104  3.125-0.128E+01  0.1591  39.766      -0.0392  0.000000 0.767E-08  0.0544 0.495E-01  39.773-0.127E+01-0.209E-03   1: JB-1
 103  3.375-0.123E+01  0.1617  50.520      -0.0462  0.000000 0.856E-08  0.0608 0.527E-01  50.528-0.123E+01-0.186E-03   1: JB-1
 102  3.750-0.117E+01  0.1650  72.186      -0.0540  0.000000 0.955E-08  0.0678 0.561E-01  72.197-0.117E+01-0.287E-03   1: JB-1
 101  4.250-0.110E+01  0.1686  84.309      -0.0649  0.000000 0.113E-07  0.0799 0.615E-01  84.321-0.110E+01-0.522E-04   1: JB-1
 100  4.750-0.106E+01  0.1716  85.793      -0.0766  0.000000 0.125E-07  0.0891 0.654E-01  85.801-0.106E+01 0.000E+00   1: JB-1
  99  5.250-0.102E+01  0.1740  86.976      -0.0851  0.000000 0.132E-07  0.0941 0.674E-01  86.983-0.102E+01-0.119E-03   1: JB-1
  98  5.750-0.997E+00  0.1758  87.892      -0.0916  0.000000 0.140E-07  0.0993 0.695E-01  87.898-0.996E+00-0.142E-03   1: JB-1
  97  6.250-0.975E+00  0.1773  88.659      -0.0977  0.000000 0.148E-07  0.1049 0.716E-01  88.665-0.975E+00-0.134E-03   1: JB-1
  96  6.750-0.959E+00  0.1786  89.279      -0.1042  0.000000 0.156E-07  0.1107 0.738E-01  89.283-0.958E+00-0.447E-04   1: JB-1
  95  7.250-0.949E+00  0.1792  89.623      -0.1087  0.000000 0.156E-07  0.1107 0.738E-01  89.625-0.949E+00-0.298E-04   1: JB-1
  94  7.750-0.945E+00  0.1796  89.778      -0.1098  0.000000 0.156E-07  0.1107 0.738E-01  89.779-0.945E+00-0.224E-04   1: JB-1
  93  8.250-0.945E+00  0.1796  89.790      -0.1106  0.000000 0.156E-07  0.1107 0.738E-01  89.792-0.945E+00-0.596E-04   1: JB-1
  92  8.750-0.954E+00  0.1789 111.815      -0.1127  0.000000 0.156E-07  0.1107 0.738E-01 111.814-0.954E+00 0.466E-04   1: JB-1
  91  9.500-0.997E+00  0.1758 153.794      -0.1110  0.000000 0.140E-07  0.0993 0.695E-01 153.780-0.997E+00 0.274E-03   1: JB-1
  90 10.500-0.109E+01  0.1698 169.780      -0.0976  0.000000 0.113E-07  0.0799 0.615E-01 169.763-0.109E+01 0.492E-03   1: JB-1
  89 11.500-0.115E+01  0.1659 165.883      -0.0806  0.000000 0.101E-07  0.0716 0.578E-01 165.874-0.115E+01 0.745E-04   1: JB-1
  88 12.500-0.117E+01  0.1649 164.898      -0.0709  0.000000 0.955E-08  0.0678 0.561E-01 164.896-0.117E+01 0.298E-04   1: JB-1
  87 13.500-0.115E+01  0.1657 165.744      -0.0687  0.000000 0.101E-07  0.0716 0.578E-01 165.746-0.115E+01-0.298E-04   1: JB-1
  86 14.500-0.112E+01  0.1676 167.570      -0.0714  0.000000 0.107E-07  0.0756 0.596E-01 167.574-0.112E+01-0.596E-04   1: JB-1
  85 15.500-0.109E+01  0.1696 169.615      -0.0752  0.000000 0.113E-07  0.0799 0.615E-01 169.622-0.109E+01-0.194E-03   1: JB-1
  84 16.500-0.106E+01  0.1717 171.745      -0.0817  0.000000 0.125E-07  0.0891 0.654E-01 171.752-0.106E+01-0.149E-04   1: JB-1
  83 17.500-0.103E+01  0.1738 173.774      -0.0888  0.000000 0.132E-07  0.0941 0.674E-01 173.779-0.103E+01-0.745E-04   1: JB-1
  82 18.500-0.997E+00  0.1757 175.747      -0.0939  0.000000 0.140E-07  0.0993 0.695E-01 175.751-0.997E+00-0.894E-04   1: JB-1
  81 19.500-0.117E+01  0.1647 164.726      -0.0980  0.000000 0.955E-08  0.0678 0.561E-01 164.730-0.117E+01-0.104E-03   1: JB-1
  80 20.500-0.367E+00  0.2553 247.996      -0.1022  0.000000 0.137E-06  0.9729 0.231E+00 248.021-0.367E+00-0.436E-04   1: JB-1
  79 21.500 0.630E+00  0.3950 446.329      -0.1277  0.000000 0.112E-04 79.7952 0.110E+00 446.285 0.630E+00 0.000E+00   1: JB-1
                           qbou(mm/dt): -0.1277026    

Level of phreatic surface  HPSI0=    35.685  HSZ=    35.685  (depth=   20.8701m)  SYield=0.21945
 TIMEUZ= 12875.917
==> UZ-restart no.   1 from 1971  6 21  9 57 (  12875.42 hrs), DT=  88.751 min.

 ERROR in UZ node 121 in (   23    9): -0.2836220     mm =   1.436061    %, timestep= 240.000 min.


PRINT OF RESULTS OF UZ COMPUTATIONS AT 1971  7 16 18  0   (  3691 STEPS,   13482.00000     HRS) ,  Time step length =   240.0000000     min.

Grid point (   23    9) , Ground level =   64.28 m , Overland water depth =   0.000 m
No.iter.=   25


Node  DEPTH     PSI    frac_THETA_mm     FLUX_mm/dt   S_mm       m/s_KON_mm/dt   CAP     THETAOLD   PSIOLD   ERROR_mm SOIL (no. & name)
 -------------------------------------------------------------------------------------------------------------------------------------
 122  0.025-0.565E+01  0.0857   4.286      -1.0047  0.088310 0.223E-09  0.0032 0.633E-02   4.360-0.542E+01-0.151E-06   1: JB-1
 121  0.075-0.363E+02  0.0406   2.030      -0.9905  0.004552 0.134E-11  0.0000 0.258E-03   1.337-0.112E+03-0.284E+00   1: JB-1
 120  0.125-0.705E+02  0.0316   1.976      -0.0087  0.012069 0.425E-12  0.0000 0.162E-03   1.975-0.706E+02 0.179E-04   1: JB-1
 119  0.200-0.455E+02  0.0373   3.260       0.0041  0.023036 0.128E-11  0.0000 0.309E-03   3.283-0.446E+02-0.483E-03   1: JB-1
 118  0.300-0.320E+02  0.0426   4.265       0.0042  0.028499 0.309E-11  0.0000 0.517E-03   4.292-0.314E+02-0.333E-03   1: JB-1
 117  0.400-0.236E+02  0.0481   4.805       0.0057  0.028376 0.645E-11  0.0001 0.796E-03   4.825-0.233E+02-0.325E-03   1: JB-1
 116  0.500-0.153E+02  0.0571   5.708       0.0149  0.027992 0.189E-10  0.0003 0.150E-02   5.716-0.152E+02-0.235E-04   1: JB-1
 115  0.600-0.924E+01  0.0700   7.003       0.0354  0.026494 0.637E-10  0.0009 0.306E-02   7.006-0.923E+01-0.529E-04   1: JB-1
 114  0.700-0.594E+01  0.0840  11.545       0.0586  0.000000 0.191E-09  0.0028 0.583E-02  11.552-0.593E+01-0.236E-04   1: JB-1
 113  0.875-0.395E+01  0.0995  21.143       0.0516  0.000000 0.499E-09  0.0072 0.102E-01  21.152-0.394E+01-0.285E-03   1: JB-1
 112  1.125-0.282E+01  0.1146  28.640       0.0421  0.000000 0.116E-08  0.0167 0.167E-01  28.649-0.281E+01-0.188E-03   1: JB-1
 111  1.375-0.221E+01  0.1267  31.680       0.0338  0.000000 0.214E-08  0.0308 0.238E-01  31.689-0.221E+01-0.112E-04   1: JB-1
 110  1.625-0.180E+01  0.1380  34.494       0.0252  0.000000 0.334E-08  0.0482 0.308E-01  34.502-0.180E+01-0.227E-03   1: JB-1
 109  1.875-0.148E+01  0.1496  37.400       0.0179  0.000000 0.551E-08  0.0793 0.410E-01  37.407-0.148E+01-0.708E-04   1: JB-1
 108  2.125-0.120E+01  0.1628  40.698       0.0109  0.000000 0.904E-08  0.1302 0.544E-01  40.706-0.120E+01-0.745E-04   1: JB-1
 107  2.375-0.950E+00  0.1792  44.807       0.0037  0.000000 0.156E-07  0.2245 0.738E-01  44.815-0.949E+00-0.186E-03   1: JB-1
 106  2.625-0.702E+00  0.2018  50.451      -0.0039  0.000000 0.313E-07  0.4507 0.108E+00  50.460-0.702E+00-0.201E-03   1: JB-1
 105  2.875-0.456E+00  0.2369  59.235      -0.0119  0.000000 0.837E-07  1.2046 0.181E+00  59.244-0.456E+00-0.138E-03   1: JB-1
 104  3.125-0.208E+00  0.3023 110.195      -0.0206  0.000000 0.406E-06  5.8493 0.368E+00 110.184-0.208E+00-0.229E-02   1: JB-1
 103  3.375 0.425E-01  0.3949  90.819      -0.0072  0.000000 0.112E-04161.8362 0.110E+00  90.729 0.422E-01 0.000E+00   1: JB-1
                           qbou(mm/dt): -0.7226265E-02

Level of phreatic surface  HPSI0=    60.947  HSZ=    60.947  (depth=    3.3325m)  SYield=0.21945
 TIMEUZ= 13482.000
==> UZ-restart no.   1 from 1971  7 16 14  0 (  13481.00 hrs), DT= 180.000 min.

 ERROR in UZ node 121 in (   22   11): -0.2567977     mm =   1.300241    %, timestep= 240.000 min.


PRINT OF RESULTS OF UZ COMPUTATIONS AT 1971  7 23  0  0   (  3725 STEPS,   13632.00000     HRS) ,  Time step length =   240.0000000     min.

Grid point (   22   11) , Ground level =   64.51 m , Overland water depth =   0.000 m
No.iter.=   21


Node  DEPTH     PSI    frac_THETA_mm     FLUX_mm/dt   S_mm       m/s_KON_mm/dt   CAP     THETAOLD   PSIOLD   ERROR_mm SOIL (no. & name)
 -------------------------------------------------------------------------------------------------------------------------------------
 122  0.025-0.633E+01  0.0818   4.090      -1.1360  0.000000 0.133E-09  0.0019 0.460E-02   3.808-0.753E+01 0.466E-07   1: JB-1
 121  0.075-0.505E+02  0.0358   1.790      -0.8540  0.000000 0.600E-12  0.0000 0.166E-03   1.200-0.153E+03-0.257E+00   1: JB-1
 120  0.125-0.129E+03  0.0255   1.592      -0.0078  0.000000 0.942E-13  0.0000 0.671E-04   1.584-0.131E+03 0.158E-03   1: JB-1
 119  0.200-0.113E+03  0.0267   2.336       0.0004  0.000000 0.136E-12  0.0000 0.830E-04   2.336-0.113E+03-0.212E-05   1: JB-1
 118  0.300-0.108E+03  0.0271   2.706       0.0001  0.000000 0.152E-12  0.0000 0.887E-04   2.706-0.108E+03-0.745E-06   1: JB-1
 117  0.400-0.993E+02  0.0279   2.792       0.0002  0.000000 0.181E-12  0.0000 0.980E-04   2.790-0.995E+02 0.600E-04   1: JB-1
 116  0.500-0.596E+02  0.0336   3.364       0.0023  0.000000 0.631E-12  0.0000 0.204E-03   3.354-0.601E+02 0.266E-03   1: JB-1
 115  0.600-0.273E+02  0.0454   4.537       0.0115  0.000000 0.434E-11  0.0001 0.631E-03   4.521-0.275E+02 0.433E-03   1: JB-1
 114  0.700-0.137E+02  0.0597   8.204       0.0272  0.000000 0.237E-10  0.0003 0.171E-02   8.183-0.138E+02 0.557E-03   1: JB-1
 113  0.875-0.657E+01  0.0806  17.121       0.0481  0.000000 0.144E-09  0.0021 0.494E-02  17.126-0.656E+01-0.138E-03   1: JB-1
 112  1.125-0.399E+01  0.0991  24.780       0.0432  0.000000 0.499E-09  0.0072 0.102E-01  24.792-0.398E+01-0.156E-03   1: JB-1
 111  1.375-0.301E+01  0.1114  27.862       0.0309  0.000000 0.978E-09  0.0141 0.151E-01  27.875-0.300E+01-0.317E-03   1: JB-1
 110  1.625-0.250E+01  0.1204  30.091       0.0186  0.000000 0.153E-08  0.0221 0.196E-01  30.103-0.250E+01-0.300E-03   1: JB-1
 109  1.875-0.219E+01  0.1273  31.825       0.0069  0.000000 0.214E-08  0.0308 0.238E-01  31.837-0.218E+01-0.253E-03   1: JB-1
 108  2.125-0.197E+01  0.1330  33.247      -0.0046  0.000000 0.283E-08  0.0408 0.280E-01  33.258-0.197E+01-0.261E-04   1: JB-1
 107  2.375-0.181E+01  0.1378  34.458      -0.0156  0.000000 0.334E-08  0.0482 0.308E-01  34.469-0.180E+01-0.317E-03   1: JB-1
 106  2.625-0.168E+01  0.1421  35.522      -0.0265  0.000000 0.418E-08  0.0601 0.350E-01  35.532-0.168E+01-0.745E-05   1: JB-1
 105  2.875-0.157E+01  0.1459  36.479      -0.0370  0.000000 0.467E-08  0.0672 0.373E-01  36.490-0.157E+01-0.298E-03   1: JB-1
 104  3.125-0.148E+01  0.1495  37.365      -0.0472  0.000000 0.551E-08  0.0793 0.410E-01  37.375-0.148E+01-0.931E-04   1: JB-1
 103  3.375-0.140E+01  0.1529  47.781      -0.0571  0.000000 0.615E-08  0.0886 0.437E-01  47.793-0.140E+01-0.307E-03   1: JB-1
 102  3.750-0.129E+01  0.1583  69.268      -0.0691  0.000000 0.767E-08  0.1104 0.495E-01  69.285-0.129E+01-0.183E-03   1: JB-1
 101  4.250-0.110E+01  0.1687  84.340      -0.0856  0.000000 0.113E-07  0.1620 0.615E-01  84.352-0.110E+01-0.596E-04   1: JB-1
 100  4.750-0.805E+00  0.1914  95.706      -0.0981  0.000000 0.227E-07  0.3274 0.910E-01  95.722-0.804E+00-0.425E-03   1: JB-1
  99  5.250-0.351E+00  0.2591 178.589      -0.1133  0.000000 0.147E-06  2.1215 0.239E+00 178.610-0.351E+00 0.260E-02   1: JB-1
  98  5.750 0.148E+00  0.3949 157.330      -0.1370  0.000000 0.112E-04161.8362 0.110E+00 157.430 0.149E+00 0.000E+00   1: JB-1
                           qbou(mm/dt): -0.1370075    

Level of phreatic surface  HPSI0=    58.912  HSZ=    58.912  (depth=    5.6016m)  SYield=0.21945
 TIMEUZ= 13632.000
==> UZ-restart no.   1 from 1971  7 22 20  0 (  13631.00 hrs), DT= 180.000 min.

 ERROR in UZ node 121 in (    2   25): -0.3136037     mm =   1.587867    %, timestep= 201.823 min.


PRINT OF RESULTS OF UZ COMPUTATIONS AT 1972  7 24 13 22   (  7015 STEPS,   22453.36372     HRS) ,  Time step length =   201.8234239     min.

Grid point (    2   25) , Ground level =   34.75 m , Overland water depth =   0.000 m
No.iter.=   31


Node  DEPTH     PSI    frac_THETA_mm     FLUX_mm/dt   S_mm       m/s_KON_mm/dt   CAP     THETAOLD   PSIOLD   ERROR_mm SOIL (no. & name)
 -------------------------------------------------------------------------------------------------------------------------------------
 122  0.025-0.471E+01  0.0925   4.625      -1.5150  0.000000 0.257E-09  0.0031 0.651E-02   4.102-0.629E+01 0.931E-07   1: JB-1
 121  0.075-0.363E+02  0.0406   2.029      -0.9914  0.000000 0.142E-11  0.0000 0.276E-03   1.355-0.108E+03-0.314E+00   1: JB-1
 120  0.125-0.502E+02  0.0359   2.242      -0.0040  0.000000 0.968E-12  0.0000 0.262E-03   2.224-0.513E+02 0.256E-03   1: JB-1
 119  0.200-0.248E+02  0.0471   4.120       0.0134  0.000000 0.560E-11  0.0001 0.733E-03   4.103-0.251E+02 0.217E-03   1: JB-1
 118  0.300-0.119E+02  0.0633   6.326       0.0310  0.000000 0.342E-10  0.0004 0.212E-02   6.296-0.120E+02 0.391E-03   1: JB-1
 117  0.400-0.642E+01  0.0813   8.132       0.0604  0.000000 0.153E-09  0.0018 0.511E-02   8.107-0.647E+01 0.520E-03   1: JB-1
 116  0.500-0.408E+01  0.0982   9.818       0.0848  0.000000 0.471E-09  0.0057 0.987E-02   9.827-0.407E+01-0.158E-03   1: JB-1
 115  0.600-0.308E+01  0.1104  11.041       0.0762  0.000000 0.925E-09  0.0112 0.146E-01  11.057-0.307E+01-0.418E-03   1: JB-1
 114  0.700-0.255E+01  0.1194  16.414       0.0611  0.000000 0.145E-08  0.0175 0.190E-01  16.434-0.254E+01-0.588E-03   1: JB-1
 113  0.875-0.207E+01  0.1303  27.688       0.0418  0.000000 0.246E-08  0.0298 0.258E-01  27.716-0.206E+01-0.450E-03   1: JB-1
 112  1.125-0.172E+01  0.1406  35.146       0.0144  0.000000 0.374E-08  0.0453 0.328E-01  35.172-0.172E+01-0.790E-03   1: JB-1
 111  1.375-0.152E+01  0.1479  36.974      -0.0111  0.000000 0.521E-08  0.0631 0.397E-01  36.995-0.152E+01-0.134E-03   1: JB-1
 110  1.625-0.139E+01  0.1538  38.439      -0.0320  0.000000 0.650E-08  0.0787 0.451E-01  38.456-0.138E+01-0.134E-03   1: JB-1
 109  1.875-0.127E+01  0.1592  39.801      -0.0485  0.000000 0.810E-08  0.0981 0.511E-01  39.813-0.127E+01-0.149E-04   1: JB-1
 108  2.125-0.116E+01  0.1652  41.306      -0.0604  0.000000 0.982E-08  0.1189 0.569E-01  41.315-0.116E+01-0.127E-03   1: JB-1
 107  2.375-0.104E+01  0.1729  43.214      -0.0690  0.000000 0.125E-07  0.1519 0.654E-01  43.223-0.104E+01-0.220E-03   1: JB-1
 106  2.625-0.892E+00  0.1837  45.932      -0.0772  0.000000 0.183E-07  0.2220 0.808E-01  45.938-0.892E+00-0.745E-04   1: JB-1
 105  2.875-0.712E+00  0.2007  50.180      -0.0841  0.000000 0.313E-07  0.3790 0.108E+00  50.186-0.712E+00-0.373E-04   1: JB-1
 104  3.125-0.500E+00  0.2293  57.328      -0.0901  0.000000 0.683E-07  0.8272 0.164E+00  57.335-0.499E+00-0.123E-03   1: JB-1
 103  3.375-0.262E+00  0.2837 124.381      -0.0971  0.000000 0.263E-06  3.1881 0.310E+00 124.380-0.262E+00-0.235E-03   1: JB-1
 102  3.750 0.113E+00  0.3949 143.264      -0.0956  0.000000 0.112E-04136.0930 0.110E+00 143.213 0.113E+00 0.000E+00   1: JB-1
                           qbou(mm/dt): -0.9564925E-01

Level of phreatic surface  HPSI0=    31.108  HSZ=    31.108  (depth=    3.6372m)  SYield=0.21945
 TIMEUZ= 22453.364
==> UZ-restart no.   1 from 1972  7 24 10  0 (  22452.52 hrs), DT= 151.368 min.

Storing hotstart data at 1972 12 28  0  0 (   26208.00     hrs)



 NORMAL COMPLETION OF MShe_WaterMovement RUN


Simulation ended after    26304.00     hrs ,                8558 time steps.
 

No. of UZ time steps             :      8558
Average time step length         :   3.074   hrs
No. of cumputational columns     :        57
Total no. of iterations          :   1195636
- Average / column / step        :      2.45
- Max. iter exceeded in          :         1   steps
Restart with reduced time step in:         7   steps
- Total no. time step reductions :        10
- Average / restart-step         :      1.43

 WARNING: Evaporation from ponded water on ground surface has been reduced
          in UZ class(es) with less ponded water in transfer point(s)
          than in the corresponding computational point(s).
          Total apriori :   1.330168     [ catchment mm ]
          Total used    :   1.296592     [ - - ]  ( 97.48 % of apriori ).
          Please check the applied UZ classification.


 Table of UZ cells where ponding evaporation has been reduced more than 1.00 %,
 sorted after reduction normalised with catchment area,
 i.e. Cell reduction X no. of cells with actual UZ code / no. of catchment cells(   438):

 UZ code    Comp.point  Apriori[cell-mm] Used[cell-mm]  Red.[cell-mm]  No.cells ==> Red.[Catch-mm]
    -22  (    14    22)   1.396265       1.088694      0.3075711            24  0.1685321E-01
    -31  (    16    21)   4.717502       4.515397      0.2021049            14  0.6459975E-02
    -44  (    20    11)   13.92423       13.49773      0.4265055             4  0.3895028E-02
     -6  (     3    24)   16.43864       15.79337      0.6452644             2  0.2946413E-02
    -24  (    13    26)   1.468374       1.330666      0.1377075             9  0.2829607E-02
    -19  (    11    27)   4.405663       4.353797      0.5186545E-01         5  0.5920713E-03

No. of Overland time steps       :      8790
Average time step length         :   2.99249   hrs. = 179.54949   min. =   10772.97       sec.
Total no. of iterations          :     10993
- Average / step                 :      1.25
- Max. iter exceeded in          : 0 steps.

 INFO   : MIKE 11 coupling terminated normally.
          Total no. of constant MIKE 11 time steps:    13152
          Total MIKE 11 simulation time:   26304.00      hrs

 Calling MIKE 11 with request to terminate normally after   26304.00     hrs of simulation...

 ==> MSHETOM11_NORMALEND ...
 Ok

No. of SZ time steps             :      4279
Average time step length         :   6.147   hrs.
Total no. of iterations          :      8860
- Average / step                 :      2.07
- Max. iter exceeded in          :         0   steps.

ELAPSED TIME USAGE
==================
Function                                Elapsed seconds
-------------------------------------------------------
 Initialization phase                       1.152000    
 Simulation phase (includes others below)   64.80600    
 SZ                                         7.798000    
 UZ + ET                                    12.75800    
 Overland                                   1.045000    
 River                                      31.41000    
 Met. input                                 6.177000    
 Veg. input                                0.3030000    
 Grid series output                        0.3780000    
 Detailed TS output                        0.6630000    

Normal termination.
