

                                      E
       EUROPEAN HYDROLOGIC SYSTEM  S  H  E  SYSTEME HYDROLOGIQUE EUROPEEN
                                      S

                                     / \ 
                                     \ / 

                          M I K E   S H E   W M   -   a   DHI   Product
                          =============================================
 
       MIKE SHE version : 2013-Development





       Flow input file : C:\work\SOLProjects\11810549_HydroCast\TestModels\Karup\ObsModel\Karup_DA.SHE
       -----------------------------------------------------------------------------------------------



 

SZ Model option :
- Distributed

SZ Solver option:
- PCG, transient simulation

UZ option:
- Full Richards solution (Multi-Layer UZ)
================================================================================




 SIMULATION PERIOD : 1972/12/25, 0: 0 - 1976/ 1/ 1, 0: 0 

 Initial conditions from hot file at  : 1972/12/25, 0: 0

   -  Title        : Karup
   -  Description  : Geology from DK model


 COMPONENTS INCLUDED :   ET  UZ(Full Richards)  OC  SZ

 Optional components included:
   SZ drainage
   MIKE 11 coupling


 MODEL SIZE :
 
   No. of points in x-dir                 :    32
   No. of points in y-dir                 :    36
   No. of computational points pr layer   :   522
   No. of internal points (excl.boundary) :   438
   No. of SZ layers                       :     1
   No. of computational points in SZ      :   522
   No. of river links                     :   150
   No. of computational columns in UZ     :    57
   Max. no. of nodes pr UZ column         :   122

   Grid size (m)                          :  1000.00000
   Model origin (lower left corner) (m)   :    493525.15500000        6220425.9620000    
   Map Projection                         : NON-UTM
   Rotation (Counterclockwise, deg.)      :     0.0000000000000    



 END OF FRAME INITIALIZATION

Reading hotstart data at 1972 12 25  0  0
- Basic time step length
- Sz time step length
- Canopy Storage
- Overland Water Depth
- Uz Pressure Head
- Epsilon in UZ
- uz/sz coupling sinks of last UZ time step
- uz/sz coupling sinks of last SZ time step
- SZ Head Elevation



 ENTER  E T  INITIALIZATION
 --------------------------

End of ET initialization


 INIT_M11COUP:
 idstart: 1972 12 25  0  0
 idend  : 1976  1  1  0  0

 Loading the MIKE 11 dll:

 MSHEM11_CREATEM11LINK...
 irc=   0

 Calling MIKE 11 for initialisation: MSHETOM11_INIT_SIMULATION...
 irc=   0, Interface version=  13

- The simulation will use a constant MIKE 11 time step =   120.0000     min.

 Calling MIKE 11 with definition of coupling H-points...
 Ok

 Calling MIKE 11 with definition of coupling Q-points...
 Ok

 Calling MIKE 11 to get initial conditions...
 Ok

 INFO   : MIKE 11 coupling has been initialised
          Name of sim file : C:\work\SOLProjects\11810549_HydroCast\TestModels\Karup\ObsModel\MIKE11\karup.sim11
          Name of nwk file : karup.nwk11
          No. of MIKE SHE river links    :   150
          No. of MIKE 11 coupling H-points:    98
  Exit INIT_M11COUP, lok: T

 INFO   : Using gradual drain activation in SZ solver

 INFO   : Using average SZ conductance option.

INFO   : The specific yield of the top SZ layer has been taken from the initial hotstart input
         to maintain a consistent UZ-SZ coupling.



ENTER  U Z  INITIALISATION
--------------------------


End of UZ initialization

Initializing hotstart output...

The following data type(s) will be stored on the hotstart file:
- Basic time step length
- Sz time step length
- Canopy Storage
- Overland Water Depth
- Uz Pressure Head
- Epsilon in UZ
- uz/sz coupling sinks of last UZ time step
- uz/sz coupling sinks of last SZ time step
- SZ Head Elevation



Parallelization info
--------------------
Number of processors  : 4
Max. number of threads: 4
Number of threads allowed by actual license: Unlimited
Setting number of threads for actual application to 4
 





 START OF SIMULATION

 

Initializing SZ boundary data module ...

 ERROR in UZ node 121 in (   23    9): -0.2746126     mm =   1.390443    %, timestep= 240.000 min.


PRINT OF RESULTS OF UZ COMPUTATIONS AT 1973  7  4 20  0   (  1286 STEPS,   4604.000000     HRS) ,  Time step length =   240.0000000     min.

Grid point (   23    9) , Ground level =   64.28 m , Overland water depth =   0.000 m
No.iter.=   23


Node  DEPTH     PSI    frac_THETA_mm     FLUX_mm/dt   S_mm       m/s_KON_mm/dt   CAP     THETAOLD   PSIOLD   ERROR_mm SOIL (no. & name)
 -------------------------------------------------------------------------------------------------------------------------------------
 122  0.025-0.630E+01  0.1142   5.710      -1.1439  0.125905 0.171E-09  0.0025 0.600E-02   5.800-0.601E+01 0.140E-06   1: JB-1
 121  0.075-0.510E+02  0.0580   2.899      -1.1075  0.001135 0.716E-12  0.0000 0.222E-03   2.078-0.150E+03-0.275E+00   1: JB-1
 120  0.125-0.140E+03  0.0425   2.653      -0.0106  0.002684 0.113E-12  0.0000 0.909E-04   2.645-0.141E+03 0.906E-04   1: JB-1
 119  0.200-0.126E+03  0.0438   3.833       0.0003  0.006873 0.144E-12  0.0000 0.104E-03   3.839-0.125E+03-0.140E-03   1: JB-1
 118  0.300-0.939E+02  0.0479   4.793       0.0010  0.015473 0.289E-12  0.0000 0.156E-03   4.805-0.931E+02-0.132E-03   1: JB-1
 117  0.400-0.492E+02  0.0587   5.866       0.0051  0.028104 0.131E-11  0.0000 0.373E-03   5.880-0.488E+02-0.200E-03   1: JB-1
 116  0.500-0.221E+02  0.0758   7.578       0.0196  0.036167 0.876E-11  0.0001 0.111E-02   7.588-0.220E+02-0.425E-04   1: JB-1
 115  0.600-0.106E+02  0.0961   9.615       0.0456  0.036974 0.470E-10  0.0007 0.289E-02   9.618-0.106E+02-0.827E-04   1: JB-1
 114  0.700-0.590E+01  0.1167  16.045       0.0797  0.000000 0.192E-09  0.0028 0.644E-02  16.062-0.588E+01-0.248E-03   1: JB-1
 113  0.875-0.369E+01  0.1363  28.954       0.0634  0.000000 0.565E-09  0.0081 0.119E-01  28.974-0.368E+01-0.548E-03   1: JB-1
 112  1.125-0.261E+01  0.1527  38.184       0.0438  0.000000 0.127E-08  0.0182 0.187E-01  38.203-0.260E+01-0.510E-03   1: JB-1
 111  1.375-0.210E+01  0.1641  41.015       0.0258  0.000000 0.216E-08  0.0311 0.253E-01  41.031-0.209E+01-0.142E-03   1: JB-1
 110  1.625-0.178E+01  0.1730  43.251       0.0099  0.000000 0.314E-08  0.0452 0.311E-01  43.265-0.178E+01-0.145E-03   1: JB-1
 109  1.875-0.155E+01  0.1810  45.257      -0.0037  0.000000 0.431E-08  0.0621 0.372E-01  45.269-0.155E+01-0.220E-03   1: JB-1
 108  2.125-0.135E+01  0.1892  47.295      -0.0153  0.000000 0.591E-08  0.0852 0.443E-01  47.305-0.135E+01-0.123E-03   1: JB-1
 107  2.375-0.116E+01  0.1985  49.629      -0.0252  0.000000 0.853E-08  0.1229 0.541E-01  49.637-0.116E+01-0.112E-04   1: JB-1
 106  2.625-0.964E+00  0.2104  52.601      -0.0333  0.000000 0.129E-07  0.1862 0.678E-01  52.607-0.964E+00-0.149E-04   1: JB-1
 105  2.875-0.754E+00  0.2269  56.719      -0.0398  0.000000 0.216E-07  0.3109 0.891E-01  56.725-0.754E+00-0.123E-03   1: JB-1
 104  3.125-0.527E+00  0.2520  63.006      -0.0455  0.000000 0.480E-07  0.6906 0.134E+00  63.011-0.527E+00-0.447E-04   1: JB-1
 103  3.375-0.285E+00  0.2956 134.865      -0.0507  0.000000 0.161E-06  2.3189 0.237E+00 134.869-0.285E+00 0.101E-02   1: JB-1
 102  3.750 0.894E-01  0.3949 134.019      -0.0560  0.000000 0.965E-05138.9951 0.142E+00 134.044 0.894E-01 0.000E+00   1: JB-1
                           qbou(mm/dt): -0.5599592E-01

Level of phreatic surface  HPSI0=    60.619  HSZ=    60.619  (depth=    3.6606m)  SYield=0.18698
 TIMEUZ=  4604.000
==> UZ-restart no.   1 from 1973  7  4 16  0 (   4603.00 hrs), DT= 180.000 min.

 ERROR in UZ node 121 in (   21    9): -0.9004213     mm =   4.559095    %, timestep= 103.648 min.


PRINT OF RESULTS OF UZ COMPUTATIONS AT 1973  7 26  3 44   (  1437 STEPS,   5115.727463     HRS) ,  Time step length =   103.6477807     min.

Grid point (   21    9) , Ground level =   63.77 m , Overland water depth =   0.000 m
No.iter.=   38


Node  DEPTH     PSI    frac_THETA_mm     FLUX_mm/dt   S_mm       m/s_KON_mm/dt   CAP     THETAOLD   PSIOLD   ERROR_mm SOIL (no. & name)
 -------------------------------------------------------------------------------------------------------------------------------------
 122  0.025-0.117E+02  0.0932   4.660      -1.9687  0.000000 0.131E-06  0.8117 0.570E-02   5.303-0.788E+01 0.279E-06   1: JB-1
 121  0.075-0.104E+02  0.0968   4.840      -2.6124  0.000000 0.301E-10  0.0002 0.187E-02   3.191-0.377E+02-0.900E+00   1: JB-1
 120  0.125-0.426E+02  0.0614   3.838      -0.0638  0.000000 0.173E-11  0.0000 0.437E-03   3.776-0.448E+02 0.756E-03   1: JB-1
 119  0.200-0.723E+02  0.0520   4.547      -0.0028  0.000000 0.524E-12  0.0000 0.220E-03   4.543-0.725E+02 0.603E-04   1: JB-1
 118  0.300-0.513E+02  0.0579   5.787       0.0011  0.000000 0.118E-11  0.0000 0.351E-03   5.784-0.514E+02 0.343E-04   1: JB-1
 117  0.400-0.276E+02  0.0705   7.050       0.0046  0.000000 0.510E-11  0.0000 0.811E-03   7.045-0.277E+02 0.335E-04   1: JB-1
 116  0.500-0.156E+02  0.0848   8.480       0.0092  0.000000 0.198E-10  0.0001 0.176E-02   8.475-0.156E+02 0.142E-04   1: JB-1
 115  0.600-0.982E+01  0.0987   9.869       0.0138  0.000000 0.584E-10  0.0004 0.327E-02   9.864-0.983E+01 0.261E-04   1: JB-1
 114  0.700-0.681E+01  0.1113  15.306       0.0179  0.000000 0.139E-09  0.0009 0.535E-02  15.303-0.681E+01 0.184E-04   1: JB-1
 113  0.875-0.434E+01  0.1292  27.445       0.0215  0.000000 0.388E-09  0.0024 0.960E-02  27.441-0.434E+01 0.101E-03   1: JB-1
 112  1.125-0.275E+01  0.1501  37.534       0.0254  0.000000 0.114E-08  0.0071 0.176E-01  37.547-0.274E+01-0.279E-03   1: JB-1
 111  1.375-0.217E+01  0.1623  40.571       0.0126  0.000000 0.194E-08  0.0121 0.238E-01  40.581-0.217E+01-0.276E-03   1: JB-1
 110  1.625-0.187E+01  0.1703  42.584       0.0029  0.000000 0.282E-08  0.0175 0.294E-01  42.592-0.187E+01-0.708E-04   1: JB-1
 109  1.875-0.168E+01  0.1762  44.044      -0.0052  0.000000 0.349E-08  0.0217 0.330E-01  44.051-0.168E+01-0.190E-03   1: JB-1
 108  2.125-0.156E+01  0.1807  45.176      -0.0119  0.000000 0.431E-08  0.0268 0.372E-01  45.182-0.156E+01-0.335E-04   1: JB-1
 107  2.375-0.146E+01  0.1845  46.115      -0.0179  0.000000 0.505E-08  0.0314 0.406E-01  46.120-0.146E+01 0.000E+00   1: JB-1
 106  2.625-0.138E+01  0.1878  46.941      -0.0227  0.000000 0.561E-08  0.0349 0.430E-01  46.945-0.138E+01-0.373E-04   1: JB-1
 105  2.875-0.131E+01  0.1908  47.711      -0.0267  0.000000 0.623E-08  0.0388 0.456E-01  47.714-0.131E+01-0.671E-04   1: JB-1
 104  3.125-0.125E+01  0.1941  48.514      -0.0300  0.000000 0.692E-08  0.0431 0.483E-01  48.517-0.125E+01-0.969E-04   1: JB-1
 103  3.375-0.118E+01  0.1977  61.777      -0.0335  0.000000 0.810E-08  0.0504 0.526E-01  61.781-0.118E+01-0.419E-04   1: JB-1
 102  3.750-0.105E+01  0.2051  89.753      -0.0378  0.000000 0.105E-07  0.0654 0.606E-01  89.756-0.105E+01-0.652E-04   1: JB-1
 101  4.250-0.751E+00  0.2272 113.589      -0.0410  0.000000 0.216E-07  0.1342 0.891E-01 113.594-0.751E+00-0.112E-03   1: JB-1
 100  4.750-0.291E+00  0.2942 174.046      -0.0454  0.000000 0.161E-06  1.0015 0.237E+00 174.052-0.291E+00 0.267E-03   1: JB-1
  99  5.250 0.208E+00  0.3949 180.997      -0.0510  0.000000 0.965E-05 60.0272 0.142E+00 180.978 0.208E+00 0.000E+00   1: JB-1
                           qbou(mm/dt): -0.5102451E-01

Level of phreatic surface  HPSI0=    58.725  HSZ=    58.725  (depth=    5.0417m)  SYield=0.18698
 TIMEUZ=  5115.727
==> UZ-restart no.   1 from 1973  7 26  2  0 (   5115.30 hrs), DT=  77.736 min.

 ERROR in UZ node 121 in (   22   11): -0.2193950     mm =   1.110861    %, timestep= 103.648 min.


PRINT OF RESULTS OF UZ COMPUTATIONS AT 1973  7 26  9 44   (  1443 STEPS,   5121.727463     HRS) ,  Time step length =   103.6477781     min.

Grid point (   22   11) , Ground level =   64.51 m , Overland water depth =   0.000 m
No.iter.=   23


Node  DEPTH     PSI    frac_THETA_mm     FLUX_mm/dt   S_mm       m/s_KON_mm/dt   CAP     THETAOLD   PSIOLD   ERROR_mm SOIL (no. & name)
 -------------------------------------------------------------------------------------------------------------------------------------
 122  0.025-0.282E+01  0.1488   7.442      -1.9419  0.000000 0.800E-09  0.0050 0.138E-01   6.621-0.402E+01 0.000E+00   1: JB-1
 121  0.075-0.252E+02  0.0726   3.632      -1.1204  0.000000 0.410E-11  0.0000 0.633E-03   2.760-0.597E+02-0.219E+00   1: JB-1
 120  0.125-0.134E+03  0.0430   2.688      -0.0285  0.000000 0.121E-12  0.0000 0.947E-04   2.659-0.139E+03 0.262E-03   1: JB-1
 119  0.200-0.147E+03  0.0418   3.659      -0.0001  0.000000 0.986E-13  0.0000 0.841E-04   3.659-0.147E+03 0.456E-05   1: JB-1
 118  0.300-0.137E+03  0.0427   4.267       0.0001  0.000000 0.116E-12  0.0000 0.923E-04   4.267-0.137E+03 0.522E-05   1: JB-1
 117  0.400-0.109E+03  0.0457   4.572       0.0003  0.000000 0.198E-12  0.0000 0.126E-03   4.570-0.110E+03 0.302E-04   1: JB-1
 116  0.500-0.582E+02  0.0556   5.562       0.0017  0.000000 0.853E-12  0.0000 0.291E-03   5.557-0.584E+02 0.142E-03   1: JB-1
 115  0.600-0.265E+02  0.0715   7.149       0.0064  0.000000 0.568E-11  0.0000 0.863E-03   7.142-0.265E+02 0.305E-04   1: JB-1
 114  0.700-0.134E+02  0.0890  12.240       0.0133  0.000000 0.274E-10  0.0002 0.212E-02  12.230-0.135E+02 0.218E-03   1: JB-1
 113  0.875-0.634E+01  0.1139  24.213       0.0235  0.000000 0.163E-09  0.0010 0.587E-02  24.217-0.634E+01-0.222E-04   1: JB-1
 112  1.125-0.382E+01  0.1347  33.678       0.0198  0.000000 0.536E-09  0.0033 0.115E-01  33.684-0.381E+01-0.410E-04   1: JB-1
 111  1.375-0.285E+01  0.1483  37.066       0.0138  0.000000 0.102E-08  0.0064 0.166E-01  37.072-0.285E+01-0.171E-03   1: JB-1
 110  1.625-0.236E+01  0.1579  39.465       0.0082  0.000000 0.165E-08  0.0103 0.218E-01  39.471-0.236E+01-0.373E-04   1: JB-1
 109  1.875-0.205E+01  0.1651  41.281       0.0026  0.000000 0.228E-08  0.0142 0.261E-01  41.286-0.205E+01-0.335E-04   1: JB-1
 108  2.125-0.185E+01  0.1709  42.725      -0.0028  0.000000 0.282E-08  0.0175 0.294E-01  42.731-0.185E+01-0.123E-03   1: JB-1
 107  2.375-0.170E+01  0.1757  43.917      -0.0078  0.000000 0.349E-08  0.0217 0.330E-01  43.922-0.170E+01-0.708E-04   1: JB-1
 106  2.625-0.158E+01  0.1797  44.924      -0.0127  0.000000 0.409E-08  0.0254 0.361E-01  44.929-0.158E+01-0.894E-04   1: JB-1
 105  2.875-0.149E+01  0.1832  45.800      -0.0174  0.000000 0.479E-08  0.0298 0.394E-01  45.805-0.149E+01-0.224E-04   1: JB-1
 104  3.125-0.142E+01  0.1863  46.575      -0.0219  0.000000 0.532E-08  0.0331 0.418E-01  46.579-0.142E+01-0.373E-04   1: JB-1
 103  3.375-0.135E+01  0.1890  59.075      -0.0261  0.000000 0.591E-08  0.0368 0.443E-01  59.081-0.135E+01-0.512E-04   1: JB-1
 102  3.750-0.127E+01  0.1928  84.332      -0.0314  0.000000 0.692E-08  0.0431 0.483E-01  84.339-0.127E+01 0.000E+00   1: JB-1
 101  4.250-0.118E+01  0.1973  98.639      -0.0384  0.000000 0.810E-08  0.0504 0.526E-01  98.645-0.118E+01-0.373E-04   1: JB-1
 100  4.750-0.109E+01  0.2023 101.166      -0.0447  0.000000 0.947E-08  0.0589 0.573E-01 101.171-0.109E+01-0.104E-03   1: JB-1
  99  5.250-0.949E+00  0.2115 105.732      -0.0496  0.000000 0.129E-07  0.0804 0.678E-01 105.737-0.949E+00-0.104E-03   1: JB-1
  98  5.750-0.647E+00  0.2375 118.729      -0.0539  0.000000 0.307E-07  0.1911 0.107E+00 118.732-0.647E+00-0.298E-04   1: JB-1
  97  6.250-0.168E+00  0.3294 143.544      -0.0568  0.000000 0.413E-06  2.5674 0.339E+00 143.549-0.168E+00-0.581E-04   1: JB-1
  96  6.750 0.331E+00  0.3949 229.470      -0.0618  0.000000 0.965E-05 60.0272 0.142E+00 229.515 0.331E+00 0.000E+00   1: JB-1
                           qbou(mm/dt): -0.6176927E-01

Level of phreatic surface  HPSI0=    58.094  HSZ=    58.094  (depth=    6.4190m)  SYield=0.18698
 TIMEUZ=  5121.727
==> UZ-restart no.   1 from 1973  7 26  8  0 (   5121.30 hrs), DT=  77.736 min.

 ERROR in UZ node 121 in (   28    6): -0.8411441     mm =   4.258957    %, timestep=  55.870 min.


PRINT OF RESULTS OF UZ COMPUTATIONS AT 1973  8  3  2 56   (  1504 STEPS,   5306.931168     HRS) ,  Time step length =   55.87009180     min.

Grid point (   28    6) , Ground level =   79.66 m , Overland water depth =   0.000 m
No.iter.=   99


Node  DEPTH     PSI    frac_THETA_mm     FLUX_mm/dt   S_mm       m/s_KON_mm/dt   CAP     THETAOLD   PSIOLD   ERROR_mm SOIL (no. & name)
 -------------------------------------------------------------------------------------------------------------------------------------
 122  0.025-0.701E+01  0.1103   5.513      -1.9848  0.000000 0.716E-08  0.0240 0.721E-02   5.621-0.660E+01-0.151E-06   1: JB-1
 121  0.075-0.155E+02  0.0849   4.246      -2.0930  0.000000 0.186E-10  0.0001 0.139E-02   3.008-0.454E+02-0.841E+00   1: JB-1
 120  0.125-0.359E+02  0.0648   4.051      -0.0146  0.000000 0.273E-11  0.0000 0.567E-03   4.038-0.363E+02 0.145E-03   1: JB-1
 119  0.200-0.520E+02  0.0576   5.043      -0.0014  0.000000 0.112E-11  0.0000 0.340E-03   5.042-0.520E+02 0.303E-04   1: JB-1
 118  0.300-0.630E+02  0.0543   5.427      -0.0003  0.000000 0.725E-12  0.0000 0.265E-03   5.425-0.630E+02 0.391E-04   1: JB-1
 117  0.400-0.364E+02  0.0646   6.457       0.0015  0.000000 0.266E-11  0.0000 0.559E-03   6.455-0.364E+02 0.194E-04   1: JB-1
 116  0.500-0.204E+02  0.0778   7.780       0.0035  0.000000 0.103E-10  0.0000 0.121E-02   7.777-0.204E+02 0.462E-04   1: JB-1
 115  0.600-0.125E+02  0.0912   9.123       0.0055  0.000000 0.322E-10  0.0001 0.233E-02   9.121-0.125E+02 0.663E-04   1: JB-1
 114  0.700-0.838E+01  0.1040  14.293       0.0079  0.000000 0.853E-10  0.0003 0.406E-02  14.291-0.838E+01 0.102E-04   1: JB-1
 113  0.875-0.507E+01  0.1226  26.059       0.0105  0.000000 0.266E-09  0.0009 0.774E-02  26.055-0.508E+01 0.125E-03   1: JB-1
 112  1.125-0.299E+01  0.1461  36.517       0.0149  0.000000 0.943E-09  0.0032 0.159E-01  36.524-0.298E+01-0.101E-03   1: JB-1
 111  1.375-0.229E+01  0.1593  39.832       0.0080  0.000000 0.174E-08  0.0058 0.224E-01  39.837-0.229E+01-0.596E-04   1: JB-1
 110  1.625-0.194E+01  0.1681  42.031       0.0028  0.000000 0.253E-08  0.0085 0.277E-01  42.035-0.194E+01-0.931E-04   1: JB-1
 109  1.875-0.173E+01  0.1745  43.636      -0.0015  0.000000 0.331E-08  0.0111 0.321E-01  43.639-0.173E+01-0.745E-04   1: JB-1
 108  2.125-0.159E+01  0.1795  44.872      -0.0053  0.000000 0.409E-08  0.0137 0.361E-01  44.875-0.159E+01-0.298E-04   1: JB-1
 107  2.375-0.149E+01  0.1834  45.862      -0.0087  0.000000 0.479E-08  0.0161 0.394E-01  45.865-0.149E+01-0.224E-04   1: JB-1
 106  2.625-0.141E+01  0.1867  46.681      -0.0116  0.000000 0.532E-08  0.0178 0.418E-01  46.684-0.141E+01-0.522E-04   1: JB-1
 105  2.875-0.134E+01  0.1895  47.375      -0.0141  0.000000 0.591E-08  0.0198 0.443E-01  47.378-0.134E+01-0.522E-04   1: JB-1
 104  3.125-0.129E+01  0.1919  47.975      -0.0166  0.000000 0.657E-08  0.0220 0.469E-01  47.977-0.129E+01-0.261E-04   1: JB-1
 103  3.375-0.125E+01  0.1940  60.638      -0.0186  0.000000 0.692E-08  0.0232 0.483E-01  60.640-0.125E+01-0.559E-04   1: JB-1
 102  3.750-0.119E+01  0.1969  86.124      -0.0209  0.000000 0.769E-08  0.0258 0.511E-01  86.128-0.119E+01-0.978E-04   1: JB-1
 101  4.250-0.113E+01  0.2001 100.040      -0.0246  0.000000 0.899E-08  0.0301 0.557E-01 100.044-0.113E+01-0.745E-05   1: JB-1
 100  4.750-0.108E+01  0.2030 101.503      -0.0286  0.000000 0.998E-08  0.0335 0.589E-01 101.506-0.108E+01-0.745E-05   1: JB-1
  99  5.250-0.103E+01  0.2061 103.025      -0.0318  0.000000 0.111E-07  0.0371 0.623E-01 103.028-0.103E+01-0.149E-04   1: JB-1
  98  5.750-0.962E+00  0.2105 105.262      -0.0347  0.000000 0.129E-07  0.0433 0.678E-01 105.265-0.962E+00-0.224E-04   1: JB-1
  97  6.250-0.817E+00  0.2214 110.699      -0.0374  0.000000 0.185E-07  0.0621 0.821E-01 110.700-0.817E+00-0.745E-05   1: JB-1
  96  6.750-0.463E+00  0.2613 212.992      -0.0388  0.000000 0.611E-07  0.2049 0.151E+00 212.971-0.463E+00-0.540E-02   1: JB-1
  95  7.250 0.369E-01  0.3949 113.298      -0.0122  0.000000 0.965E-05 32.3570 0.142E+00 113.417 0.372E-01 0.000E+00   1: JB-1
                           qbou(mm/dt): -0.1224473E-01

Level of phreatic surface  HPSI0=    72.444  HSZ=    72.444  (depth=    7.2128m)  SYield=0.18698
 TIMEUZ=  5306.931
==> UZ-restart no.   1 from 1973  8  3  2  0 (   5306.70 hrs), DT=  41.903 min.

 ERROR in UZ node 121 in (   10   20): -0.2669752     mm =   1.351773    %, timestep= 240.000 min.


PRINT OF RESULTS OF UZ COMPUTATIONS AT 1973  8  7 16  0   (  1576 STEPS,   5416.000000     HRS) ,  Time step length =   240.0000000     min.

Grid point (   10   20) , Ground level =   42.98 m , Overland water depth =   0.000 m
No.iter.=   24


Node  DEPTH     PSI    frac_THETA_mm     FLUX_mm/dt   S_mm       m/s_KON_mm/dt   CAP     THETAOLD   PSIOLD   ERROR_mm SOIL (no. & name)
 -------------------------------------------------------------------------------------------------------------------------------------
 122  0.025-0.429E+01  0.1296   6.479      -1.5723  0.068026 0.351E-09  0.0050 0.897E-02   6.210-0.488E+01-0.582E-08   1: JB-1
 121  0.075-0.285E+02  0.0698   3.490      -1.2347  0.007313 0.272E-11  0.0000 0.496E-03   2.544-0.774E+02-0.267E+00   1: JB-1
 120  0.125-0.566E+02  0.0561   3.508      -0.0149  0.011419 0.950E-12  0.0000 0.310E-03   3.505-0.567E+02 0.109E-04   1: JB-1
 119  0.200-0.604E+02  0.0550   4.811      -0.0007  0.014087 0.808E-12  0.0000 0.282E-03   4.825-0.599E+02-0.273E-03   1: JB-1
 118  0.300-0.659E+02  0.0535   5.351      -0.0006  0.013387 0.651E-12  0.0000 0.249E-03   5.359-0.656E+02-0.176E-03   1: JB-1
 117  0.400-0.385E+02  0.0634   6.339       0.0058  0.016704 0.232E-11  0.0000 0.517E-03   6.346-0.384E+02-0.117E-03   1: JB-1
 116  0.500-0.209E+02  0.0772   7.716       0.0153  0.017757 0.977E-11  0.0001 0.118E-02   7.722-0.208E+02-0.135E-03   1: JB-1
 115  0.600-0.123E+02  0.0917   9.167       0.0267  0.016854 0.340E-10  0.0005 0.240E-02   9.172-0.123E+02-0.894E-04   1: JB-1
 114  0.700-0.796E+01  0.1057  14.536       0.0393  0.020623 0.951E-10  0.0014 0.431E-02  14.541-0.795E+01-0.492E-04   1: JB-1
 113  0.875-0.464E+01  0.1263  26.835       0.0550  0.026266 0.330E-09  0.0047 0.875E-02  26.841-0.464E+01-0.152E-03   1: JB-1
 112  1.125-0.268E+01  0.1514  37.847       0.0755  0.000000 0.120E-08  0.0173 0.182E-01  37.866-0.267E+01-0.458E-03   1: JB-1
 111  1.375-0.192E+01  0.1688  42.211       0.0568  0.000000 0.267E-08  0.0385 0.285E-01  42.228-0.192E+01-0.820E-04   1: JB-1
 110  1.625-0.148E+01  0.1835  45.887       0.0400  0.000000 0.479E-08  0.0690 0.394E-01  45.902-0.148E+01-0.138E-03   1: JB-1
 109  1.875-0.116E+01  0.1983  49.569       0.0253  0.000000 0.810E-08  0.1166 0.526E-01  49.581-0.116E+01-0.313E-03   1: JB-1
 108  2.125-0.895E+00  0.2154  53.838       0.0135  0.000000 0.151E-07  0.2174 0.736E-01  53.851-0.894E+00-0.108E-03   1: JB-1
 107  2.375-0.644E+00  0.2378  59.457       0.0007  0.000000 0.307E-07  0.4424 0.107E+00  59.476-0.643E+00-0.324E-03   1: JB-1
 106  2.625-0.399E+00  0.2719  67.966      -0.0180  0.000000 0.852E-07  1.2271 0.178E+00  67.985-0.399E+00-0.171E-03   1: JB-1
 105  2.875-0.152E+00  0.3352  97.448      -0.0366  0.000000 0.497E-06  7.1502 0.359E+00  97.460-0.151E+00 0.700E-03   1: JB-1
 104  3.125 0.983E-01  0.3949  88.176      -0.0490  0.000000 0.965E-05138.9951 0.142E+00  88.244 0.985E-01 0.000E+00   1: JB-1
                           qbou(mm/dt): -0.4904694E-01

Level of phreatic surface  HPSI0=    39.951  HSZ=    39.951  (depth=    3.0265m)  SYield=0.18698
 TIMEUZ=  5416.000
==> UZ-restart no.   1 from 1973  8  7 12  0 (   5415.00 hrs), DT= 180.000 min.

 ERROR in UZ node 121 in (    8   22): -0.2246480     mm =   1.137458    %, timestep= 180.000 min.


PRINT OF RESULTS OF UZ COMPUTATIONS AT 1973  8  7 15  0   (  1576 STEPS,   5415.000001     HRS) ,  Time step length =   180.0000429     min.

Grid point (    8   22) , Ground level =   35.06 m , Overland water depth =   0.000 m
No.iter.=   16


Node  DEPTH     PSI    frac_THETA_mm     FLUX_mm/dt   S_mm       m/s_KON_mm/dt   CAP     THETAOLD   PSIOLD   ERROR_mm SOIL (no. & name)
 -------------------------------------------------------------------------------------------------------------------------------------
 122  0.025-0.464E+01  0.1263   6.313      -1.1630  0.050214 0.330E-09  0.0036 0.872E-02   6.282-0.472E+01-0.210E-06   1: JB-1
 121  0.075-0.348E+02  0.0655   3.274      -1.0813  0.005351 0.180E-11  0.0000 0.390E-03   2.431-0.896E+02-0.225E+00   1: JB-1
 120  0.125-0.653E+02  0.0537   3.354      -0.0081  0.009083 0.667E-12  0.0000 0.253E-03   3.353-0.653E+02 0.815E-05   1: JB-1
 119  0.200-0.538E+02  0.0570   4.988       0.0014  0.013578 0.106E-11  0.0000 0.330E-03   4.992-0.537E+02-0.362E-04   1: JB-1
 118  0.300-0.250E+02  0.0728   7.280       0.0115  0.019167 0.633E-11  0.0001 0.918E-03   7.273-0.251E+02 0.177E-03   1: JB-1
 117  0.400-0.109E+02  0.0952   9.521       0.0383  0.019040 0.446E-10  0.0005 0.280E-02   9.510-0.110E+02 0.162E-03   1: JB-1
 116  0.500-0.572E+01  0.1179  11.790       0.0685  0.017275 0.203E-09  0.0022 0.664E-02  11.776-0.574E+01 0.329E-03   1: JB-1
 115  0.600-0.350E+01  0.1387  13.866       0.0993  0.015427 0.664E-09  0.0072 0.130E-01  13.857-0.350E+01 0.149E-04   1: JB-1
 114  0.700-0.238E+01  0.1574  21.646       0.1229  0.000000 0.157E-08  0.0169 0.211E-01  21.648-0.238E+01-0.512E-04   1: JB-1
 113  0.875-0.153E+01  0.1815  38.574       0.1210  0.000000 0.431E-08  0.0465 0.372E-01  38.576-0.153E+01-0.570E-04   1: JB-1
 112  1.125-0.965E+00  0.2103  52.583       0.1190  0.000000 0.129E-07  0.1397 0.678E-01  52.587-0.965E+00-0.373E-05   1: JB-1
 111  1.375-0.606E+00  0.2421  60.521       0.1146  0.000000 0.357E-07  0.3854 0.116E+00  60.527-0.606E+00-0.410E-04   1: JB-1
 110  1.625-0.326E+00  0.2864  71.592       0.1086  0.000000 0.129E-06  1.3922 0.215E+00  71.603-0.325E+00-0.671E-04   1: JB-1
 109  1.875-0.725E-01  0.3669  73.354       0.0981  0.000000 0.134E-05 14.5201 0.436E+00  73.369-0.723E-01 0.522E-04   1: JB-1
 108  2.125 0.178E+00  0.3949 119.602       0.0832  0.000000 0.965E-05104.2463 0.142E+00 119.693 0.178E+00 0.000E+00   1: JB-1
                           qbou(mm/dt):  0.8324941E-01

Level of phreatic surface  HPSI0=    33.112  HSZ=    33.112  (depth=    1.9469m)  SYield=0.18698
 TIMEUZ=  5415.000
==> UZ-restart no.   2 from 1973  8  7 12  0 (   5414.25 hrs), DT= 135.000 min.

 ERROR in UZ node 121 in (   10   20): -0.4684944     mm =   2.372123    %, timestep= 360.000 min.


PRINT OF RESULTS OF UZ COMPUTATIONS AT 1973  9 22  0  0   (  1870 STEPS,   6504.000000     HRS) ,  Time step length =   360.0000000     min.

Grid point (   10   20) , Ground level =   42.98 m , Overland water depth =   0.000 m
No.iter.=   24


Node  DEPTH     PSI    frac_THETA_mm     FLUX_mm/dt   S_mm       m/s_KON_mm/dt   CAP     THETAOLD   PSIOLD   ERROR_mm SOIL (no. & name)
 -------------------------------------------------------------------------------------------------------------------------------------
 122  0.025-0.531E+01  0.1208   6.040      -1.4517  0.000000 0.252E-09  0.0054 0.739E-02   6.126-0.509E+01-0.332E-06   1: JB-1
 121  0.075-0.333E+02  0.0664   3.321      -1.5376  0.000000 0.207E-11  0.0000 0.391E-03   2.279-0.111E+03-0.468E+00   1: JB-1
 120  0.125-0.835E+02  0.0497   3.106      -0.0266  0.000000 0.372E-12  0.0000 0.181E-03   3.080-0.859E+02 0.435E-04   1: JB-1
 119  0.200-0.833E+02  0.0497   4.353       0.0000  0.000000 0.379E-12  0.0000 0.183E-03   4.354-0.831E+02-0.235E-04   1: JB-1
 118  0.300-0.112E+03  0.0454   4.543      -0.0017  0.000000 0.188E-12  0.0000 0.122E-03   4.541-0.112E+03 0.451E-04   1: JB-1
 117  0.400-0.109E+03  0.0458   4.581       0.0001  0.000000 0.198E-12  0.0000 0.126E-03   4.576-0.109E+03 0.142E-03   1: JB-1
 116  0.500-0.594E+02  0.0553   5.529       0.0055  0.000000 0.830E-12  0.0000 0.287E-03   5.515-0.598E+02 0.206E-03   1: JB-1
 115  0.600-0.280E+02  0.0702   7.022       0.0191  0.000000 0.483E-11  0.0001 0.786E-03   7.002-0.282E+02 0.414E-03   1: JB-1
 114  0.700-0.147E+02  0.0865  11.899       0.0383  0.000000 0.220E-10  0.0005 0.187E-02  11.871-0.148E+02 0.661E-03   1: JB-1
 113  0.875-0.713E+01  0.1096  23.290       0.0651  0.000000 0.121E-09  0.0026 0.496E-02  23.260-0.716E+01 0.492E-03   1: JB-1
 112  1.125-0.372E+01  0.1359  33.965       0.0939  0.000000 0.565E-09  0.0122 0.119E-01  33.970-0.372E+01-0.522E-04   1: JB-1
 111  1.375-0.247E+01  0.1555  38.880       0.0889  0.000000 0.149E-08  0.0321 0.205E-01  38.893-0.246E+01-0.894E-04   1: JB-1
 110  1.625-0.182E+01  0.1718  42.956       0.0768  0.000000 0.297E-08  0.0642 0.302E-01  42.968-0.182E+01-0.238E-03   1: JB-1
 109  1.875-0.139E+01  0.1873  46.813       0.0649  0.000000 0.561E-08  0.1212 0.430E-01  46.826-0.139E+01-0.298E-04   1: JB-1
 108  2.125-0.107E+01  0.2039  50.967       0.0519  0.000000 0.998E-08  0.2155 0.589E-01  50.982-0.107E+01-0.320E-03   1: JB-1
 107  2.375-0.787E+00  0.2239  55.985       0.0370  0.000000 0.195E-07  0.4212 0.844E-01  56.004-0.786E+00-0.488E-03   1: JB-1
 106  2.625-0.531E+00  0.2514  62.862       0.0177  0.000000 0.468E-07  1.0111 0.133E+00  62.886-0.530E+00-0.291E-03   1: JB-1
 105  2.875-0.282E+00  0.2964  74.102      -0.0058  0.000000 0.168E-06  3.6342 0.241E+00  74.119-0.282E+00-0.127E-03   1: JB-1
 104  3.125-0.320E-01  0.3845  60.553      -0.0228  0.000000 0.289E-05 62.5283 0.414E+00  60.568-0.317E-01-0.517E-04   1: JB-1
 103  3.375 0.218E+00  0.3949 160.129      -0.0374  0.000000 0.965E-05208.4926 0.142E+00 160.225 0.218E+00 0.000E+00   1: JB-1
                           qbou(mm/dt): -0.3742906E-01

Level of phreatic surface  HPSI0=    39.821  HSZ=    39.821  (depth=    3.1568m)  SYield=0.18698
 TIMEUZ=  6504.000
==> UZ-restart no.   1 from 1973  9 21 18  0 (   6502.50 hrs), DT= 270.000 min.

 ERROR in UZ node 121 in (   10   20): -0.3063064     mm =   1.550918    %, timestep= 270.000 min.


PRINT OF RESULTS OF UZ COMPUTATIONS AT 1973  9 21 22 30   (  1870 STEPS,   6502.500001     HRS) ,  Time step length =   270.0000644     min.

Grid point (   10   20) , Ground level =   42.98 m , Overland water depth =   0.000 m
No.iter.=   23


Node  DEPTH     PSI    frac_THETA_mm     FLUX_mm/dt   S_mm       m/s_KON_mm/dt   CAP     THETAOLD   PSIOLD   ERROR_mm SOIL (no. & name)
 -------------------------------------------------------------------------------------------------------------------------------------
 122  0.025-0.562E+01  0.1186   5.928      -1.0397  0.000000 0.237E-09  0.0038 0.721E-02   6.126-0.509E+01-0.116E-06   1: JB-1
 121  0.075-0.375E+02  0.0639   3.196      -1.2372  0.000000 0.147E-11  0.0000 0.335E-03   2.279-0.111E+03-0.306E+00   1: JB-1
 120  0.125-0.846E+02  0.0495   3.094      -0.0140  0.000000 0.361E-12  0.0000 0.178E-03   3.080-0.859E+02 0.144E-03   1: JB-1
 119  0.200-0.832E+02  0.0497   4.353       0.0001  0.000000 0.379E-12  0.0000 0.183E-03   4.354-0.831E+02-0.202E-04   1: JB-1
 118  0.300-0.112E+03  0.0454   4.543      -0.0013  0.000000 0.188E-12  0.0000 0.122E-03   4.541-0.112E+03 0.332E-04   1: JB-1
 117  0.400-0.109E+03  0.0458   4.580       0.0001  0.000000 0.198E-12  0.0000 0.126E-03   4.576-0.109E+03 0.105E-03   1: JB-1
 116  0.500-0.595E+02  0.0553   5.525       0.0041  0.000000 0.830E-12  0.0000 0.287E-03   5.515-0.598E+02 0.144E-03   1: JB-1
 115  0.600-0.280E+02  0.0702   7.017       0.0144  0.000000 0.483E-11  0.0001 0.786E-03   7.002-0.282E+02 0.291E-03   1: JB-1
 114  0.700-0.147E+02  0.0865  11.892       0.0288  0.000000 0.220E-10  0.0004 0.187E-02  11.871-0.148E+02 0.475E-03   1: JB-1
 113  0.875-0.714E+01  0.1096  23.282       0.0490  0.000000 0.121E-09  0.0020 0.496E-02  23.260-0.716E+01 0.361E-03   1: JB-1
 112  1.125-0.372E+01  0.1359  33.966       0.0706  0.000000 0.565E-09  0.0092 0.119E-01  33.970-0.372E+01-0.410E-04   1: JB-1
 111  1.375-0.247E+01  0.1555  38.883       0.0667  0.000000 0.149E-08  0.0241 0.205E-01  38.893-0.246E+01-0.671E-04   1: JB-1
 110  1.625-0.182E+01  0.1718  42.959       0.0576  0.000000 0.297E-08  0.0482 0.302E-01  42.968-0.182E+01-0.175E-03   1: JB-1
 109  1.875-0.139E+01  0.1873  46.816       0.0486  0.000000 0.561E-08  0.0909 0.430E-01  46.826-0.139E+01-0.298E-04   1: JB-1
 108  2.125-0.107E+01  0.2039  50.971       0.0389  0.000000 0.998E-08  0.1617 0.589E-01  50.982-0.107E+01-0.242E-03   1: JB-1
 107  2.375-0.787E+00  0.2240  55.989       0.0278  0.000000 0.195E-07  0.3159 0.844E-01  56.004-0.786E+00-0.369E-03   1: JB-1
 106  2.625-0.531E+00  0.2515  62.867       0.0131  0.000000 0.468E-07  0.7583 0.133E+00  62.886-0.530E+00-0.224E-03   1: JB-1
 105  2.875-0.282E+00  0.2964  74.105      -0.0052  0.000000 0.168E-06  2.7256 0.241E+00  74.119-0.282E+00-0.112E-03   1: JB-1
 104  3.125-0.320E-01  0.3845  60.554      -0.0198  0.000000 0.289E-05 46.8962 0.414E+00  60.568-0.317E-01-0.595E-04   1: JB-1
 103  3.375 0.218E+00  0.3949 160.129      -0.0336  0.000000 0.965E-05156.3695 0.142E+00 160.225 0.218E+00 0.000E+00   1: JB-1
                           qbou(mm/dt): -0.3357228E-01

Level of phreatic surface  HPSI0=    39.821  HSZ=    39.821  (depth=    3.1568m)  SYield=0.18698
 TIMEUZ=  6502.500
==> UZ-restart no.   2 from 1973  9 21 18  0 (   6501.38 hrs), DT= 202.500 min.

 ERROR in UZ node 121 in (   10   20): -0.2071653     mm =   1.048938    %, timestep= 202.500 min.
==> UZ-restart no.   3 from 1973  9 21 18  0 (   6500.53 hrs), DT= 151.875 min.

 ERROR in UZ node 121 in (   23    9): -0.2161974     mm =   1.094670    %, timestep= 360.000 min.


PRINT OF RESULTS OF UZ COMPUTATIONS AT 1974  6 23  0  0   (  4035 STEPS,   13080.00000     HRS) ,  Time step length =   360.0000000     min.

Grid point (   23    9) , Ground level =   64.28 m , Overland water depth =   0.000 m
No.iter.=   18


Node  DEPTH     PSI    frac_THETA_mm     FLUX_mm/dt   S_mm       m/s_KON_mm/dt   CAP     THETAOLD   PSIOLD   ERROR_mm SOIL (no. & name)
 -------------------------------------------------------------------------------------------------------------------------------------
 122  0.025-0.728E+01  0.1089   5.445      -1.3774  0.223932 0.106E-09  0.0023 0.456E-02   5.294-0.792E+01 0.931E-07   1: JB-1
 121  0.075-0.506E+02  0.0581   2.906      -1.0031  0.004584 0.721E-12  0.0000 0.231E-03   2.141-0.136E+03-0.216E+00   1: JB-1
 120  0.125-0.146E+03  0.0419   2.620      -0.0169  0.002322 0.101E-12  0.0000 0.854E-04   2.605-0.148E+03 0.147E-03   1: JB-1
 119  0.200-0.152E+03  0.0414   3.620      -0.0002  0.001926 0.935E-13  0.0000 0.815E-04   3.621-0.152E+03-0.121E-04   1: JB-1
 118  0.300-0.139E+03  0.0425   4.254       0.0003  0.006228 0.116E-12  0.0000 0.923E-04   4.257-0.138E+03-0.317E-04   1: JB-1
 117  0.400-0.824E+02  0.0499   4.990       0.0031  0.026215 0.389E-12  0.0000 0.186E-03   5.001-0.818E+02-0.185E-03   1: JB-1
 116  0.500-0.340E+02  0.0660   6.599       0.0184  0.050388 0.313E-11  0.0001 0.613E-03   6.615-0.337E+02-0.294E-03   1: JB-1
 115  0.600-0.146E+02  0.0866   8.659       0.0535  0.060504 0.226E-10  0.0005 0.190E-02   8.670-0.146E+02-0.173E-03   1: JB-1
 114  0.700-0.743E+01  0.1082  14.871       0.1033  0.000000 0.112E-09  0.0024 0.473E-02  14.887-0.740E+01-0.216E-03   1: JB-1
 113  0.875-0.439E+01  0.1286  27.325       0.0881  0.000000 0.388E-09  0.0084 0.960E-02  27.345-0.439E+01-0.120E-03   1: JB-1
 112  1.125-0.298E+01  0.1462  36.540       0.0682  0.000000 0.968E-09  0.0209 0.161E-01  36.563-0.297E+01-0.596E-04   1: JB-1
 111  1.375-0.233E+01  0.1585  39.627       0.0455  0.000000 0.165E-08  0.0357 0.218E-01  39.647-0.232E+01-0.525E-03   1: JB-1
 110  1.625-0.194E+01  0.1684  42.088       0.0257  0.000000 0.253E-08  0.0548 0.277E-01  42.106-0.193E+01-0.458E-03   1: JB-1
 109  1.875-0.166E+01  0.1771  44.285       0.0082  0.000000 0.368E-08  0.0794 0.340E-01  44.302-0.165E+01-0.346E-03   1: JB-1
 108  2.125-0.143E+01  0.1859  46.470      -0.0079  0.000000 0.532E-08  0.1150 0.418E-01  46.485-0.142E+01-0.335E-04   1: JB-1
 107  2.375-0.122E+01  0.1956  48.899      -0.0224  0.000000 0.769E-08  0.1660 0.511E-01  48.911-0.121E+01-0.745E-05   1: JB-1
 106  2.625-0.101E+01  0.2075  51.886      -0.0348  0.000000 0.117E-07  0.2519 0.641E-01  51.897-0.101E+01-0.447E-04   1: JB-1
 105  2.875-0.792E+00  0.2236  55.895      -0.0459  0.000000 0.195E-07  0.4212 0.844E-01  55.907-0.791E+00-0.242E-03   1: JB-1
 104  3.125-0.564E+00  0.2472  61.804      -0.0584  0.000000 0.414E-07  0.8940 0.125E+00  61.816-0.563E+00-0.112E-03   1: JB-1
 103  3.375-0.323E+00  0.2869 144.740      -0.0702  0.000000 0.129E-06  2.7845 0.215E+00 144.730-0.323E+00-0.310E-02   1: JB-1
 102  3.750 0.515E-01  0.3949 119.069      -0.0574  0.000000 0.965E-05208.4926 0.142E+00 118.980 0.513E-01 0.000E+00   1: JB-1
                           qbou(mm/dt): -0.5735526E-01

Level of phreatic surface  HPSI0=    60.581  HSZ=    60.581  (depth=    3.6985m)  SYield=0.18698
 TIMEUZ= 13080.000
==> UZ-restart no.   1 from 1974  6 22 18  0 (  13078.50 hrs), DT= 270.000 min.

 ERROR in UZ node 121 in (   11   23): -0.2138138     mm =   1.082601    %, timestep= 120.000 min.


PRINT OF RESULTS OF UZ COMPUTATIONS AT 1974  9  4 10  0   (  4688 STEPS,   14842.00000     HRS) ,  Time step length =   120.0000000     min.

Grid point (   11   23) , Ground level =   40.00 m , Overland water depth =   0.000 m
No.iter.=   20


Node  DEPTH     PSI    frac_THETA_mm     FLUX_mm/dt   S_mm       m/s_KON_mm/dt   CAP     THETAOLD   PSIOLD   ERROR_mm SOIL (no. & name)
 -------------------------------------------------------------------------------------------------------------------------------------
 122  0.025-0.400E+01  0.1326   6.632      -1.2533  0.000000 0.432E-09  0.0031 0.101E-01   6.431-0.439E+01 0.466E-07   1: JB-1
 121  0.075-0.377E+02  0.0638   3.191      -1.0525  0.000000 0.142E-11  0.0000 0.341E-03   2.356-0.992E+02-0.214E+00   1: JB-1
 120  0.125-0.577E+02  0.0558   3.486      -0.0033  0.000000 0.900E-12  0.0000 0.300E-03   3.478-0.581E+02 0.386E-04   1: JB-1
 119  0.200-0.349E+02  0.0654   5.722       0.0042  0.000000 0.296E-11  0.0000 0.594E-03   5.719-0.350E+02 0.111E-04   1: JB-1
 118  0.300-0.198E+02  0.0785   7.848       0.0075  0.000000 0.109E-10  0.0001 0.125E-02   7.839-0.199E+02 0.217E-03   1: JB-1
 117  0.400-0.113E+02  0.0943   9.429       0.0161  0.000000 0.422E-10  0.0003 0.271E-02   9.422-0.113E+02 0.358E-04   1: JB-1
 116  0.500-0.724E+01  0.1091  10.906       0.0227  0.000000 0.118E-09  0.0009 0.488E-02  10.908-0.724E+01-0.477E-04   1: JB-1
 115  0.600-0.549E+01  0.1195  11.948       0.0205  0.000000 0.226E-09  0.0016 0.706E-02  11.952-0.548E+01-0.812E-04   1: JB-1
 114  0.700-0.459E+01  0.1267  17.427       0.0165  0.000000 0.348E-09  0.0025 0.903E-02  17.432-0.459E+01-0.389E-04   1: JB-1
 113  0.875-0.379E+01  0.1350  28.693       0.0114  0.000000 0.536E-09  0.0039 0.115E-01  28.698-0.379E+01-0.111E-03   1: JB-1
 112  1.125-0.320E+01  0.1427  35.679       0.0064  0.000000 0.781E-09  0.0056 0.143E-01  35.682-0.320E+01-0.857E-04   1: JB-1
 111  1.375-0.283E+01  0.1487  37.187       0.0034  0.000000 0.108E-08  0.0078 0.171E-01  37.189-0.282E+01-0.186E-04   1: JB-1
 110  1.625-0.254E+01  0.1541  38.522       0.0013  0.000000 0.141E-08  0.0101 0.199E-01  38.524-0.254E+01 0.000E+00   1: JB-1
 109  1.875-0.230E+01  0.1590  39.761      -0.0007  0.000000 0.174E-08  0.0126 0.224E-01  39.763-0.230E+01-0.186E-04   1: JB-1
 108  2.125-0.211E+01  0.1637  40.933      -0.0030  0.000000 0.216E-08  0.0156 0.253E-01  40.936-0.211E+01-0.373E-05   1: JB-1
 107  2.375-0.194E+01  0.1682  42.058      -0.0055  0.000000 0.253E-08  0.0183 0.277E-01  42.061-0.194E+01-0.596E-04   1: JB-1
 106  2.625-0.179E+01  0.1727  43.170      -0.0082  0.000000 0.314E-08  0.0226 0.311E-01  43.173-0.179E+01-0.112E-04   1: JB-1
 105  2.875-0.165E+01  0.1773  44.313      -0.0109  0.000000 0.368E-08  0.0265 0.340E-01  44.316-0.165E+01-0.671E-04   1: JB-1
 104  3.125-0.152E+01  0.1822  45.550      -0.0136  0.000000 0.454E-08  0.0327 0.383E-01  45.552-0.152E+01-0.186E-04   1: JB-1
 103  3.375-0.138E+01  0.1879  58.720      -0.0163  0.000000 0.561E-08  0.0404 0.430E-01  58.723-0.138E+01-0.559E-04   1: JB-1
 102  3.750-0.115E+01  0.1993  87.187      -0.0194  0.000000 0.853E-08  0.0614 0.541E-01  87.191-0.115E+01-0.782E-04   1: JB-1
 101  4.250-0.756E+00  0.2268 113.376      -0.0237  0.000000 0.216E-07  0.1554 0.891E-01 113.383-0.755E+00-0.142E-03   1: JB-1
 100  4.750-0.277E+00  0.2975 170.712      -0.0308  0.000000 0.176E-06  1.2653 0.246E+00 170.722-0.277E+00 0.309E-03   1: JB-1
  99  5.250 0.222E+00  0.3949 186.474      -0.0407  0.000000 0.965E-05 69.4975 0.142E+00 186.531 0.222E+00 0.000E+00   1: JB-1
                           qbou(mm/dt): -0.4068908E-01

Level of phreatic surface  HPSI0=    34.972  HSZ=    34.972  (depth=    5.0277m)  SYield=0.18698
 TIMEUZ= 14842.000
==> UZ-restart no.   1 from 1974  9  4  8  0 (  14841.50 hrs), DT=  90.000 min.

 ERROR in UZ node 121 in (   21    9): -0.2864685     mm =   1.450473    %, timestep=  54.095 min.


PRINT OF RESULTS OF UZ COMPUTATIONS AT 1974  9  5  0 54   (  4699 STEPS,   14856.90158     HRS) ,  Time step length =   54.09506216     min.

Grid point (   21    9) , Ground level =   63.77 m , Overland water depth =   0.000 m
No.iter.=   25


Node  DEPTH     PSI    frac_THETA_mm     FLUX_mm/dt   S_mm       m/s_KON_mm/dt   CAP     THETAOLD   PSIOLD   ERROR_mm SOIL (no. & name)
 -------------------------------------------------------------------------------------------------------------------------------------
 122  0.025-0.649E+01  0.1131   5.653      -1.8841  0.000000 0.201E-06  0.6531 0.830E-02   5.557-0.684E+01 0.815E-07   1: JB-1
 121  0.075-0.672E+01  0.1118   5.590      -1.7887  0.000000 0.780E-10  0.0003 0.344E-02   4.140-0.168E+02-0.286E+00   1: JB-1
 120  0.125-0.259E+02  0.0720   4.498      -0.0523  0.000000 0.565E-11  0.0000 0.860E-03   4.442-0.269E+02 0.728E-03   1: JB-1
 119  0.200-0.197E+02  0.0787   6.883       0.0023  0.000000 0.115E-10  0.0000 0.129E-02   6.883-0.197E+02 0.000E+00   1: JB-1
 118  0.300-0.153E+02  0.0853   8.533       0.0022  0.000000 0.203E-10  0.0001 0.179E-02   8.534-0.153E+02-0.142E-04   1: JB-1
 117  0.400-0.136E+02  0.0888   8.878       0.0013  0.000000 0.274E-10  0.0001 0.212E-02   8.878-0.136E+02-0.447E-05   1: JB-1
 116  0.500-0.126E+02  0.0909   9.086       0.0008  0.000000 0.322E-10  0.0001 0.233E-02   9.085-0.126E+02 0.000E+00   1: JB-1
 115  0.600-0.117E+02  0.0932   9.325       0.0010  0.000000 0.379E-10  0.0001 0.255E-02   9.324-0.117E+02 0.298E-04   1: JB-1
 114  0.700-0.102E+02  0.0975  13.413       0.0021  0.000000 0.524E-10  0.0002 0.307E-02  13.410-0.102E+02 0.707E-04   1: JB-1
 113  0.875-0.713E+01  0.1096  23.297       0.0047  0.000000 0.125E-09  0.0004 0.503E-02  23.293-0.713E+01 0.158E-04   1: JB-1
 112  1.125-0.430E+01  0.1295  32.381       0.0089  0.000000 0.409E-09  0.0013 0.989E-02  32.383-0.430E+01-0.745E-05   1: JB-1
 111  1.375-0.322E+01  0.1424  35.607       0.0064  0.000000 0.781E-09  0.0025 0.143E-01  35.610-0.322E+01-0.559E-04   1: JB-1
 110  1.625-0.269E+01  0.1513  37.813       0.0037  0.000000 0.120E-08  0.0039 0.182E-01  37.816-0.268E+01-0.410E-04   1: JB-1
 109  1.875-0.235E+01  0.1580  39.490       0.0015  0.000000 0.165E-08  0.0054 0.218E-01  39.491-0.235E+01-0.224E-04   1: JB-1
 108  2.125-0.212E+01  0.1635  40.864      -0.0004  0.000000 0.205E-08  0.0066 0.246E-01  40.866-0.212E+01-0.484E-04   1: JB-1
 107  2.375-0.194E+01  0.1682  42.053      -0.0021  0.000000 0.253E-08  0.0082 0.277E-01  42.054-0.194E+01-0.373E-04   1: JB-1
 106  2.625-0.180E+01  0.1725  43.136      -0.0038  0.000000 0.314E-08  0.0102 0.311E-01  43.138-0.179E+01-0.745E-05   1: JB-1
 105  2.875-0.167E+01  0.1767  44.178      -0.0054  0.000000 0.368E-08  0.0119 0.340E-01  44.179-0.167E+01-0.112E-04   1: JB-1
 104  3.125-0.155E+01  0.1810  45.238      -0.0068  0.000000 0.431E-08  0.0140 0.372E-01  45.239-0.155E+01-0.112E-04   1: JB-1
 103  3.375-0.143E+01  0.1856  58.000      -0.0081  0.000000 0.505E-08  0.0164 0.406E-01  58.001-0.143E+01-0.466E-04   1: JB-1
 102  3.750-0.124E+01  0.1945  85.075      -0.0097  0.000000 0.730E-08  0.0237 0.497E-01  85.077-0.124E+01-0.652E-05   1: JB-1
 101  4.250-0.900E+00  0.2149 107.460      -0.0118  0.000000 0.151E-07  0.0490 0.736E-01 107.463-0.900E+00 0.000E+00   1: JB-1
 100  4.750-0.458E+00  0.2621 211.929      -0.0148  0.000000 0.641E-07  0.2081 0.155E+00 211.932-0.458E+00 0.754E-03   1: JB-1
  99  5.250 0.416E-01  0.3949 115.163      -0.0183  0.000000 0.965E-05 31.3289 0.142E+00 115.199 0.417E-01 0.000E+00   1: JB-1
                           qbou(mm/dt): -0.1832196E-01

Level of phreatic surface  HPSI0=    58.558  HSZ=    58.558  (depth=    5.2084m)  SYield=0.18698
 TIMEUZ= 14856.902
==> UZ-restart no.   1 from 1974  9  5  0  0 (  14856.68 hrs), DT=  40.571 min.

 ERROR in UZ node 121 in (   19   26): -0.2200319     mm =   1.114085    %, timestep= 120.000 min.


PRINT OF RESULTS OF UZ COMPUTATIONS AT 1975  7 11  8  0   (  7426 STEPS,   22280.00000     HRS) ,  Time step length =   120.0000000     min.

Grid point (   19   26) , Ground level =   57.79 m , Overland water depth =   0.000 m
No.iter.=   25


Node  DEPTH     PSI    frac_THETA_mm     FLUX_mm/dt   S_mm       m/s_KON_mm/dt   CAP     THETAOLD   PSIOLD   ERROR_mm SOIL (no. & name)
 -------------------------------------------------------------------------------------------------------------------------------------
 122  0.025-0.478E+01  0.1250   6.251      -1.6052  0.000000 0.231E-09  0.0017 0.683E-02   5.571-0.679E+01-0.931E-07   1: JB-1
 121  0.075-0.602E+02  0.0550   2.752      -0.9246  0.000000 0.526E-12  0.0000 0.192E-03   2.051-0.156E+03-0.220E+00   1: JB-1
 120  0.125-0.146E+03  0.0419   2.616      -0.0039  0.000000 0.101E-12  0.0000 0.854E-04   2.612-0.147E+03 0.598E-04   1: JB-1
 119  0.200-0.114E+03  0.0452   3.952       0.0004  0.000000 0.178E-12  0.0000 0.118E-03   3.949-0.114E+03 0.717E-04   1: JB-1
 118  0.300-0.507E+02  0.0581   5.809       0.0031  0.000000 0.118E-11  0.0000 0.351E-03   5.796-0.511E+02 0.342E-03   1: JB-1
 117  0.400-0.188E+02  0.0799   7.986       0.0157  0.000000 0.125E-10  0.0001 0.135E-02   7.965-0.189E+02 0.301E-03   1: JB-1
 116  0.500-0.834E+01  0.1041  10.413       0.0364  0.000000 0.853E-10  0.0006 0.406E-02  10.416-0.833E+01-0.268E-04   1: JB-1
 115  0.600-0.537E+01  0.1204  12.039       0.0335  0.000000 0.238E-09  0.0017 0.728E-02  12.043-0.536E+01-0.834E-04   1: JB-1
 114  0.700-0.409E+01  0.1317  18.110       0.0295  0.000000 0.456E-09  0.0033 0.105E-01  18.116-0.408E+01-0.492E-04   1: JB-1
 113  0.875-0.305E+01  0.1450  30.809       0.0242  0.000000 0.917E-09  0.0066 0.156E-01  30.818-0.305E+01-0.317E-05   1: JB-1
 112  1.125-0.237E+01  0.1576  39.391       0.0160  0.000000 0.165E-08  0.0119 0.218E-01  39.400-0.237E+01 0.373E-05   1: JB-1
 111  1.375-0.200E+01  0.1665  41.625       0.0069  0.000000 0.240E-08  0.0173 0.268E-01  41.633-0.200E+01-0.671E-04   1: JB-1
 110  1.625-0.177E+01  0.1733  43.325      -0.0014  0.000000 0.314E-08  0.0226 0.311E-01  43.333-0.177E+01-0.179E-03   1: JB-1
 109  1.875-0.161E+01  0.1787  44.681      -0.0090  0.000000 0.388E-08  0.0279 0.350E-01  44.688-0.161E+01-0.186E-03   1: JB-1
 108  2.125-0.149E+01  0.1832  45.801      -0.0164  0.000000 0.479E-08  0.0345 0.394E-01  45.808-0.149E+01-0.149E-04   1: JB-1
 107  2.375-0.140E+01  0.1870  46.746      -0.0230  0.000000 0.532E-08  0.0383 0.418E-01  46.753-0.140E+01-0.175E-03   1: JB-1
 106  2.625-0.133E+01  0.1902  47.554      -0.0295  0.000000 0.623E-08  0.0449 0.456E-01  47.561-0.133E+01-0.335E-04   1: JB-1
 105  2.875-0.127E+01  0.1930  48.254      -0.0361  0.000000 0.692E-08  0.0498 0.483E-01  48.259-0.127E+01-0.261E-04   1: JB-1
 104  3.125-0.122E+01  0.1955  48.879      -0.0409  0.000000 0.730E-08  0.0525 0.497E-01  48.884-0.122E+01-0.149E-03   1: JB-1
 103  3.375-0.117E+01  0.1977  61.789      -0.0460  0.000000 0.810E-08  0.0583 0.526E-01  61.796-0.117E+01-0.116E-03   1: JB-1
 102  3.750-0.112E+01  0.2006  87.742      -0.0531  0.000000 0.899E-08  0.0647 0.557E-01  87.750-0.112E+01-0.782E-04   1: JB-1
 101  4.250-0.107E+01  0.2037 101.867      -0.0608  0.000000 0.998E-08  0.0718 0.589E-01 101.876-0.107E+01-0.156E-03   1: JB-1
 100  4.750-0.102E+01  0.2065 103.225      -0.0691  0.000000 0.111E-07  0.0797 0.623E-01 103.234-0.102E+01-0.104E-03   1: JB-1
  99  5.250-0.986E+00  0.2089 104.474      -0.0776  0.000000 0.123E-07  0.0884 0.659E-01 104.481-0.986E+00-0.149E-04   1: JB-1
  98  5.750-0.952E+00  0.2112 105.608      -0.0847  0.000000 0.129E-07  0.0931 0.678E-01 105.615-0.952E+00-0.149E-03   1: JB-1
  97  6.250-0.921E+00  0.2134 106.699      -0.0921  0.000000 0.143E-07  0.1032 0.716E-01 106.707-0.921E+00-0.149E-04   1: JB-1
  96  6.750-0.892E+00  0.2155 107.765      -0.0998  0.000000 0.151E-07  0.1087 0.736E-01 107.771-0.892E+00-0.596E-04   1: JB-1
  95  7.250-0.867E+00  0.2174 108.722      -0.1059  0.000000 0.159E-07  0.1144 0.757E-01 108.729-0.867E+00-0.142E-03   1: JB-1
  94  7.750-0.841E+00  0.2194 109.719      -0.1130  0.000000 0.172E-07  0.1236 0.789E-01 109.729-0.841E+00-0.127E-03   1: JB-1
  93  8.250-0.817E+00  0.2214 110.695      -0.1223  0.000000 0.185E-07  0.1334 0.821E-01 110.704-0.817E+00-0.522E-04   1: JB-1
  92  8.750-0.797E+00  0.2231 139.435      -0.1313  0.000000 0.195E-07  0.1404 0.844E-01 139.445-0.797E+00-0.745E-04   1: JB-1
  91  9.500-0.765E+00  0.2259 197.667      -0.1416  0.000000 0.216E-07  0.1554 0.891E-01 197.683-0.765E+00-0.522E-04   1: JB-1
  90 10.500-0.727E+00  0.2294 229.434      -0.1574  0.000000 0.239E-07  0.1720 0.939E-01 229.447-0.727E+00-0.104E-03   1: JB-1
  89 11.500-0.737E+00  0.2284 228.417      -0.1696  0.000000 0.227E-07  0.1635 0.915E-01 228.407-0.738E+00 0.194E-03   1: JB-1
  88 12.500-0.837E+00  0.2198 219.786      -0.1596  0.000000 0.176E-07  0.1268 0.799E-01 219.750-0.838E+00 0.179E-03   1: JB-1
  87 13.500-0.983E+00  0.2091 209.147      -0.1233  0.000000 0.123E-07  0.0884 0.659E-01 209.110-0.983E+00 0.209E-03   1: JB-1
  86 14.500-0.107E+01  0.2036 203.588      -0.0872  0.000000 0.998E-08  0.0718 0.589E-01 203.572-0.107E+01 0.283E-03   1: JB-1
  85 15.500-0.109E+01  0.2024 202.377      -0.0715  0.000000 0.947E-08  0.0682 0.573E-01 202.375-0.109E+01 0.298E-04   1: JB-1
  84 16.500-0.108E+01  0.2030 202.963      -0.0693  0.000000 0.998E-08  0.0718 0.589E-01 202.965-0.108E+01-0.149E-04   1: JB-1
  83 17.500-0.107E+01  0.2036 203.626      -0.0710  0.000000 0.998E-08  0.0718 0.589E-01 203.627-0.107E+01-0.298E-04   1: JB-1
  82 18.500-0.107E+01  0.2035 203.488      -0.0720  0.000000 0.998E-08  0.0718 0.589E-01 203.488-0.107E+01 0.298E-04   1: JB-1
  81 19.500-0.108E+01  0.2033 203.269      -0.0721  0.000000 0.998E-08  0.0718 0.589E-01 203.268-0.108E+01 0.596E-04   1: JB-1
  80 20.500-0.111E+01  0.2011 201.065      -0.0709  0.000000 0.899E-08  0.0647 0.557E-01 201.062-0.111E+01 0.745E-04   1: JB-1
  79 21.500-0.853E+00  0.2185 354.632      -0.0684  0.000000 0.167E-07  0.1204 0.778E-01 354.721-0.852E+00 0.202E-01   1: JB-1
  78 22.500 0.142E+00  0.3949 253.395      -0.1781  0.000000 0.965E-05 69.4975 0.142E+00 253.395 0.142E+00 0.000E+00   1: JB-1
                           qbou(mm/dt): -0.1780594    

Level of phreatic surface  HPSI0=    35.436  HSZ=    35.443  (depth=   22.3517m)  SYield=0.18698
 TIMEUZ= 22280.000
==> UZ-restart no.   1 from 1975  7 11  6  0 (  22279.50 hrs), DT=  90.000 min.

 ERROR in UZ node 121 in (   19   24): -0.2298003     mm =   1.163546    %, timestep=  90.000 min.


PRINT OF RESULTS OF UZ COMPUTATIONS AT 1975  7 11  7 30   (  7426 STEPS,   22279.50000     HRS) ,  Time step length =   90.00002146     min.

Grid point (   19   24) , Ground level =   56.12 m , Overland water depth =   0.000 m
No.iter.=   19


Node  DEPTH     PSI    frac_THETA_mm     FLUX_mm/dt   S_mm       m/s_KON_mm/dt   CAP     THETAOLD   PSIOLD   ERROR_mm SOIL (no. & name)
 -------------------------------------------------------------------------------------------------------------------------------------
 122  0.025-0.412E+01  0.1314   6.568      -1.1701  0.000000 0.405E-09  0.0022 0.978E-02   6.414-0.443E+01 0.407E-06   1: JB-1
 121  0.075-0.504E+02  0.0582   2.910      -1.0160  0.000000 0.723E-12  0.0000 0.230E-03   2.126-0.139E+03-0.230E+00   1: JB-1
 120  0.125-0.930E+02  0.0481   3.004      -0.0023  0.000000 0.289E-12  0.0000 0.156E-03   3.000-0.934E+02 0.743E-04   1: JB-1
 119  0.200-0.581E+02  0.0557   4.870       0.0015  0.000000 0.900E-12  0.0000 0.300E-03   4.869-0.582E+02 0.228E-05   1: JB-1
 118  0.300-0.325E+02  0.0670   6.695       0.0030  0.000000 0.349E-11  0.0000 0.652E-03   6.692-0.325E+02 0.231E-04   1: JB-1
 117  0.400-0.185E+02  0.0803   8.029       0.0061  0.000000 0.128E-10  0.0001 0.137E-02   8.024-0.185E+02 0.124E-03   1: JB-1
 116  0.500-0.112E+02  0.0946   9.462       0.0107  0.000000 0.422E-10  0.0002 0.271E-02   9.456-0.112E+02 0.141E-03   1: JB-1
 115  0.600-0.723E+01  0.1091  10.910       0.0166  0.000000 0.118E-09  0.0006 0.488E-02  10.904-0.725E+01 0.121E-03   1: JB-1
 114  0.700-0.498E+01  0.1234  16.963       0.0231  0.000000 0.280E-09  0.0015 0.798E-02  16.954-0.499E+01 0.209E-03   1: JB-1
 113  0.875-0.306E+01  0.1449  30.802       0.0317  0.000000 0.893E-09  0.0048 0.154E-01  30.815-0.305E+01-0.199E-03   1: JB-1
 112  1.125-0.219E+01  0.1616  40.406       0.0188  0.000000 0.194E-08  0.0105 0.238E-01  40.419-0.219E+01-0.115E-03   1: JB-1
 111  1.375-0.182E+01  0.1717  42.913       0.0064  0.000000 0.297E-08  0.0161 0.302E-01  42.923-0.182E+01-0.894E-04   1: JB-1
 110  1.625-0.162E+01  0.1785  44.615      -0.0032  0.000000 0.388E-08  0.0209 0.350E-01  44.623-0.162E+01-0.160E-03   1: JB-1
 109  1.875-0.148E+01  0.1835  45.877      -0.0109  0.000000 0.479E-08  0.0259 0.394E-01  45.884-0.148E+01-0.559E-04   1: JB-1
 108  2.125-0.139E+01  0.1875  46.881      -0.0172  0.000000 0.561E-08  0.0303 0.430E-01  46.886-0.139E+01-0.335E-04   1: JB-1
 107  2.375-0.131E+01  0.1909  47.713      -0.0225  0.000000 0.623E-08  0.0337 0.456E-01  47.717-0.131E+01-0.969E-04   1: JB-1
 106  2.625-0.125E+01  0.1937  48.423      -0.0271  0.000000 0.692E-08  0.0374 0.483E-01  48.428-0.125E+01-0.969E-04   1: JB-1
 105  2.875-0.120E+01  0.1962  49.043      -0.0317  0.000000 0.769E-08  0.0415 0.511E-01  49.047-0.120E+01-0.410E-04   1: JB-1
 104  3.125-0.116E+01  0.1984  49.596      -0.0355  0.000000 0.810E-08  0.0437 0.526E-01  49.600-0.116E+01-0.119E-03   1: JB-1
 103  3.375-0.113E+01  0.2003  62.607      -0.0396  0.000000 0.899E-08  0.0486 0.557E-01  62.613-0.113E+01-0.419E-04   1: JB-1
 102  3.750-0.108E+01  0.2029  88.760      -0.0452  0.000000 0.998E-08  0.0539 0.589E-01  88.766-0.108E+01 0.652E-05   1: JB-1
 101  4.250-0.103E+01  0.2058 102.898      -0.0514  0.000000 0.111E-07  0.0598 0.623E-01 102.903-0.103E+01 0.745E-05   1: JB-1
 100  4.750-0.997E+00  0.2082 104.095      -0.0568  0.000000 0.117E-07  0.0630 0.641E-01 104.101-0.997E+00-0.104E-03   1: JB-1
  99  5.250-0.965E+00  0.2103 105.172      -0.0621  0.000000 0.129E-07  0.0698 0.678E-01 105.177-0.965E+00 0.000E+00   1: JB-1
  98  5.750-0.935E+00  0.2124 106.204      -0.0674  0.000000 0.136E-07  0.0735 0.697E-01 106.209-0.935E+00-0.373E-04   1: JB-1
  97  6.250-0.909E+00  0.2143 107.132      -0.0716  0.000000 0.143E-07  0.0774 0.716E-01 107.136-0.909E+00-0.671E-04   1: JB-1
  96  6.750-0.884E+00  0.2161 108.060      -0.0755  0.000000 0.151E-07  0.0815 0.736E-01 108.067-0.884E+00-0.149E-03   1: JB-1
  95  7.250-0.859E+00  0.2180 109.022      -0.0816  0.000000 0.167E-07  0.0903 0.778E-01 109.029-0.859E+00-0.149E-04   1: JB-1
  94  7.750-0.836E+00  0.2199 109.955      -0.0883  0.000000 0.176E-07  0.0951 0.799E-01 109.960-0.835E+00-0.298E-04   1: JB-1
  93  8.250-0.814E+00  0.2217 110.830      -0.0934  0.000000 0.185E-07  0.1001 0.821E-01 110.835-0.814E+00-0.596E-04   1: JB-1
  92  8.750-0.795E+00  0.2233 139.572      -0.0986  0.000000 0.195E-07  0.1053 0.844E-01 139.580-0.794E+00-0.745E-04   1: JB-1
  91  9.500-0.763E+00  0.2261 197.838      -0.1062  0.000000 0.216E-07  0.1166 0.891E-01 197.848-0.763E+00-0.652E-04   1: JB-1
  90 10.500-0.734E+00  0.2288 228.764      -0.1161  0.000000 0.227E-07  0.1226 0.915E-01 228.770-0.734E+00-0.134E-03   1: JB-1
  89 11.500-0.772E+00  0.2253 225.323      -0.1211  0.000000 0.205E-07  0.1108 0.867E-01 225.310-0.772E+00 0.268E-03   1: JB-1
  88 12.500-0.900E+00  0.2150 214.969      -0.1085  0.000000 0.151E-07  0.0815 0.736E-01 214.939-0.900E+00 0.447E-04   1: JB-1
  87 13.500-0.104E+01  0.2057 205.691      -0.0786  0.000000 0.105E-07  0.0568 0.606E-01 205.669-0.104E+01 0.581E-03   1: JB-1
  86 14.500-0.111E+01  0.2016 201.600      -0.0576  0.000000 0.947E-08  0.0512 0.573E-01 201.594-0.111E+01 0.298E-04   1: JB-1
  85 15.500-0.119E+01  0.1971 197.059      -0.0514  0.000000 0.810E-08  0.0437 0.526E-01 197.058-0.119E+01 0.149E-04   1: JB-1
  84 16.500-0.325E+00  0.2865 254.615      -0.0508  0.000000 0.129E-06  0.6961 0.215E+00 254.615-0.325E+00-0.716E-05   1: JB-1
  83 17.500 0.673E+00  0.3950 463.393      -0.0510  0.000000 0.965E-05 52.1232 0.142E+00 463.423 0.673E+00 0.000E+00   1: JB-1
                           qbou(mm/dt): -0.5102095E-01

Level of phreatic surface  HPSI0=    39.298  HSZ=    39.298  (depth=   16.8267m)  SYield=0.18698
 TIMEUZ= 22279.500
==> UZ-restart no.   2 from 1975  7 11  6  0 (  22279.13 hrs), DT=  67.500 min.

 ERROR in UZ node 121 in (   10   20): -0.2581039     mm =   1.306855    %, timestep= 240.000 min.


PRINT OF RESULTS OF UZ COMPUTATIONS AT 1975  8 16 16  0   (  7700 STEPS,   23152.00000     HRS) ,  Time step length =   240.0000000     min.

Grid point (   10   20) , Ground level =   42.98 m , Overland water depth =   0.000 m
No.iter.=   18


Node  DEPTH     PSI    frac_THETA_mm     FLUX_mm/dt   S_mm       m/s_KON_mm/dt   CAP     THETAOLD   PSIOLD   ERROR_mm SOIL (no. & name)
 -------------------------------------------------------------------------------------------------------------------------------------
 122  0.025-0.570E+01  0.1180   5.899      -1.3868  0.093420 0.181E-09  0.0026 0.614E-02   5.685-0.638E+01-0.291E-07   1: JB-1
 121  0.075-0.469E+02  0.0595   2.977      -1.0788  0.002972 0.887E-12  0.0000 0.258E-03   2.171-0.130E+03-0.258E+00   1: JB-1
 120  0.125-0.122E+03  0.0442   2.761      -0.0113  0.004267 0.152E-12  0.0000 0.108E-03   2.753-0.124E+03 0.101E-03   1: JB-1
 119  0.200-0.111E+03  0.0455   3.981       0.0004  0.007814 0.193E-12  0.0000 0.124E-03   3.989-0.110E+03-0.127E-03   1: JB-1
 118  0.300-0.960E+02  0.0476   4.760       0.0005  0.010977 0.274E-12  0.0000 0.152E-03   4.769-0.954E+02-0.875E-04   1: JB-1
 117  0.400-0.603E+02  0.0550   5.501       0.0028  0.017079 0.808E-12  0.0000 0.282E-03   5.511-0.600E+02-0.214E-03   1: JB-1
 116  0.500-0.317E+02  0.0675   6.745       0.0092  0.021553 0.368E-11  0.0001 0.673E-03   6.754-0.316E+02-0.118E-03   1: JB-1
 115  0.600-0.166E+02  0.0832   8.315       0.0222  0.022296 0.168E-10  0.0002 0.160E-02   8.318-0.166E+02-0.611E-04   1: JB-1
 114  0.700-0.944E+01  0.1000  13.746       0.0415  0.028095 0.651E-10  0.0009 0.348E-02  13.746-0.944E+01-0.102E-05   1: JB-1
 113  0.875-0.476E+01  0.1252  26.607       0.0699  0.036083 0.312E-09  0.0045 0.849E-02  26.606-0.476E+01 0.348E-04   1: JB-1
 112  1.125-0.244E+01  0.1561  39.022       0.1074  0.000000 0.149E-08  0.0214 0.205E-01  39.041-0.244E+01-0.466E-03   1: JB-1
 111  1.375-0.161E+01  0.1787  44.672       0.0893  0.000000 0.388E-08  0.0558 0.350E-01  44.689-0.161E+01-0.402E-03   1: JB-1
 110  1.625-0.116E+01  0.1987  49.687       0.0735  0.000000 0.853E-08  0.1229 0.541E-01  49.703-0.115E+01-0.782E-04   1: JB-1
 109  1.875-0.829E+00  0.2204  55.102       0.0576  0.000000 0.176E-07  0.2535 0.799E-01  55.121-0.829E+00-0.354E-03   1: JB-1
 108  2.125-0.557E+00  0.2481  62.023       0.0392  0.000000 0.424E-07  0.6111 0.126E+00  62.059-0.556E+00-0.421E-03   1: JB-1
 107  2.375-0.306E+00  0.2907  72.669       0.0035  0.000000 0.144E-06  2.0767 0.226E+00  72.708-0.305E+00-0.343E-03   1: JB-1
 106  2.625-0.568E-01  0.3738  68.612      -0.0352  0.000000 0.176E-05 25.3689 0.439E+00  68.621-0.567E-01-0.208E-04   1: JB-1
 105  2.875 0.193E+00  0.3949 125.615      -0.0449  0.000000 0.965E-05138.9951 0.142E+00 125.698 0.193E+00 0.000E+00   1: JB-1
                           qbou(mm/dt): -0.4487451E-01

Level of phreatic surface  HPSI0=    40.296  HSZ=    40.296  (depth=    2.6817m)  SYield=0.18698
 TIMEUZ= 23152.000
==> UZ-restart no.   1 from 1975  8 16 12  0 (  23151.00 hrs), DT= 180.000 min.

Storing hotstart data at 1975 12 22  0  0 (   26208.00     hrs)



 NORMAL COMPLETION OF MShe_WaterMovement RUN


Simulation ended after    26448.00     hrs ,                8870 time steps.
 

No. of UZ time steps             :      8870
Average time step length         :   2.982   hrs
No. of cumputational columns     :        57
Total no. of iterations          :   1255740
- Average / column / step        :      2.48
- Max. iter exceeded in          :         2   steps
Restart with reduced time step in:        11   steps
- Total no. time step reductions :        15
- Average / restart-step         :      1.36

 WARNING: Evaporation from ponded water on ground surface has been reduced
          in UZ class(es) with less ponded water in transfer point(s)
          than in the corresponding computational point(s).
          Total apriori :  0.7397434     [ catchment mm ]
          Total used    :  0.7299956     [ - - ]  ( 98.68 % of apriori ).
          Please check the applied UZ classification.


 Table of UZ cells where ponding evaporation has been reduced more than 1.00 %,
 sorted after reduction normalised with catchment area,
 i.e. Cell reduction X no. of cells with actual UZ code / no. of catchment cells(   438):

 UZ code    Comp.point  Apriori[cell-mm] Used[cell-mm]  Red.[cell-mm]  No.cells ==> Red.[Catch-mm]
    -24  (    13    26)  0.5541953      0.1987755      0.3554198             9  0.7303147E-02
    -31  (    16    21)   1.218582       1.187085      0.3149744E-01        14  0.1006768E-02
    -44  (    20    11)   4.788559       4.680679      0.1078798             4  0.9852034E-03

No. of Overland time steps       :      9221
Average time step length         :   2.86824   hrs. = 172.09413   min. =   10325.65       sec.
Total no. of iterations          :     10349
- Average / step                 :      1.12
- Max. iter exceeded in          : 0 steps.

 INFO   : MIKE 11 coupling terminated normally.
          Total no. of constant MIKE 11 time steps:    13224
          Total MIKE 11 simulation time:   26448.00      hrs

 Calling MIKE 11 with request to terminate normally after   26448.00     hrs of simulation...

 ==> MSHETOM11_NORMALEND ...
 Ok

No. of SZ time steps             :      4435
Average time step length         :   5.963   hrs.
Total no. of iterations          :      9075
- Average / step                 :      2.05
- Max. iter exceeded in          :         0   steps.

ELAPSED TIME USAGE
==================
Function                                Elapsed seconds
-------------------------------------------------------
 Initialization phase                       3.760000    
 Simulation phase (includes others below)   55.61700    
 SZ                                         2.045000    
 UZ + ET                                    10.29600    
 Overland                                  0.6310000    
 River                                      31.05400    
 Met. input                                 6.063000    
 Veg. input                                0.2660000    
 Grid series output                        0.4220000    
 Detailed TS output                        0.5250000    

Normal termination.
